<?xml version="1.0" encoding="UTF-8"?>
<coverage generated="1746549183524" clover="3.2.0">
  <project timestamp="1746549183524" name="All files">
    <metrics statements="102" coveredstatements="99" conditionals="57" coveredconditionals="39" methods="19" coveredmethods="19" elements="178" coveredelements="157" complexity="0" loc="102" ncloc="102" packages="1" files="1" classes="1"/>
    <file name="exportUtils.js" path="/Users/benomarlaamiri/Documents/MarketPulse AI/frontend/src/utils/exportUtils.js">
      <metrics statements="102" coveredstatements="99" conditionals="57" coveredconditionals="39" methods="19" coveredmethods="19"/>
      <line num="23" count="1" type="cond" truecount="1" falsecount="0"/>
      <line num="29" count="6" type="stmt"/>
      <line num="31" count="6" type="stmt"/>
      <line num="38" count="6" type="stmt"/>
      <line num="50" count="1" type="cond" truecount="0" falsecount="1"/>
      <line num="55" count="1" type="stmt"/>
      <line num="58" count="1" type="stmt"/>
      <line num="59" count="1" type="stmt"/>
      <line num="60" count="1" type="stmt"/>
      <line num="63" count="1" type="cond" truecount="1" falsecount="1"/>
      <line num="64" count="1" type="stmt"/>
      <line num="65" count="1" type="stmt"/>
      <line num="66" count="1" type="stmt"/>
      <line num="70" count="1" type="cond" truecount="1" falsecount="1"/>
      <line num="71" count="1" type="stmt"/>
      <line num="72" count="1" type="stmt"/>
      <line num="73" count="1" type="stmt"/>
      <line num="77" count="1" type="cond" truecount="1" falsecount="1"/>
      <line num="78" count="1" type="stmt"/>
      <line num="79" count="1" type="stmt"/>
      <line num="80" count="1" type="stmt"/>
      <line num="84" count="1" type="stmt"/>
      <line num="85" count="1" type="stmt"/>
      <line num="88" count="1" type="stmt"/>
      <line num="89" count="1" type="stmt"/>
      <line num="97" count="1" type="stmt"/>
      <line num="99" count="1" type="cond" truecount="1" falsecount="1"/>
      <line num="102" count="1" type="stmt"/>
      <line num="103" count="1" type="stmt"/>
      <line num="104" count="1" type="stmt"/>
      <line num="107" count="1" type="stmt"/>
      <line num="108" count="1" type="stmt"/>
      <line num="120" count="1" type="cond" truecount="1" falsecount="0"/>
      <line num="125" count="1" type="stmt"/>
      <line num="128" count="1" type="cond" truecount="1" falsecount="1"/>
      <line num="131" count="1" type="stmt"/>
      <line num="159" count="1" type="cond" truecount="1" falsecount="0"/>
      <line num="163" count="1" type="stmt"/>
      <line num="166" count="1" type="cond" truecount="1" falsecount="1"/>
      <line num="169" count="1" type="stmt"/>
      <line num="179" count="1" type="stmt"/>
      <line num="189" count="1" type="stmt"/>
      <line num="190" count="3" type="stmt"/>
      <line num="199" count="1" type="stmt"/>
      <line num="200" count="1" type="stmt"/>
      <line num="201" count="1" type="stmt"/>
      <line num="209" count="1" type="stmt"/>
      <line num="210" count="1" type="stmt"/>
      <line num="221" count="1" type="stmt"/>
      <line num="222" count="1" type="stmt"/>
      <line num="224" count="1" type="cond" truecount="4" falsecount="1"/>
      <line num="225" count="1" type="stmt"/>
      <line num="226" count="1" type="stmt"/>
      <line num="227" count="1" type="stmt"/>
      <line num="230" count="0" type="stmt"/>
      <line num="238" count="1" type="stmt"/>
      <line num="239" count="2" type="cond" truecount="1" falsecount="1"/>
      <line num="242" count="2" type="cond" truecount="2" falsecount="0"/>
      <line num="243" count="1" type="stmt"/>
      <line num="244" count="3" type="stmt"/>
      <line num="245" count="1" type="stmt"/>
      <line num="249" count="1" type="cond" truecount="1" falsecount="1"/>
      <line num="250" count="1" type="cond" truecount="1" falsecount="1"/>
      <line num="251" count="1" type="stmt"/>
      <line num="252" count="3" type="stmt"/>
      <line num="254" count="6" type="stmt"/>
      <line num="257" count="1" type="stmt"/>
      <line num="260" count="0" type="stmt"/>
      <line num="268" count="1" type="stmt"/>
      <line num="269" count="1" type="cond" truecount="3" falsecount="1"/>
      <line num="270" count="0" type="stmt"/>
      <line num="279" count="1" type="stmt"/>
      <line num="281" count="1" type="stmt"/>
      <line num="283" count="1" type="stmt"/>
      <line num="284" count="1" type="stmt"/>
      <line num="285" count="1" type="stmt"/>
      <line num="286" count="1" type="stmt"/>
      <line num="289" count="1" type="cond" truecount="1" falsecount="1"/>
      <line num="290" count="1" type="stmt"/>
      <line num="291" count="1" type="stmt"/>
      <line num="292" count="2" type="stmt"/>
      <line num="295" count="1" type="stmt"/>
      <line num="296" count="3" type="stmt"/>
      <line num="297" count="3" type="stmt"/>
      <line num="299" count="1" type="stmt"/>
      <line num="303" count="1" type="cond" truecount="3" falsecount="1"/>
      <line num="304" count="1" type="stmt"/>
      <line num="305" count="1" type="stmt"/>
      <line num="306" count="1" type="stmt"/>
      <line num="308" count="1" type="stmt"/>
      <line num="312" count="1" type="cond" truecount="3" falsecount="1"/>
      <line num="313" count="1" type="stmt"/>
      <line num="314" count="1" type="stmt"/>
      <line num="315" count="1" type="stmt"/>
      <line num="317" count="1" type="stmt"/>
      <line num="321" count="1" type="cond" truecount="3" falsecount="1"/>
      <line num="322" count="1" type="stmt"/>
      <line num="323" count="2" type="stmt"/>
      <line num="324" count="1" type="stmt"/>
      <line num="326" count="1" type="stmt"/>
      <line num="329" count="1" type="stmt"/>
      <line num="331" count="1" type="stmt"/>
    </file>
  </project>
</coverage>
