{"/Users/benomarlaamiri/Documents/MarketPulse AI/frontend/src/utils/exportUtils.js": {"path":"/Users/benomarlaamiri/Documents/MarketPulse AI/frontend/src/utils/exportUtils.js","statementMap":{"0":{"start":{"line":23,"column":33},"end":{"line":39,"column":1}},"1":{"start":{"line":29,"column":6},"end":{"line":29,"column":13}},"2":{"start":{"line":31,"column":14},"end":{"line":36,"column":4}},"3":{"start":{"line":38,"column":2},"end":{"line":38,"column":13}},"4":{"start":{"line":50,"column":28},"end":{"line":90,"column":1}},"5":{"start":{"line":55,"column":6},"end":{"line":55,"column":13}},"6":{"start":{"line":58,"column":2},"end":{"line":58,"column":22}},"7":{"start":{"line":59,"column":2},"end":{"line":59,"column":35}},"8":{"start":{"line":60,"column":2},"end":{"line":60,"column":26}},"9":{"start":{"line":63,"column":2},"end":{"line":67,"column":3}},"10":{"start":{"line":64,"column":4},"end":{"line":64,"column":24}},"11":{"start":{"line":65,"column":4},"end":{"line":65,"column":39}},"12":{"start":{"line":66,"column":4},"end":{"line":66,"column":31}},"13":{"start":{"line":70,"column":2},"end":{"line":74,"column":3}},"14":{"start":{"line":71,"column":4},"end":{"line":71,"column":24}},"15":{"start":{"line":72,"column":4},"end":{"line":72,"column":39}},"16":{"start":{"line":73,"column":4},"end":{"line":73,"column":39}},"17":{"start":{"line":77,"column":2},"end":{"line":81,"column":3}},"18":{"start":{"line":78,"column":4},"end":{"line":78,"column":24}},"19":{"start":{"line":79,"column":4},"end":{"line":79,"column":39}},"20":{"start":{"line":80,"column":4},"end":{"line":80,"column":46}},"21":{"start":{"line":84,"column":2},"end":{"line":84,"column":34}},"22":{"start":{"line":85,"column":2},"end":{"line":85,"column":62}},"23":{"start":{"line":88,"column":2},"end":{"line":88,"column":22}},"24":{"start":{"line":89,"column":2},"end":{"line":89,"column":37}},"25":{"start":{"line":97,"column":29},"end":{"line":109,"column":1}},"26":{"start":{"line":99,"column":12},"end":{"line":99,"column":67}},"27":{"start":{"line":102,"column":2},"end":{"line":102,"column":22}},"28":{"start":{"line":103,"column":2},"end":{"line":103,"column":35}},"29":{"start":{"line":104,"column":2},"end":{"line":104,"column":25}},"30":{"start":{"line":107,"column":2},"end":{"line":107,"column":22}},"31":{"start":{"line":108,"column":2},"end":{"line":108,"column":37}},"32":{"start":{"line":120,"column":27},"end":{"line":149,"column":1}},"33":{"start":{"line":125,"column":6},"end":{"line":125,"column":13}},"34":{"start":{"line":128,"column":17},"end":{"line":128,"column":72}},"35":{"start":{"line":131,"column":2},"end":{"line":148,"column":5}},"36":{"start":{"line":159,"column":27},"end":{"line":183,"column":1}},"37":{"start":{"line":163,"column":6},"end":{"line":163,"column":13}},"38":{"start":{"line":166,"column":17},"end":{"line":166,"column":72}},"39":{"start":{"line":169,"column":2},"end":{"line":176,"column":4}},"40":{"start":{"line":179,"column":2},"end":{"line":182,"column":4}},"41":{"start":{"line":189,"column":35},"end":{"line":191,"column":1}},"42":{"start":{"line":190,"column":2},"end":{"line":190,"column":31}},"43":{"start":{"line":199,"column":33},"end":{"line":202,"column":1}},"44":{"start":{"line":200,"column":20},"end":{"line":200,"column":49}},"45":{"start":{"line":201,"column":2},"end":{"line":201,"column":58}},"46":{"start":{"line":209,"column":35},"end":{"line":211,"column":1}},"47":{"start":{"line":210,"column":2},"end":{"line":210,"column":37}},"48":{"start":{"line":221,"column":32},"end":{"line":231,"column":1}},"49":{"start":{"line":222,"column":22},"end":{"line":222,"column":68}},"50":{"start":{"line":224,"column":2},"end":{"line":228,"column":3}},"51":{"start":{"line":225,"column":22},"end":{"line":225,"column":73}},"52":{"start":{"line":226,"column":20},"end":{"line":226,"column":69}},"53":{"start":{"line":227,"column":4},"end":{"line":227,"column":67}},"54":{"start":{"line":230,"column":2},"end":{"line":230,"column":41}},"55":{"start":{"line":238,"column":39},"end":{"line":261,"column":1}},"56":{"start":{"line":239,"column":2},"end":{"line":239,"column":28}},"57":{"start":{"line":239,"column":18},"end":{"line":239,"column":28}},"58":{"start":{"line":242,"column":2},"end":{"line":246,"column":3}},"59":{"start":{"line":243,"column":20},"end":{"line":243,"column":38}},"60":{"start":{"line":244,"column":17},"end":{"line":244,"column":63}},"61":{"start":{"line":244,"column":39},"end":{"line":244,"column":62}},"62":{"start":{"line":245,"column":4},"end":{"line":245,"column":30}},"63":{"start":{"line":249,"column":2},"end":{"line":258,"column":3}},"64":{"start":{"line":250,"column":20},"end":{"line":250,"column":72}},"65":{"start":{"line":251,"column":17},"end":{"line":256,"column":6}},"66":{"start":{"line":252,"column":6},"end":{"line":255,"column":8}},"67":{"start":{"line":254,"column":56},"end":{"line":254,"column":68}},"68":{"start":{"line":257,"column":4},"end":{"line":257,"column":30}},"69":{"start":{"line":260,"column":2},"end":{"line":260,"column":12}},"70":{"start":{"line":268,"column":35},"end":{"line":332,"column":1}},"71":{"start":{"line":269,"column":2},"end":{"line":271,"column":3}},"72":{"start":{"line":270,"column":4},"end":{"line":270,"column":54}},"73":{"start":{"line":279,"column":6},"end":{"line":279,"column":21}},"74":{"start":{"line":281,"column":16},"end":{"line":281,"column":48}},"75":{"start":{"line":283,"column":2},"end":{"line":283,"column":115}},"76":{"start":{"line":284,"column":2},"end":{"line":284,"column":122}},"77":{"start":{"line":285,"column":2},"end":{"line":285,"column":82}},"78":{"start":{"line":286,"column":2},"end":{"line":286,"column":125}},"79":{"start":{"line":289,"column":2},"end":{"line":300,"column":3}},"80":{"start":{"line":290,"column":4},"end":{"line":290,"column":41}},"81":{"start":{"line":291,"column":29},"end":{"line":293,"column":18}},"82":{"start":{"line":292,"column":22},"end":{"line":292,"column":33}},"83":{"start":{"line":295,"column":4},"end":{"line":298,"column":7}},"84":{"start":{"line":296,"column":25},"end":{"line":296,"column":69}},"85":{"start":{"line":297,"column":6},"end":{"line":297,"column":58}},"86":{"start":{"line":299,"column":4},"end":{"line":299,"column":20}},"87":{"start":{"line":303,"column":2},"end":{"line":309,"column":3}},"88":{"start":{"line":304,"column":4},"end":{"line":304,"column":47}},"89":{"start":{"line":305,"column":4},"end":{"line":307,"column":7}},"90":{"start":{"line":306,"column":6},"end":{"line":306,"column":105}},"91":{"start":{"line":308,"column":4},"end":{"line":308,"column":20}},"92":{"start":{"line":312,"column":2},"end":{"line":318,"column":3}},"93":{"start":{"line":313,"column":4},"end":{"line":313,"column":49}},"94":{"start":{"line":314,"column":4},"end":{"line":316,"column":7}},"95":{"start":{"line":315,"column":6},"end":{"line":315,"column":106}},"96":{"start":{"line":317,"column":4},"end":{"line":317,"column":20}},"97":{"start":{"line":321,"column":2},"end":{"line":327,"column":3}},"98":{"start":{"line":322,"column":22},"end":{"line":322,"column":54}},"99":{"start":{"line":323,"column":23},"end":{"line":323,"column":91}},"100":{"start":{"line":323,"column":71},"end":{"line":323,"column":87}},"101":{"start":{"line":324,"column":26},"end":{"line":324,"column":48}},"102":{"start":{"line":326,"column":4},"end":{"line":326,"column":87}},"103":{"start":{"line":329,"column":2},"end":{"line":329,"column":94}},"104":{"start":{"line":331,"column":2},"end":{"line":331,"column":17}}},"fnMap":{"0":{"name":"(anonymous_0)","decl":{"start":{"line":23,"column":33},"end":{"line":23,"column":34}},"loc":{"start":{"line":23,"column":51},"end":{"line":39,"column":1}},"line":23},"1":{"name":"(anonymous_1)","decl":{"start":{"line":50,"column":28},"end":{"line":50,"column":29}},"loc":{"start":{"line":50,"column":58},"end":{"line":90,"column":1}},"line":50},"2":{"name":"(anonymous_2)","decl":{"start":{"line":97,"column":29},"end":{"line":97,"column":30}},"loc":{"start":{"line":97,"column":45},"end":{"line":109,"column":1}},"line":97},"3":{"name":"(anonymous_3)","decl":{"start":{"line":120,"column":27},"end":{"line":120,"column":28}},"loc":{"start":{"line":120,"column":56},"end":{"line":149,"column":1}},"line":120},"4":{"name":"(anonymous_4)","decl":{"start":{"line":159,"column":27},"end":{"line":159,"column":28}},"loc":{"start":{"line":159,"column":60},"end":{"line":183,"column":1}},"line":159},"5":{"name":"(anonymous_5)","decl":{"start":{"line":189,"column":35},"end":{"line":189,"column":36}},"loc":{"start":{"line":189,"column":41},"end":{"line":191,"column":1}},"line":189},"6":{"name":"(anonymous_6)","decl":{"start":{"line":199,"column":33},"end":{"line":199,"column":34}},"loc":{"start":{"line":199,"column":59},"end":{"line":202,"column":1}},"line":199},"7":{"name":"(anonymous_7)","decl":{"start":{"line":209,"column":35},"end":{"line":209,"column":36}},"loc":{"start":{"line":209,"column":59},"end":{"line":211,"column":1}},"line":209},"8":{"name":"(anonymous_8)","decl":{"start":{"line":221,"column":32},"end":{"line":221,"column":33}},"loc":{"start":{"line":221,"column":53},"end":{"line":231,"column":1}},"line":221},"9":{"name":"(anonymous_9)","decl":{"start":{"line":238,"column":39},"end":{"line":238,"column":40}},"loc":{"start":{"line":238,"column":54},"end":{"line":261,"column":1}},"line":238},"10":{"name":"(anonymous_10)","decl":{"start":{"line":244,"column":31},"end":{"line":244,"column":32}},"loc":{"start":{"line":244,"column":39},"end":{"line":244,"column":62}},"line":244},"11":{"name":"(anonymous_11)","decl":{"start":{"line":251,"column":42},"end":{"line":251,"column":43}},"loc":{"start":{"line":251,"column":63},"end":{"line":256,"column":5}},"line":251},"12":{"name":"(anonymous_12)","decl":{"start":{"line":254,"column":47},"end":{"line":254,"column":48}},"loc":{"start":{"line":254,"column":56},"end":{"line":254,"column":68}},"line":254},"13":{"name":"(anonymous_13)","decl":{"start":{"line":268,"column":35},"end":{"line":268,"column":36}},"loc":{"start":{"line":268,"column":48},"end":{"line":332,"column":1}},"line":268},"14":{"name":"(anonymous_14)","decl":{"start":{"line":292,"column":12},"end":{"line":292,"column":13}},"loc":{"start":{"line":292,"column":22},"end":{"line":292,"column":33}},"line":292},"15":{"name":"(anonymous_15)","decl":{"start":{"line":295,"column":29},"end":{"line":295,"column":30}},"loc":{"start":{"line":295,"column":48},"end":{"line":298,"column":5}},"line":295},"16":{"name":"(anonymous_16)","decl":{"start":{"line":305,"column":39},"end":{"line":305,"column":40}},"loc":{"start":{"line":305,"column":47},"end":{"line":307,"column":5}},"line":305},"17":{"name":"(anonymous_17)","decl":{"start":{"line":314,"column":46},"end":{"line":314,"column":47}},"loc":{"start":{"line":314,"column":54},"end":{"line":316,"column":5}},"line":314},"18":{"name":"(anonymous_18)","decl":{"start":{"line":323,"column":56},"end":{"line":323,"column":57}},"loc":{"start":{"line":323,"column":71},"end":{"line":323,"column":87}},"line":323}},"branchMap":{"0":{"loc":{"start":{"line":23,"column":34},"end":{"line":23,"column":46}},"type":"default-arg","locations":[{"start":{"line":23,"column":44},"end":{"line":23,"column":46}}],"line":23},"1":{"loc":{"start":{"line":25,"column":4},"end":{"line":25,"column":28}},"type":"default-arg","locations":[{"start":{"line":25,"column":18},"end":{"line":25,"column":28}}],"line":25},"2":{"loc":{"start":{"line":26,"column":4},"end":{"line":26,"column":15}},"type":"default-arg","locations":[{"start":{"line":26,"column":11},"end":{"line":26,"column":15}}],"line":26},"3":{"loc":{"start":{"line":27,"column":4},"end":{"line":27,"column":17}},"type":"default-arg","locations":[{"start":{"line":27,"column":13},"end":{"line":27,"column":17}}],"line":27},"4":{"loc":{"start":{"line":28,"column":4},"end":{"line":28,"column":19}},"type":"default-arg","locations":[{"start":{"line":28,"column":15},"end":{"line":28,"column":19}}],"line":28},"5":{"loc":{"start":{"line":50,"column":41},"end":{"line":50,"column":53}},"type":"default-arg","locations":[{"start":{"line":50,"column":51},"end":{"line":50,"column":53}}],"line":50},"6":{"loc":{"start":{"line":63,"column":2},"end":{"line":67,"column":3}},"type":"if","locations":[{"start":{"line":63,"column":2},"end":{"line":67,"column":3}},{"start":{},"end":{}}],"line":63},"7":{"loc":{"start":{"line":70,"column":2},"end":{"line":74,"column":3}},"type":"if","locations":[{"start":{"line":70,"column":2},"end":{"line":74,"column":3}},{"start":{},"end":{}}],"line":70},"8":{"loc":{"start":{"line":77,"column":2},"end":{"line":81,"column":3}},"type":"if","locations":[{"start":{"line":77,"column":2},"end":{"line":81,"column":3}},{"start":{},"end":{}}],"line":77},"9":{"loc":{"start":{"line":99,"column":12},"end":{"line":99,"column":67}},"type":"cond-expr","locations":[{"start":{"line":99,"column":28},"end":{"line":99,"column":62}},{"start":{"line":99,"column":65},"end":{"line":99,"column":67}}],"line":99},"10":{"loc":{"start":{"line":120,"column":39},"end":{"line":120,"column":51}},"type":"default-arg","locations":[{"start":{"line":120,"column":49},"end":{"line":120,"column":51}}],"line":120},"11":{"loc":{"start":{"line":128,"column":17},"end":{"line":128,"column":72}},"type":"cond-expr","locations":[{"start":{"line":128,"column":33},"end":{"line":128,"column":67}},{"start":{"line":128,"column":70},"end":{"line":128,"column":72}}],"line":128},"12":{"loc":{"start":{"line":133,"column":10},"end":{"line":133,"column":38}},"type":"cond-expr","locations":[{"start":{"line":133,"column":17},"end":{"line":133,"column":26}},{"start":{"line":133,"column":29},"end":{"line":133,"column":38}}],"line":133},"13":{"loc":{"start":{"line":134,"column":10},"end":{"line":134,"column":35}},"type":"cond-expr","locations":[{"start":{"line":134,"column":17},"end":{"line":134,"column":30}},{"start":{"line":134,"column":33},"end":{"line":134,"column":35}}],"line":134},"14":{"loc":{"start":{"line":159,"column":43},"end":{"line":159,"column":55}},"type":"default-arg","locations":[{"start":{"line":159,"column":53},"end":{"line":159,"column":55}}],"line":159},"15":{"loc":{"start":{"line":161,"column":4},"end":{"line":161,"column":15}},"type":"default-arg","locations":[{"start":{"line":161,"column":12},"end":{"line":161,"column":15}}],"line":161},"16":{"loc":{"start":{"line":162,"column":4},"end":{"line":162,"column":16}},"type":"default-arg","locations":[{"start":{"line":162,"column":13},"end":{"line":162,"column":16}}],"line":162},"17":{"loc":{"start":{"line":166,"column":17},"end":{"line":166,"column":72}},"type":"cond-expr","locations":[{"start":{"line":166,"column":33},"end":{"line":166,"column":67}},{"start":{"line":166,"column":70},"end":{"line":166,"column":72}}],"line":166},"18":{"loc":{"start":{"line":224,"column":2},"end":{"line":228,"column":3}},"type":"if","locations":[{"start":{"line":224,"column":2},"end":{"line":228,"column":3}},{"start":{},"end":{}}],"line":224},"19":{"loc":{"start":{"line":224,"column":6},"end":{"line":224,"column":51}},"type":"binary-expr","locations":[{"start":{"line":224,"column":6},"end":{"line":224,"column":15}},{"start":{"line":224,"column":19},"end":{"line":224,"column":34}},{"start":{"line":224,"column":38},"end":{"line":224,"column":51}}],"line":224},"20":{"loc":{"start":{"line":239,"column":2},"end":{"line":239,"column":28}},"type":"if","locations":[{"start":{"line":239,"column":2},"end":{"line":239,"column":28}},{"start":{},"end":{}}],"line":239},"21":{"loc":{"start":{"line":242,"column":2},"end":{"line":246,"column":3}},"type":"if","locations":[{"start":{"line":242,"column":2},"end":{"line":246,"column":3}},{"start":{},"end":{}}],"line":242},"22":{"loc":{"start":{"line":249,"column":2},"end":{"line":258,"column":3}},"type":"if","locations":[{"start":{"line":249,"column":2},"end":{"line":258,"column":3}},{"start":{},"end":{}}],"line":249},"23":{"loc":{"start":{"line":250,"column":48},"end":{"line":250,"column":70}},"type":"binary-expr","locations":[{"start":{"line":250,"column":48},"end":{"line":250,"column":64}},{"start":{"line":250,"column":68},"end":{"line":250,"column":70}}],"line":250},"24":{"loc":{"start":{"line":269,"column":2},"end":{"line":271,"column":3}},"type":"if","locations":[{"start":{"line":269,"column":2},"end":{"line":271,"column":3}},{"start":{},"end":{}}],"line":269},"25":{"loc":{"start":{"line":269,"column":6},"end":{"line":269,"column":34}},"type":"binary-expr","locations":[{"start":{"line":269,"column":6},"end":{"line":269,"column":14}},{"start":{"line":269,"column":18},"end":{"line":269,"column":34}}],"line":269},"26":{"loc":{"start":{"line":289,"column":2},"end":{"line":300,"column":3}},"type":"if","locations":[{"start":{"line":289,"column":2},"end":{"line":300,"column":3}},{"start":{},"end":{}}],"line":289},"27":{"loc":{"start":{"line":303,"column":2},"end":{"line":309,"column":3}},"type":"if","locations":[{"start":{"line":303,"column":2},"end":{"line":309,"column":3}},{"start":{},"end":{}}],"line":303},"28":{"loc":{"start":{"line":303,"column":6},"end":{"line":303,"column":73}},"type":"binary-expr","locations":[{"start":{"line":303,"column":6},"end":{"line":303,"column":32}},{"start":{"line":303,"column":36},"end":{"line":303,"column":73}}],"line":303},"29":{"loc":{"start":{"line":312,"column":2},"end":{"line":318,"column":3}},"type":"if","locations":[{"start":{"line":312,"column":2},"end":{"line":318,"column":3}},{"start":{},"end":{}}],"line":312},"30":{"loc":{"start":{"line":312,"column":6},"end":{"line":312,"column":87}},"type":"binary-expr","locations":[{"start":{"line":312,"column":6},"end":{"line":312,"column":39}},{"start":{"line":312,"column":43},"end":{"line":312,"column":87}}],"line":312},"31":{"loc":{"start":{"line":321,"column":2},"end":{"line":327,"column":3}},"type":"if","locations":[{"start":{"line":321,"column":2},"end":{"line":327,"column":3}},{"start":{},"end":{}}],"line":321},"32":{"loc":{"start":{"line":321,"column":6},"end":{"line":321,"column":71}},"type":"binary-expr","locations":[{"start":{"line":321,"column":6},"end":{"line":321,"column":31}},{"start":{"line":321,"column":35},"end":{"line":321,"column":71}}],"line":321}},"s":{"0":1,"1":6,"2":6,"3":6,"4":1,"5":1,"6":1,"7":1,"8":1,"9":1,"10":1,"11":1,"12":1,"13":1,"14":1,"15":1,"16":1,"17":1,"18":1,"19":1,"20":1,"21":1,"22":1,"23":1,"24":1,"25":1,"26":1,"27":1,"28":1,"29":1,"30":1,"31":1,"32":1,"33":1,"34":1,"35":1,"36":1,"37":1,"38":1,"39":1,"40":1,"41":1,"42":3,"43":1,"44":1,"45":1,"46":1,"47":1,"48":1,"49":1,"50":1,"51":1,"52":1,"53":1,"54":0,"55":1,"56":2,"57":0,"58":2,"59":1,"60":1,"61":3,"62":1,"63":1,"64":1,"65":1,"66":3,"67":6,"68":1,"69":0,"70":1,"71":1,"72":0,"73":1,"74":1,"75":1,"76":1,"77":1,"78":1,"79":1,"80":1,"81":1,"82":2,"83":1,"84":3,"85":3,"86":1,"87":1,"88":1,"89":1,"90":1,"91":1,"92":1,"93":1,"94":1,"95":1,"96":1,"97":1,"98":1,"99":1,"100":2,"101":1,"102":1,"103":1,"104":1},"f":{"0":6,"1":1,"2":1,"3":1,"4":1,"5":3,"6":1,"7":1,"8":1,"9":2,"10":3,"11":3,"12":6,"13":1,"14":2,"15":3,"16":1,"17":1,"18":2},"b":{"0":[5],"1":[5],"2":[5],"3":[5],"4":[5],"5":[0],"6":[1,0],"7":[1,0],"8":[1,0],"9":[1,0],"10":[1],"11":[1,0],"12":[1,0],"13":[1,0],"14":[1],"15":[1],"16":[1],"17":[1,0],"18":[1,0],"19":[1,1,1],"20":[0,2],"21":[1,1],"22":[1,0],"23":[1,0],"24":[0,1],"25":[1,1],"26":[1,0],"27":[1,0],"28":[1,1],"29":[1,0],"30":[1,1],"31":[1,0],"32":[1,1]},"_coverageSchema":"1a1c01bbd47fc00a2c39e90264f33305004495a9","hash":"c8f03d2d997a801d43e283b5b6ae8e6a255dae28"}
}
