TN:
SF:src/utils/exportUtils.js
FN:23,(anonymous_0)
FN:50,(anonymous_1)
FN:97,(anonymous_2)
FN:120,(anonymous_3)
FN:159,(anonymous_4)
FN:189,(anonymous_5)
FN:199,(anonymous_6)
FN:209,(anonymous_7)
FN:221,(anonymous_8)
FN:238,(anonymous_9)
FN:244,(anonymous_10)
FN:251,(anonymous_11)
FN:254,(anonymous_12)
FN:268,(anonymous_13)
FN:292,(anonymous_14)
FN:295,(anonymous_15)
FN:305,(anonymous_16)
FN:314,(anonymous_17)
FN:323,(anonymous_18)
FNF:19
FNH:19
FNDA:6,(anonymous_0)
FNDA:1,(anonymous_1)
FNDA:1,(anonymous_2)
FNDA:1,(anonymous_3)
FNDA:1,(anonymous_4)
FNDA:3,(anonymous_5)
FNDA:1,(anonymous_6)
FNDA:1,(anonymous_7)
FNDA:1,(anonymous_8)
FNDA:2,(anonymous_9)
FNDA:3,(anonymous_10)
FNDA:3,(anonymous_11)
FNDA:6,(anonymous_12)
FNDA:1,(anonymous_13)
FNDA:2,(anonymous_14)
FNDA:3,(anonymous_15)
FNDA:1,(anonymous_16)
FNDA:1,(anonymous_17)
FNDA:2,(anonymous_18)
DA:23,1
DA:29,6
DA:31,6
DA:38,6
DA:50,1
DA:55,1
DA:58,1
DA:59,1
DA:60,1
DA:63,1
DA:64,1
DA:65,1
DA:66,1
DA:70,1
DA:71,1
DA:72,1
DA:73,1
DA:77,1
DA:78,1
DA:79,1
DA:80,1
DA:84,1
DA:85,1
DA:88,1
DA:89,1
DA:97,1
DA:99,1
DA:102,1
DA:103,1
DA:104,1
DA:107,1
DA:108,1
DA:120,1
DA:125,1
DA:128,1
DA:131,1
DA:159,1
DA:163,1
DA:166,1
DA:169,1
DA:179,1
DA:189,1
DA:190,3
DA:199,1
DA:200,1
DA:201,1
DA:209,1
DA:210,1
DA:221,1
DA:222,1
DA:224,1
DA:225,1
DA:226,1
DA:227,1
DA:230,0
DA:238,1
DA:239,2
DA:242,2
DA:243,1
DA:244,3
DA:245,1
DA:249,1
DA:250,1
DA:251,1
DA:252,3
DA:254,6
DA:257,1
DA:260,0
DA:268,1
DA:269,1
DA:270,0
DA:279,1
DA:281,1
DA:283,1
DA:284,1
DA:285,1
DA:286,1
DA:289,1
DA:290,1
DA:291,1
DA:292,2
DA:295,1
DA:296,3
DA:297,3
DA:299,1
DA:303,1
DA:304,1
DA:305,1
DA:306,1
DA:308,1
DA:312,1
DA:313,1
DA:314,1
DA:315,1
DA:317,1
DA:321,1
DA:322,1
DA:323,2
DA:324,1
DA:326,1
DA:329,1
DA:331,1
LF:102
LH:99
BRDA:23,0,0,5
BRDA:25,1,0,5
BRDA:26,2,0,5
BRDA:27,3,0,5
BRDA:28,4,0,5
BRDA:50,5,0,0
BRDA:63,6,0,1
BRDA:63,6,1,0
BRDA:70,7,0,1
BRDA:70,7,1,0
BRDA:77,8,0,1
BRDA:77,8,1,0
BRDA:99,9,0,1
BRDA:99,9,1,0
BRDA:120,10,0,1
BRDA:128,11,0,1
BRDA:128,11,1,0
BRDA:133,12,0,1
BRDA:133,12,1,0
BRDA:134,13,0,1
BRDA:134,13,1,0
BRDA:159,14,0,1
BRDA:161,15,0,1
BRDA:162,16,0,1
BRDA:166,17,0,1
BRDA:166,17,1,0
BRDA:224,18,0,1
BRDA:224,18,1,0
BRDA:224,19,0,1
BRDA:224,19,1,1
BRDA:224,19,2,1
BRDA:239,20,0,0
BRDA:239,20,1,2
BRDA:242,21,0,1
BRDA:242,21,1,1
BRDA:249,22,0,1
BRDA:249,22,1,0
BRDA:250,23,0,1
BRDA:250,23,1,0
BRDA:269,24,0,0
BRDA:269,24,1,1
BRDA:269,25,0,1
BRDA:269,25,1,1
BRDA:289,26,0,1
BRDA:289,26,1,0
BRDA:303,27,0,1
BRDA:303,27,1,0
BRDA:303,28,0,1
BRDA:303,28,1,1
BRDA:312,29,0,1
BRDA:312,29,1,0
BRDA:312,30,0,1
BRDA:312,30,1,1
BRDA:321,31,0,1
BRDA:321,31,1,0
BRDA:321,32,0,1
BRDA:321,32,1,1
BRF:57
BRH:39
end_of_record
