TN:
SF:src/app.js
FN:54,(anonymous_0)
FN:63,(anonymous_1)
FN:71,(anonymous_2)
FNF:3
FNH:0
FNDA:0,(anonymous_0)
FNDA:0,(anonymous_1)
FNDA:0,(anonymous_2)
DA:8,0
DA:9,0
DA:10,0
DA:11,0
DA:12,0
DA:15,0
DA:18,0
DA:19,0
DA:22,0
DA:25,0
DA:37,0
DA:42,0
DA:43,0
DA:44,0
DA:47,0
DA:50,0
DA:51,0
DA:54,0
DA:55,0
DA:63,0
DA:64,0
DA:71,0
DA:72,0
DA:74,0
DA:83,0
LF:25
LH:0
BRDA:74,0,0,0
BRDA:74,0,1,0
BRDA:76,1,0,0
BRDA:76,1,1,0
BRF:4
BRH:0
end_of_record
TN:
SF:src/server.js
FN:17,(anonymous_0)
FNF:1
FNH:0
FNDA:0,(anonymous_0)
DA:7,0
DA:8,0
DA:11,0
DA:14,0
DA:17,0
DA:18,0
DA:19,0
LF:7
LH:0
BRDA:14,0,0,0
BRDA:14,0,1,0
BRF:2
BRH:0
end_of_record
TN:
SF:src/api/controllers/dashboard-controller.js
FN:20,(anonymous_0)
FN:54,(anonymous_1)
FN:66,(anonymous_2)
FN:80,(anonymous_3)
FN:82,(anonymous_4)
FN:114,(anonymous_5)
FN:186,(anonymous_6)
FN:190,(anonymous_7)
FN:194,(anonymous_8)
FN:199,(anonymous_9)
FN:200,(anonymous_10)
FN:202,(anonymous_11)
FN:231,(anonymous_12)
FN:264,(anonymous_13)
FN:276,(anonymous_14)
FN:283,(anonymous_15)
FN:285,(anonymous_16)
FN:307,(anonymous_17)
FN:340,(anonymous_18)
FN:350,(anonymous_19)
FN:352,(anonymous_20)
FN:364,(anonymous_21)
FN:382,(anonymous_22)
FN:389,(anonymous_23)
FN:391,(anonymous_24)
FNF:25
FNH:0
FNDA:0,(anonymous_0)
FNDA:0,(anonymous_1)
FNDA:0,(anonymous_2)
FNDA:0,(anonymous_3)
FNDA:0,(anonymous_4)
FNDA:0,(anonymous_5)
FNDA:0,(anonymous_6)
FNDA:0,(anonymous_7)
FNDA:0,(anonymous_8)
FNDA:0,(anonymous_9)
FNDA:0,(anonymous_10)
FNDA:0,(anonymous_11)
FNDA:0,(anonymous_12)
FNDA:0,(anonymous_13)
FNDA:0,(anonymous_14)
FNDA:0,(anonymous_15)
FNDA:0,(anonymous_16)
FNDA:0,(anonymous_17)
FNDA:0,(anonymous_18)
FNDA:0,(anonymous_19)
FNDA:0,(anonymous_20)
FNDA:0,(anonymous_21)
FNDA:0,(anonymous_22)
FNDA:0,(anonymous_23)
FNDA:0,(anonymous_24)
DA:9,0
DA:10,0
DA:13,0
DA:20,0
DA:21,0
DA:22,0
DA:25,0
DA:28,0
DA:29,0
DA:36,0
DA:39,0
DA:46,0
DA:47,0
DA:51,0
DA:54,0
DA:58,0
DA:59,0
DA:63,0
DA:66,0
DA:70,0
DA:71,0
DA:75,0
DA:80,0
DA:82,0
DA:91,0
DA:101,0
DA:102,0
DA:114,0
DA:115,0
DA:116,0
DA:117,0
DA:120,0
DA:123,0
DA:124,0
DA:131,0
DA:134,0
DA:141,0
DA:142,0
DA:149,0
DA:155,0
DA:156,0
DA:160,0
DA:166,0
DA:167,0
DA:171,0
DA:177,0
DA:178,0
DA:182,0
DA:187,0
DA:188,0
DA:191,0
DA:192,0
DA:195,0
DA:196,0
DA:199,0
DA:200,0
DA:202,0
DA:207,0
DA:218,0
DA:219,0
DA:231,0
DA:232,0
DA:233,0
DA:234,0
DA:237,0
DA:240,0
DA:241,0
DA:248,0
DA:251,0
DA:256,0
DA:257,0
DA:261,0
DA:264,0
DA:268,0
DA:269,0
DA:273,0
DA:276,0
DA:278,0
DA:279,0
DA:283,0
DA:285,0
DA:289,0
DA:294,0
DA:295,0
DA:307,0
DA:308,0
DA:309,0
DA:310,0
DA:313,0
DA:316,0
DA:317,0
DA:324,0
DA:327,0
DA:332,0
DA:333,0
DA:337,0
DA:340,0
DA:344,0
DA:345,0
DA:349,0
DA:350,0
DA:351,0
DA:352,0
DA:353,0
DA:364,0
DA:366,0
DA:367,0
DA:369,0
DA:372,0
DA:376,0
DA:379,0
DA:382,0
DA:384,0
DA:385,0
DA:389,0
DA:391,0
DA:395,0
DA:400,0
DA:401,0
DA:408,0
LF:120
LH:0
BRDA:25,0,0,0
BRDA:25,0,1,0
BRDA:28,1,0,0
BRDA:28,1,1,0
BRDA:46,2,0,0
BRDA:46,2,1,0
BRDA:54,3,0,0
BRDA:54,3,1,0
BRDA:58,4,0,0
BRDA:58,4,1,0
BRDA:66,5,0,0
BRDA:66,5,1,0
BRDA:70,6,0,0
BRDA:70,6,1,0
BRDA:76,7,0,0
BRDA:76,7,1,0
BRDA:77,8,0,0
BRDA:77,8,1,0
BRDA:78,9,0,0
BRDA:78,9,1,0
BRDA:79,10,0,0
BRDA:79,10,1,0
BRDA:79,11,0,0
BRDA:79,11,1,0
BRDA:79,12,0,0
BRDA:79,12,1,0
BRDA:84,13,0,0
BRDA:84,13,1,0
BRDA:84,14,0,0
BRDA:84,14,1,0
BRDA:85,15,0,0
BRDA:85,15,1,0
BRDA:85,16,0,0
BRDA:85,16,1,0
BRDA:94,17,0,0
BRDA:94,17,1,0
BRDA:95,18,0,0
BRDA:95,18,1,0
BRDA:96,19,0,0
BRDA:96,19,1,0
BRDA:120,20,0,0
BRDA:120,20,1,0
BRDA:123,21,0,0
BRDA:123,21,1,0
BRDA:141,22,0,0
BRDA:141,22,1,0
BRDA:155,23,0,0
BRDA:155,23,1,0
BRDA:166,24,0,0
BRDA:166,24,1,0
BRDA:177,25,0,0
BRDA:177,25,1,0
BRDA:183,26,0,0
BRDA:183,26,1,0
BRDA:184,27,0,0
BRDA:184,27,1,0
BRDA:185,28,0,0
BRDA:185,28,1,0
BRDA:187,29,0,0
BRDA:187,29,1,0
BRDA:191,30,0,0
BRDA:191,30,1,0
BRDA:195,31,0,0
BRDA:195,31,1,0
BRDA:199,32,0,0
BRDA:199,32,1,0
BRDA:200,33,0,0
BRDA:200,33,1,0
BRDA:212,34,0,0
BRDA:212,34,1,0
BRDA:213,35,0,0
BRDA:213,35,1,0
BRDA:214,36,0,0
BRDA:214,36,1,0
BRDA:234,37,0,0
BRDA:234,37,1,0
BRDA:237,38,0,0
BRDA:237,38,1,0
BRDA:240,39,0,0
BRDA:240,39,1,0
BRDA:256,40,0,0
BRDA:256,40,1,0
BRDA:264,41,0,0
BRDA:264,41,1,0
BRDA:268,42,0,0
BRDA:268,42,1,0
BRDA:276,43,0,0
BRDA:276,43,1,0
BRDA:278,44,0,0
BRDA:278,44,1,0
BRDA:285,45,0,0
BRDA:285,45,1,0
BRDA:291,46,0,0
BRDA:291,46,1,0
BRDA:310,47,0,0
BRDA:310,47,1,0
BRDA:313,48,0,0
BRDA:313,48,1,0
BRDA:316,49,0,0
BRDA:316,49,1,0
BRDA:332,50,0,0
BRDA:332,50,1,0
BRDA:340,51,0,0
BRDA:340,51,1,0
BRDA:344,52,0,0
BRDA:344,52,1,0
BRDA:351,53,0,0
BRDA:351,53,1,0
BRDA:351,54,0,0
BRDA:351,54,1,0
BRDA:367,55,0,0
BRDA:367,55,1,0
BRDA:367,56,0,0
BRDA:367,56,1,0
BRDA:369,57,0,0
BRDA:369,57,1,0
BRDA:384,58,0,0
BRDA:384,58,1,0
BRDA:391,59,0,0
BRDA:391,59,1,0
BRF:120
BRH:0
end_of_record
TN:
SF:src/api/controllers/market-research-controller.js
FN:18,(anonymous_0)
FN:224,(anonymous_1)
FN:385,(anonymous_2)
FN:423,(anonymous_3)
FN:461,(anonymous_4)
FN:506,(anonymous_5)
FN:578,(anonymous_6)
FN:631,(anonymous_7)
FN:678,(anonymous_8)
FNF:9
FNH:0
FNDA:0,(anonymous_0)
FNDA:0,(anonymous_1)
FNDA:0,(anonymous_2)
FNDA:0,(anonymous_3)
FNDA:0,(anonymous_4)
FNDA:0,(anonymous_5)
FNDA:0,(anonymous_6)
FNDA:0,(anonymous_7)
FNDA:0,(anonymous_8)
DA:7,0
DA:8,0
DA:11,0
DA:18,0
DA:19,0
DA:20,0
DA:21,0
DA:24,0
DA:27,0
DA:30,0
DA:206,0
DA:211,0
DA:212,0
DA:224,0
DA:225,0
DA:226,0
DA:227,0
DA:230,0
DA:233,0
DA:236,0
DA:367,0
DA:372,0
DA:373,0
DA:385,0
DA:386,0
DA:387,0
DA:388,0
DA:391,0
DA:394,0
DA:395,0
DA:402,0
DA:405,0
DA:410,0
DA:411,0
DA:423,0
DA:424,0
DA:425,0
DA:426,0
DA:429,0
DA:432,0
DA:433,0
DA:440,0
DA:443,0
DA:448,0
DA:449,0
DA:461,0
DA:462,0
DA:465,0
DA:466,0
DA:469,0
DA:472,0
DA:473,0
DA:480,0
DA:488,0
DA:493,0
DA:494,0
DA:506,0
DA:507,0
DA:508,0
DA:509,0
DA:512,0
DA:515,0
DA:516,0
DA:524,0
DA:526,0
DA:528,0
DA:530,0
DA:531,0
DA:542,0
DA:543,0
DA:545,0
DA:547,0
DA:554,0
DA:559,0
DA:560,0
DA:565,0
DA:566,0
DA:578,0
DA:579,0
DA:580,0
DA:581,0
DA:584,0
DA:587,0
DA:588,0
DA:595,0
DA:597,0
DA:598,0
DA:605,0
DA:606,0
DA:613,0
DA:618,0
DA:619,0
DA:631,0
DA:632,0
DA:633,0
DA:636,0
DA:639,0
DA:640,0
DA:647,0
DA:649,0
DA:655,0
DA:656,0
DA:660,0
DA:665,0
DA:666,0
DA:678,0
DA:679,0
DA:680,0
DA:681,0
DA:684,0
DA:687,0
DA:688,0
DA:695,0
DA:698,0
DA:703,0
DA:704,0
DA:711,0
LF:117
LH:0
BRDA:24,0,0,0
BRDA:24,0,1,0
BRDA:32,1,0,0
BRDA:32,1,1,0
BRDA:33,2,0,0
BRDA:33,2,1,0
BRDA:34,3,0,0
BRDA:34,3,1,0
BRDA:35,4,0,0
BRDA:35,4,1,0
BRDA:35,5,0,0
BRDA:35,5,1,0
BRDA:35,6,0,0
BRDA:35,6,1,0
BRDA:50,7,0,0
BRDA:50,7,1,0
BRDA:66,8,0,0
BRDA:66,8,1,0
BRDA:66,9,0,0
BRDA:66,9,1,0
BRDA:66,10,0,0
BRDA:66,10,1,0
BRDA:80,11,0,0
BRDA:80,11,1,0
BRDA:230,12,0,0
BRDA:230,12,1,0
BRDA:238,13,0,0
BRDA:238,13,1,0
BRDA:239,14,0,0
BRDA:239,14,1,0
BRDA:240,15,0,0
BRDA:240,15,1,0
BRDA:241,16,0,0
BRDA:241,16,1,0
BRDA:391,17,0,0
BRDA:391,17,1,0
BRDA:394,18,0,0
BRDA:394,18,1,0
BRDA:429,19,0,0
BRDA:429,19,1,0
BRDA:432,20,0,0
BRDA:432,20,1,0
BRDA:432,21,0,0
BRDA:432,21,1,0
BRDA:469,22,0,0
BRDA:469,22,1,0
BRDA:472,23,0,0
BRDA:472,23,1,0
BRDA:472,24,0,0
BRDA:472,24,1,0
BRDA:472,24,2,0
BRDA:512,25,0,0
BRDA:512,25,1,0
BRDA:515,26,0,0
BRDA:515,26,1,0
BRDA:515,27,0,0
BRDA:515,27,1,0
BRDA:530,28,0,0
BRDA:530,28,1,0
BRDA:530,29,0,0
BRDA:530,29,1,0
BRDA:542,30,0,0
BRDA:542,30,1,0
BRDA:545,31,0,0
BRDA:545,31,1,0
BRDA:584,32,0,0
BRDA:584,32,1,0
BRDA:587,33,0,0
BRDA:587,33,1,0
BRDA:597,34,0,0
BRDA:597,34,1,0
BRDA:605,35,0,0
BRDA:605,35,1,0
BRDA:605,36,0,0
BRDA:605,36,1,0
BRDA:636,37,0,0
BRDA:636,37,1,0
BRDA:639,38,0,0
BRDA:639,38,1,0
BRDA:655,39,0,0
BRDA:655,39,1,0
BRDA:662,40,0,0
BRDA:662,40,1,0
BRDA:684,41,0,0
BRDA:684,41,1,0
BRDA:687,42,0,0
BRDA:687,42,1,0
BRF:87
BRH:0
end_of_record
TN:
SF:src/api/middleware/auth.js
FN:26,(anonymous_0)
FNF:1
FNH:0
FNDA:0,(anonymous_0)
DA:11,0
DA:13,0
DA:17,0
DA:26,0
DA:27,0
DA:28,0
DA:30,0
DA:33,0
DA:43,0
DA:48,0
DA:50,0
DA:51,0
DA:74,0
DA:84,0
DA:86,0
DA:87,0
DA:94,0
LF:17
LH:0
BRDA:28,0,0,0
BRDA:28,0,1,0
BRDA:50,1,0,0
BRDA:50,1,1,0
BRDA:50,2,0,0
BRDA:50,2,1,0
BRF:6
BRH:0
end_of_record
TN:
SF:src/api/middleware/validators.js
FN:12,(anonymous_0)
FN:25,(anonymous_1)
FN:61,(anonymous_2)
FNF:3
FNH:0
FNDA:0,(anonymous_0)
FNDA:0,(anonymous_1)
FNDA:0,(anonymous_2)
DA:12,0
DA:13,0
DA:16,0
DA:17,0
DA:24,0
DA:25,0
DA:27,0
DA:28,0
DA:35,0
DA:37,0
DA:39,0
DA:44,0
DA:51,0
DA:53,0
DA:54,0
DA:61,0
DA:63,0
DA:64,0
DA:72,0
DA:75,0
LF:20
LH:0
BRDA:16,0,0,0
BRDA:16,0,1,0
BRDA:16,1,0,0
BRDA:16,1,1,0
BRDA:27,2,0,0
BRDA:27,2,1,0
BRDA:35,3,0,0
BRDA:35,3,1,0
BRDA:39,4,0,0
BRDA:39,4,1,0
BRDA:40,5,0,0
BRDA:40,5,1,0
BRDA:40,5,2,0
BRDA:40,5,3,0
BRDA:40,5,4,0
BRDA:40,5,5,0
BRDA:51,6,0,0
BRDA:51,6,1,0
BRDA:53,7,0,0
BRDA:53,7,1,0
BRDA:63,8,0,0
BRDA:63,8,1,0
BRF:22
BRH:0
end_of_record
TN:
SF:src/api/routes/dashboard.js
FNF:0
FNH:0
DA:9,0
DA:10,0
DA:16,0
DA:18,0
DA:25,0
DA:32,0
DA:39,0
DA:46,0
DA:48,0
LF:9
LH:0
BRF:0
BRH:0
end_of_record
TN:
SF:src/api/routes/market-research.js
FNF:0
FNH:0
DA:10,0
DA:11,0
DA:12,0
DA:23,0
DA:25,0
DA:37,0
DA:44,0
DA:51,0
DA:58,0
DA:65,0
DA:72,0
DA:79,0
DA:86,0
DA:93,0
DA:95,0
LF:15
LH:0
BRF:0
BRH:0
end_of_record
TN:
SF:src/client/components/market-research/MarketResearchForm.jsx
FN:36,(anonymous_0)
FN:72,(anonymous_1)
FN:73,(anonymous_2)
FN:83,(anonymous_3)
FN:84,(anonymous_4)
FN:94,(anonymous_5)
FN:101,(anonymous_6)
FN:108,(anonymous_7)
FN:109,(anonymous_8)
FN:122,(anonymous_9)
FN:129,(anonymous_10)
FN:139,(anonymous_11)
FN:156,(anonymous_12)
FN:191,(anonymous_13)
FN:200,(anonymous_14)
FN:209,(anonymous_15)
FN:224,(anonymous_16)
FN:240,(anonymous_17)
FN:267,(anonymous_18)
FN:267,(anonymous_19)
FN:277,(anonymous_20)
FN:277,(anonymous_21)
FN:287,(anonymous_22)
FN:287,(anonymous_23)
FN:306,(anonymous_24)
FN:315,(anonymous_25)
FN:324,(anonymous_26)
FN:342,(anonymous_27)
FN:351,(anonymous_28)
FN:386,(anonymous_29)
FN:400,(anonymous_30)
FN:414,(anonymous_31)
FN:429,(anonymous_32)
FN:429,(anonymous_33)
FN:448,(anonymous_34)
FN:456,(anonymous_35)
FN:466,(anonymous_36)
FN:478,(anonymous_37)
FN:491,(anonymous_38)
FNF:39
FNH:0
FNDA:0,(anonymous_0)
FNDA:0,(anonymous_1)
FNDA:0,(anonymous_2)
FNDA:0,(anonymous_3)
FNDA:0,(anonymous_4)
FNDA:0,(anonymous_5)
FNDA:0,(anonymous_6)
FNDA:0,(anonymous_7)
FNDA:0,(anonymous_8)
FNDA:0,(anonymous_9)
FNDA:0,(anonymous_10)
FNDA:0,(anonymous_11)
FNDA:0,(anonymous_12)
FNDA:0,(anonymous_13)
FNDA:0,(anonymous_14)
FNDA:0,(anonymous_15)
FNDA:0,(anonymous_16)
FNDA:0,(anonymous_17)
FNDA:0,(anonymous_18)
FNDA:0,(anonymous_19)
FNDA:0,(anonymous_20)
FNDA:0,(anonymous_21)
FNDA:0,(anonymous_22)
FNDA:0,(anonymous_23)
FNDA:0,(anonymous_24)
FNDA:0,(anonymous_25)
FNDA:0,(anonymous_26)
FNDA:0,(anonymous_27)
FNDA:0,(anonymous_28)
FNDA:0,(anonymous_29)
FNDA:0,(anonymous_30)
FNDA:0,(anonymous_31)
FNDA:0,(anonymous_32)
FNDA:0,(anonymous_33)
FNDA:0,(anonymous_34)
FNDA:0,(anonymous_35)
FNDA:0,(anonymous_36)
FNDA:0,(anonymous_37)
FNDA:0,(anonymous_38)
DA:36,0
DA:37,0
DA:38,0
DA:72,0
DA:73,0
DA:83,0
DA:84,0
DA:94,0
DA:95,0
DA:96,0
DA:101,0
DA:108,0
DA:109,0
DA:122,0
DA:123,0
DA:124,0
DA:129,0
DA:139,0
DA:141,0
DA:142,0
DA:149,0
DA:152,0
DA:156,0
DA:157,0
DA:159,0
DA:160,0
DA:163,0
DA:166,0
DA:191,0
DA:200,0
DA:209,0
DA:224,0
DA:240,0
DA:267,0
DA:277,0
DA:287,0
DA:307,0
DA:315,0
DA:324,0
DA:342,0
DA:351,0
DA:386,0
DA:400,0
DA:414,0
DA:429,0
DA:449,0
DA:456,0
DA:466,0
DA:478,0
DA:491,0
LF:50
LH:0
BRDA:141,0,0,0
BRDA:141,0,1,0
BRDA:141,1,0,0
BRDA:141,1,1,0
BRDA:159,2,0,0
BRDA:159,2,1,0
BRF:6
BRH:0
end_of_record
TN:
SF:src/client/components/market-research/MarketResearchPage.jsx
FN:38,(anonymous_0)
FN:49,(anonymous_1)
FN:50,(anonymous_2)
FN:82,(anonymous_3)
FN:133,(anonymous_4)
FN:156,(anonymous_5)
FN:171,(anonymous_6)
FN:177,(anonymous_7)
FN:184,(anonymous_8)
FN:238,(anonymous_9)
FN:322,(anonymous_10)
FN:336,(anonymous_11)
FN:344,(anonymous_12)
FNF:13
FNH:0
FNDA:0,(anonymous_0)
FNDA:0,(anonymous_1)
FNDA:0,(anonymous_2)
FNDA:0,(anonymous_3)
FNDA:0,(anonymous_4)
FNDA:0,(anonymous_5)
FNDA:0,(anonymous_6)
FNDA:0,(anonymous_7)
FNDA:0,(anonymous_8)
FNDA:0,(anonymous_9)
FNDA:0,(anonymous_10)
FNDA:0,(anonymous_11)
FNDA:0,(anonymous_12)
DA:38,0
DA:39,0
DA:40,0
DA:41,0
DA:42,0
DA:43,0
DA:44,0
DA:45,0
DA:46,0
DA:49,0
DA:50,0
DA:51,0
DA:54,0
DA:71,0
DA:73,0
DA:74,0
DA:78,0
DA:82,0
DA:83,0
DA:84,0
DA:86,0
DA:88,0
DA:96,0
DA:97,0
DA:100,0
DA:102,0
DA:103,0
DA:104,0
DA:106,0
DA:114,0
DA:117,0
DA:118,0
DA:120,0
DA:128,0
DA:133,0
DA:134,0
DA:136,0
DA:139,0
DA:148,0
DA:156,0
DA:158,0
DA:160,0
DA:171,0
DA:172,0
DA:173,0
DA:177,0
DA:179,0
DA:180,0
DA:184,0
DA:186,0
DA:210,0
DA:211,0
DA:212,0
DA:213,0
DA:215,0
DA:224,0
DA:225,0
DA:227,0
DA:238,0
DA:239,0
DA:240,0
DA:243,0
DA:322,0
DA:337,0
DA:344,0
LF:65
LH:0
BRDA:96,0,0,0
BRDA:96,0,1,0
BRDA:102,1,0,0
BRDA:102,1,1,0
BRDA:114,2,0,0
BRDA:114,2,1,0
BRDA:134,3,0,0
BRDA:134,3,1,0
BRDA:150,4,0,0
BRDA:150,4,1,0
BRDA:152,5,0,0
BRDA:152,5,1,0
BRDA:153,6,0,0
BRDA:153,6,1,0
BRDA:179,7,0,0
BRDA:179,7,1,0
BRDA:280,8,0,0
BRDA:280,8,1,0
BRDA:334,9,0,0
BRDA:334,9,1,0
BRF:20
BRH:0
end_of_record
TN:
SF:src/client/components/market-research/MarketResearchResults.jsx
FN:35,(anonymous_0)
FN:133,(anonymous_1)
FNF:2
FNH:0
FNDA:0,(anonymous_0)
FNDA:0,(anonymous_1)
DA:35,0
DA:42,0
DA:45,0
DA:46,0
DA:56,0
DA:57,0
DA:69,0
DA:70,0
DA:82,0
DA:84,0
DA:88,0
DA:133,0
LF:12
LH:0
BRDA:45,0,0,0
BRDA:45,0,1,0
BRDA:56,1,0,0
BRDA:56,1,1,0
BRDA:69,2,0,0
BRDA:69,2,1,0
BRDA:82,3,0,0
BRDA:82,3,1,0
BRDA:84,4,0,0
BRDA:84,4,1,0
BRDA:85,5,0,0
BRDA:85,5,1,0
BRDA:126,6,0,0
BRDA:126,6,1,0
BRF:14
BRH:0
end_of_record
TN:
SF:src/client/components/market-research/panels/CompetitorsPanel.jsx
FN:44,(anonymous_0)
FN:54,(anonymous_1)
FN:62,(anonymous_2)
FN:110,(anonymous_3)
FN:128,(anonymous_4)
FN:141,(anonymous_5)
FN:172,(anonymous_6)
FN:188,(anonymous_7)
FN:203,(anonymous_8)
FN:218,(anonymous_9)
FN:233,(anonymous_10)
FN:258,(anonymous_11)
FN:268,(anonymous_12)
FNF:13
FNH:0
FNDA:0,(anonymous_0)
FNDA:0,(anonymous_1)
FNDA:0,(anonymous_2)
FNDA:0,(anonymous_3)
FNDA:0,(anonymous_4)
FNDA:0,(anonymous_5)
FNDA:0,(anonymous_6)
FNDA:0,(anonymous_7)
FNDA:0,(anonymous_8)
FNDA:0,(anonymous_9)
FNDA:0,(anonymous_10)
FNDA:0,(anonymous_11)
FNDA:0,(anonymous_12)
DA:44,0
DA:45,0
DA:46,0
DA:54,0
DA:55,0
DA:56,0
DA:58,0
DA:62,0
DA:63,0
DA:66,0
DA:69,0
DA:72,0
DA:74,0
DA:79,0
DA:80,0
DA:81,0
DA:83,0
DA:111,0
DA:129,0
DA:142,0
DA:173,0
DA:189,0
DA:204,0
DA:219,0
DA:234,0
DA:259,0
DA:269,0
LF:27
LH:0
BRDA:45,0,0,0
BRDA:45,0,1,0
BRDA:55,1,0,0
BRDA:55,1,1,0
BRDA:63,2,0,0
BRDA:63,2,1,0
BRDA:63,2,2,0
BRDA:63,2,3,0
BRDA:63,2,4,0
BRDA:63,2,5,0
BRDA:63,2,6,0
BRDA:79,3,0,0
BRDA:79,3,1,0
BRDA:80,4,0,0
BRDA:80,4,1,0
BRDA:81,5,0,0
BRDA:81,5,1,0
BRDA:99,6,0,0
BRDA:99,6,1,0
BRDA:112,7,0,0
BRDA:112,7,1,0
BRDA:114,8,0,0
BRDA:114,8,1,0
BRDA:121,9,0,0
BRDA:121,9,1,0
BRDA:126,10,0,0
BRDA:126,10,1,0
BRDA:139,11,0,0
BRDA:139,11,1,0
BRDA:139,12,0,0
BRDA:139,12,1,0
BRDA:147,13,0,0
BRDA:147,13,1,0
BRDA:166,14,0,0
BRDA:166,14,1,0
BRDA:178,15,0,0
BRDA:178,15,1,0
BRDA:194,16,0,0
BRDA:194,16,1,0
BRDA:194,16,2,0
BRDA:209,17,0,0
BRDA:209,17,1,0
BRDA:209,17,2,0
BRDA:224,18,0,0
BRDA:224,18,1,0
BRDA:224,18,2,0
BRDA:239,19,0,0
BRDA:239,19,1,0
BRDA:239,19,2,0
BRDA:252,20,0,0
BRDA:252,20,1,0
BRF:51
BRH:0
end_of_record
TN:
SF:src/client/components/market-research/panels/MarketOverviewPanel.jsx
FN:25,(anonymous_0)
FN:35,(anonymous_1)
FN:91,(anonymous_2)
FN:121,(anonymous_3)
FNF:4
FNH:0
FNDA:0,(anonymous_0)
FNDA:0,(anonymous_1)
FNDA:0,(anonymous_2)
FNDA:0,(anonymous_3)
DA:25,0
DA:26,0
DA:27,0
DA:35,0
DA:36,0
DA:37,0
DA:38,0
DA:39,0
DA:40,0
DA:41,0
DA:43,0
DA:47,0
DA:48,0
DA:50,0
DA:92,0
DA:122,0
LF:16
LH:0
BRDA:26,0,0,0
BRDA:26,0,1,0
BRDA:36,1,0,0
BRDA:36,1,1,0
BRDA:38,2,0,0
BRDA:38,2,1,0
BRDA:40,3,0,0
BRDA:40,3,1,0
BRDA:77,4,0,0
BRDA:77,4,1,0
BRDA:89,5,0,0
BRDA:89,5,1,0
BRDA:89,6,0,0
BRDA:89,6,1,0
BRDA:101,7,0,0
BRDA:101,7,1,0
BRDA:102,8,0,0
BRDA:102,8,1,0
BRDA:104,9,0,0
BRDA:104,9,1,0
BRDA:119,10,0,0
BRDA:119,10,1,0
BRDA:119,11,0,0
BRDA:119,11,1,0
BRDA:124,12,0,0
BRDA:124,12,1,0
BRDA:125,13,0,0
BRDA:125,13,1,0
BRDA:131,14,0,0
BRDA:131,14,1,0
BRDA:135,15,0,0
BRDA:135,15,1,0
BRDA:136,16,0,0
BRDA:136,16,1,0
BRDA:144,17,0,0
BRDA:144,17,1,0
BRDA:156,18,0,0
BRDA:156,18,1,0
BRF:38
BRH:0
end_of_record
TN:
SF:src/client/components/market-research/panels/OpportunitiesPanel.jsx
FN:35,(anonymous_0)
FN:45,(anonymous_1)
FN:59,(anonymous_2)
FN:105,(anonymous_3)
FN:130,(anonymous_4)
FN:166,(anonymous_5)
FNF:6
FNH:0
FNDA:0,(anonymous_0)
FNDA:0,(anonymous_1)
FNDA:0,(anonymous_2)
FNDA:0,(anonymous_3)
FNDA:0,(anonymous_4)
FNDA:0,(anonymous_5)
DA:35,0
DA:36,0
DA:37,0
DA:45,0
DA:46,0
DA:48,0
DA:49,0
DA:50,0
DA:51,0
DA:52,0
DA:53,0
DA:55,0
DA:59,0
DA:60,0
DA:63,0
DA:66,0
DA:69,0
DA:71,0
DA:76,0
DA:77,0
DA:78,0
DA:80,0
DA:106,0
DA:131,0
DA:167,0
LF:25
LH:0
BRDA:36,0,0,0
BRDA:36,0,1,0
BRDA:46,1,0,0
BRDA:46,1,1,0
BRDA:46,2,0,0
BRDA:46,2,1,0
BRDA:48,3,0,0
BRDA:48,3,1,0
BRDA:50,4,0,0
BRDA:50,4,1,0
BRDA:52,5,0,0
BRDA:52,5,1,0
BRDA:60,6,0,0
BRDA:60,6,1,0
BRDA:60,6,2,0
BRDA:60,6,3,0
BRDA:60,6,4,0
BRDA:60,6,5,0
BRDA:60,6,6,0
BRDA:76,7,0,0
BRDA:76,7,1,0
BRDA:77,8,0,0
BRDA:77,8,1,0
BRDA:78,9,0,0
BRDA:78,9,1,0
BRDA:97,10,0,0
BRDA:97,10,1,0
BRDA:112,11,0,0
BRDA:112,11,1,0
BRDA:115,12,0,0
BRDA:115,12,1,0
BRDA:128,13,0,0
BRDA:128,13,1,0
BRDA:128,13,2,0
BRDA:139,14,0,0
BRDA:139,14,1,0
BRDA:158,15,0,0
BRDA:158,15,1,0
BRDA:172,16,0,0
BRDA:172,16,1,0
BRDA:179,17,0,0
BRDA:179,17,1,0
BRDA:185,18,0,0
BRDA:185,18,1,0
BRDA:191,19,0,0
BRDA:191,19,1,0
BRDA:206,20,0,0
BRDA:206,20,1,0
BRDA:206,20,2,0
BRF:49
BRH:0
end_of_record
TN:
SF:src/client/components/market-research/panels/RecommendationsPanel.jsx
FN:40,(anonymous_0)
FN:53,(anonymous_1)
FN:63,(anonymous_2)
FN:80,(anonymous_3)
FN:101,(anonymous_4)
FN:109,(anonymous_5)
FN:132,(anonymous_6)
FNF:7
FNH:0
FNDA:0,(anonymous_0)
FNDA:0,(anonymous_1)
FNDA:0,(anonymous_2)
FNDA:0,(anonymous_3)
FNDA:0,(anonymous_4)
FNDA:0,(anonymous_5)
FNDA:0,(anonymous_6)
DA:40,0
DA:41,0
DA:42,0
DA:44,0
DA:45,0
DA:53,0
DA:54,0
DA:55,0
DA:56,0
DA:58,0
DA:59,0
DA:63,0
DA:64,0
DA:67,0
DA:70,0
DA:73,0
DA:75,0
DA:80,0
DA:81,0
DA:82,0
DA:85,0
DA:102,0
DA:110,0
DA:132,0
LF:24
LH:0
BRDA:44,0,0,0
BRDA:44,0,1,0
BRDA:44,1,0,0
BRDA:44,1,1,0
BRDA:44,1,2,0
BRDA:54,2,0,0
BRDA:54,2,1,0
BRDA:55,3,0,0
BRDA:55,3,1,0
BRDA:64,4,0,0
BRDA:64,4,1,0
BRDA:64,4,2,0
BRDA:64,4,3,0
BRDA:64,4,4,0
BRDA:64,4,5,0
BRDA:64,4,6,0
BRDA:124,5,0,0
BRDA:124,5,1,0
BRDA:156,6,0,0
BRDA:156,6,1,0
BRDA:164,7,0,0
BRDA:164,7,1,0
BRDA:167,8,0,0
BRDA:167,8,1,0
BRDA:173,9,0,0
BRDA:173,9,1,0
BRDA:180,10,0,0
BRDA:180,10,1,0
BRDA:187,11,0,0
BRDA:187,11,1,0
BRDA:194,12,0,0
BRDA:194,12,1,0
BRDA:194,12,2,0
BRDA:194,12,3,0
BRF:34
BRH:0
end_of_record
TN:
SF:src/client/components/market-research/panels/VisualizationsPanel.jsx
FN:24,(anonymous_0)
FN:56,(anonymous_1)
FN:128,(anonymous_2)
FNF:3
FNH:0
FNDA:0,(anonymous_0)
FNDA:0,(anonymous_1)
FNDA:0,(anonymous_2)
DA:24,0
DA:25,0
DA:26,0
DA:28,0
DA:56,0
DA:57,0
DA:59,0
DA:60,0
DA:77,0
DA:80,0
DA:84,0
DA:88,0
DA:92,0
DA:96,0
DA:101,0
DA:106,0
DA:120,0
DA:128,0
LF:18
LH:0
BRDA:24,0,0,0
BRDA:59,1,0,0
BRDA:59,1,1,0
BRDA:80,2,0,0
BRDA:80,2,1,0
BRDA:80,2,2,0
BRDA:84,3,0,0
BRDA:84,3,1,0
BRDA:84,3,2,0
BRDA:88,4,0,0
BRDA:88,4,1,0
BRDA:88,4,2,0
BRDA:92,5,0,0
BRDA:92,5,1,0
BRDA:92,5,2,0
BRDA:96,6,0,0
BRDA:96,6,1,0
BRDA:96,6,2,0
BRDA:101,7,0,0
BRDA:101,7,1,0
BRDA:101,8,0,0
BRDA:101,8,1,0
BRDA:101,8,2,0
BRDA:101,8,3,0
BRDA:101,8,4,0
BRDA:156,9,0,0
BRDA:156,9,1,0
BRDA:159,10,0,0
BRDA:159,10,1,0
BRDA:160,11,0,0
BRDA:160,11,1,0
BRDA:161,12,0,0
BRDA:161,12,1,0
BRDA:162,13,0,0
BRDA:162,13,1,0
BRDA:163,14,0,0
BRDA:163,14,1,0
BRDA:167,15,0,0
BRDA:167,15,1,0
BRDA:171,16,0,0
BRDA:171,16,1,0
BRDA:175,17,0,0
BRDA:175,17,1,0
BRDA:180,18,0,0
BRDA:180,18,1,0
BRDA:184,19,0,0
BRDA:184,19,1,0
BRDA:188,20,0,0
BRDA:188,20,1,0
BRDA:188,21,0,0
BRDA:188,21,1,0
BRDA:193,22,0,0
BRDA:193,22,1,0
BRDA:197,23,0,0
BRDA:197,23,1,0
BRDA:201,24,0,0
BRDA:201,24,1,0
BRDA:206,25,0,0
BRDA:206,25,1,0
BRDA:210,26,0,0
BRDA:210,26,1,0
BRDA:219,27,0,0
BRDA:219,27,1,0
BRDA:223,28,0,0
BRDA:223,28,1,0
BRDA:235,29,0,0
BRDA:235,29,1,0
BRDA:235,29,2,0
BRDA:239,30,0,0
BRDA:239,30,1,0
BRDA:244,31,0,0
BRDA:244,31,1,0
BRDA:249,32,0,0
BRDA:249,32,1,0
BRDA:249,32,2,0
BRDA:253,33,0,0
BRDA:253,33,1,0
BRDA:258,34,0,0
BRDA:258,34,1,0
BRDA:258,35,0,0
BRDA:258,35,1,0
BRDA:263,36,0,0
BRDA:263,36,1,0
BRDA:263,36,2,0
BRDA:267,37,0,0
BRDA:267,37,1,0
BRDA:272,38,0,0
BRDA:272,38,1,0
BRDA:277,39,0,0
BRDA:277,39,1,0
BRDA:277,39,2,0
BRDA:281,40,0,0
BRDA:281,40,1,0
BRDA:291,41,0,0
BRDA:291,41,1,0
BRDA:291,41,2,0
BRDA:295,42,0,0
BRDA:295,42,1,0
BRDA:305,43,0,0
BRDA:305,43,1,0
BRDA:305,43,2,0
BRDA:305,43,3,0
BRDA:305,43,4,0
BRDA:305,43,5,0
BRDA:305,43,6,0
BRDA:305,43,7,0
BRDA:305,43,8,0
BRDA:305,43,9,0
BRDA:305,43,10,0
BRF:109
BRH:0
end_of_record
TN:
SF:src/client/services/market-research-api.js
FN:17,analyzeMarket
FN:32,generateMarketInsights
FN:47,analyzePrices
FN:62,analyzeCompetitors
FN:77,identifyGapOpportunities
FN:92,generateVisualizations
FN:107,saveReport
FN:122,getReport
FN:136,getAllReports
FNF:9
FNH:0
FNDA:0,analyzeMarket
FNDA:0,generateMarketInsights
FNDA:0,analyzePrices
FNDA:0,analyzeCompetitors
FNDA:0,identifyGapOpportunities
FNDA:0,generateVisualizations
FNDA:0,saveReport
FNDA:0,getReport
FNDA:0,getAllReports
DA:10,0
DA:18,0
DA:19,0
DA:20,0
DA:22,0
DA:23,0
DA:33,0
DA:34,0
DA:35,0
DA:37,0
DA:38,0
DA:48,0
DA:49,0
DA:50,0
DA:52,0
DA:53,0
DA:63,0
DA:64,0
DA:65,0
DA:67,0
DA:68,0
DA:78,0
DA:79,0
DA:80,0
DA:82,0
DA:83,0
DA:93,0
DA:94,0
DA:95,0
DA:97,0
DA:98,0
DA:108,0
DA:109,0
DA:110,0
DA:112,0
DA:113,0
DA:123,0
DA:124,0
DA:125,0
DA:127,0
DA:128,0
DA:137,0
DA:138,0
DA:139,0
DA:141,0
DA:142,0
LF:46
LH:0
BRDA:10,0,0,0
BRDA:10,0,1,0
BRF:2
BRH:0
end_of_record
TN:
SF:src/services/data-processing/data-processing-service.js
FN:13,processMarketData
FN:48,calculateProjectedMarketSize
FN:57,normalizeCompetitorData
FN:62,(anonymous_3)
FN:77,calculateStatistics
FN:90,(anonymous_5)
FN:104,(anonymous_6)
FN:107,(anonymous_7)
FN:117,(anonymous_8)
FN:118,(anonymous_9)
FN:136,calculateOthersMarketShare
FN:141,(anonymous_11)
FN:154,generateCacheKey
FN:184,calculateConfidenceScore
FN:214,(anonymous_14)
FN:215,(anonymous_15)
FNF:16
FNH:0
FNDA:0,processMarketData
FNDA:0,calculateProjectedMarketSize
FNDA:0,normalizeCompetitorData
FNDA:0,(anonymous_3)
FNDA:0,calculateStatistics
FNDA:0,(anonymous_5)
FNDA:0,(anonymous_6)
FNDA:0,(anonymous_7)
FNDA:0,(anonymous_8)
FNDA:0,(anonymous_9)
FNDA:0,calculateOthersMarketShare
FNDA:0,(anonymous_11)
FNDA:0,generateCacheKey
FNDA:0,calculateConfidenceScore
FNDA:0,(anonymous_14)
FNDA:0,(anonymous_15)
DA:14,0
DA:15,0
DA:18,0
DA:20,0
DA:27,0
DA:28,0
DA:34,0
DA:36,0
DA:37,0
DA:49,0
DA:58,0
DA:59,0
DA:62,0
DA:78,0
DA:79,0
DA:90,0
DA:92,0
DA:93,0
DA:104,0
DA:107,0
DA:108,0
DA:111,0
DA:112,0
DA:117,0
DA:118,0
DA:119,0
DA:121,0
DA:137,0
DA:138,0
DA:141,0
DA:142,0
DA:146,0
DA:155,0
DA:156,0
DA:159,0
DA:161,0
DA:162,0
DA:164,0
DA:165,0
DA:167,0
DA:169,0
DA:172,0
DA:174,0
DA:175,0
DA:185,0
DA:186,0
DA:189,0
DA:190,0
DA:193,0
DA:194,0
DA:195,0
DA:196,0
DA:197,0
DA:198,0
DA:199,0
DA:203,0
DA:204,0
DA:205,0
DA:206,0
DA:207,0
DA:211,0
DA:212,0
DA:213,0
DA:214,0
DA:215,0
DA:219,0
DA:220,0
DA:221,0
DA:222,0
DA:223,0
DA:227,0
DA:228,0
DA:229,0
DA:233,0
DA:237,0
LF:75
LH:0
BRDA:14,0,0,0
BRDA:14,0,1,0
BRDA:27,1,0,0
BRDA:27,1,1,0
BRDA:27,2,0,0
BRDA:27,2,1,0
BRDA:27,2,2,0
BRDA:48,3,0,0
BRDA:58,4,0,0
BRDA:58,4,1,0
BRDA:58,5,0,0
BRDA:58,5,1,0
BRDA:63,6,0,0
BRDA:63,6,1,0
BRDA:64,7,0,0
BRDA:64,7,1,0
BRDA:65,8,0,0
BRDA:65,8,1,0
BRDA:66,9,0,0
BRDA:66,9,1,0
BRDA:67,10,0,0
BRDA:67,10,1,0
BRDA:78,11,0,0
BRDA:78,11,1,0
BRDA:78,12,0,0
BRDA:78,12,1,0
BRDA:78,12,2,0
BRDA:90,13,0,0
BRDA:90,13,1,0
BRDA:92,14,0,0
BRDA:92,14,1,0
BRDA:112,15,0,0
BRDA:112,15,1,0
BRDA:137,16,0,0
BRDA:137,16,1,0
BRDA:137,17,0,0
BRDA:137,17,1,0
BRDA:142,18,0,0
BRDA:142,18,1,0
BRDA:155,19,0,0
BRDA:155,19,1,0
BRDA:185,20,0,0
BRDA:185,20,1,0
BRDA:193,21,0,0
BRDA:193,21,1,0
BRDA:195,22,0,0
BRDA:195,22,1,0
BRDA:196,23,0,0
BRDA:196,23,1,0
BRDA:197,24,0,0
BRDA:197,24,1,0
BRDA:198,25,0,0
BRDA:198,25,1,0
BRDA:199,26,0,0
BRDA:199,26,1,0
BRDA:203,27,0,0
BRDA:203,27,1,0
BRDA:205,28,0,0
BRDA:205,28,1,0
BRDA:205,29,0,0
BRDA:205,29,1,0
BRDA:206,30,0,0
BRDA:206,30,1,0
BRDA:206,31,0,0
BRDA:206,31,1,0
BRDA:207,32,0,0
BRDA:207,32,1,0
BRDA:207,33,0,0
BRDA:207,33,1,0
BRDA:211,34,0,0
BRDA:211,34,1,0
BRDA:211,35,0,0
BRDA:211,35,1,0
BRDA:213,36,0,0
BRDA:213,36,1,0
BRDA:214,37,0,0
BRDA:214,37,1,0
BRDA:215,38,0,0
BRDA:215,38,1,0
BRDA:219,39,0,0
BRDA:219,39,1,0
BRDA:221,40,0,0
BRDA:221,40,1,0
BRDA:221,41,0,0
BRDA:221,41,1,0
BRDA:222,42,0,0
BRDA:222,42,1,0
BRDA:223,43,0,0
BRDA:223,43,1,0
BRDA:223,44,0,0
BRDA:223,44,1,0
BRDA:227,45,0,0
BRDA:227,45,1,0
BRDA:227,46,0,0
BRDA:227,46,1,0
BRDA:227,46,2,0
BRDA:229,47,0,0
BRDA:229,47,1,0
BRDA:233,48,0,0
BRDA:233,48,1,0
BRF:100
BRH:0
end_of_record
TN:
SF:src/services/market-research/market-research-service.js
FN:28,(anonymous_0)
FN:32,(anonymous_1)
FN:33,(anonymous_2)
FN:34,(anonymous_3)
FN:58,(anonymous_4)
FN:119,(anonymous_5)
FN:167,(anonymous_6)
FN:211,(anonymous_7)
FN:248,(anonymous_8)
FN:289,(anonymous_9)
FN:328,(anonymous_10)
FN:366,(anonymous_11)
FN:375,(anonymous_12)
FN:382,(anonymous_13)
FN:387,(anonymous_14)
FN:399,(anonymous_15)
FN:418,(anonymous_16)
FN:497,(anonymous_17)
FN:512,(anonymous_18)
FN:513,(anonymous_19)
FN:531,(anonymous_20)
FN:532,(anonymous_21)
FN:550,(anonymous_22)
FN:551,(anonymous_23)
FN:569,(anonymous_24)
FN:597,(anonymous_25)
FNF:26
FNH:0
FNDA:0,(anonymous_0)
FNDA:0,(anonymous_1)
FNDA:0,(anonymous_2)
FNDA:0,(anonymous_3)
FNDA:0,(anonymous_4)
FNDA:0,(anonymous_5)
FNDA:0,(anonymous_6)
FNDA:0,(anonymous_7)
FNDA:0,(anonymous_8)
FNDA:0,(anonymous_9)
FNDA:0,(anonymous_10)
FNDA:0,(anonymous_11)
FNDA:0,(anonymous_12)
FNDA:0,(anonymous_13)
FNDA:0,(anonymous_14)
FNDA:0,(anonymous_15)
FNDA:0,(anonymous_16)
FNDA:0,(anonymous_17)
FNDA:0,(anonymous_18)
FNDA:0,(anonymous_19)
FNDA:0,(anonymous_20)
FNDA:0,(anonymous_21)
FNDA:0,(anonymous_22)
FNDA:0,(anonymous_23)
FNDA:0,(anonymous_24)
FNDA:0,(anonymous_25)
DA:10,0
DA:11,0
DA:12,0
DA:13,0
DA:14,0
DA:17,0
DA:18,0
DA:19,0
DA:20,0
DA:21,0
DA:22,0
DA:30,0
DA:32,0
DA:33,0
DA:34,0
DA:37,0
DA:38,0
DA:39,0
DA:40,0
DA:41,0
DA:42,0
DA:45,0
DA:48,0
DA:59,0
DA:61,0
DA:63,0
DA:64,0
DA:65,0
DA:69,0
DA:70,0
DA:74,0
DA:86,0
DA:87,0
DA:89,0
DA:91,0
DA:92,0
DA:95,0
DA:96,0
DA:100,0
DA:102,0
DA:103,0
DA:120,0
DA:122,0
DA:134,0
DA:135,0
DA:137,0
DA:138,0
DA:140,0
DA:141,0
DA:143,0
DA:144,0
DA:146,0
DA:147,0
DA:149,0
DA:150,0
DA:152,0
DA:159,0
DA:168,0
DA:171,0
DA:173,0
DA:174,0
DA:176,0
DA:198,0
DA:212,0
DA:215,0
DA:217,0
DA:218,0
DA:219,0
DA:220,0
DA:222,0
DA:235,0
DA:249,0
DA:252,0
DA:254,0
DA:255,0
DA:257,0
DA:276,0
DA:290,0
DA:293,0
DA:295,0
DA:296,0
DA:298,0
DA:315,0
DA:329,0
DA:332,0
DA:334,0
DA:335,0
DA:336,0
DA:340,0
DA:341,0
DA:342,0
DA:343,0
DA:345,0
DA:348,0
DA:361,0
DA:366,0
DA:376,0
DA:377,0
DA:381,0
DA:384,0
DA:385,0
DA:387,0
DA:396,0
DA:397,0
DA:399,0
DA:407,0
DA:410,0
DA:419,0
DA:420,0
DA:423,0
DA:424,0
DA:427,0
DA:428,0
DA:430,0
DA:431,0
DA:435,0
DA:437,0
DA:443,0
DA:446,0
DA:452,0
DA:456,0
DA:462,0
DA:465,0
DA:471,0
DA:476,0
DA:477,0
DA:484,0
DA:498,0
DA:500,0
DA:502,0
DA:504,0
DA:507,0
DA:508,0
DA:511,0
DA:512,0
DA:513,0
DA:522,0
DA:526,0
DA:527,0
DA:530,0
DA:531,0
DA:532,0
DA:541,0
DA:545,0
DA:546,0
DA:549,0
DA:550,0
DA:551,0
DA:560,0
DA:564,0
DA:565,0
DA:568,0
DA:569,0
DA:572,0
DA:573,0
DA:585,0
DA:591,0
DA:597,0
DA:598,0
DA:599,0
DA:601,0
DA:604,0
DA:605,0
LF:163
LH:0
BRDA:58,0,0,0
BRDA:58,1,0,0
BRDA:63,2,0,0
BRDA:63,2,1,0
BRDA:63,3,0,0
BRDA:63,3,1,0
BRDA:69,4,0,0
BRDA:69,4,1,0
BRDA:91,5,0,0
BRDA:91,5,1,0
BRDA:91,6,0,0
BRDA:91,6,1,0
BRDA:135,7,0,0
BRDA:135,7,1,0
BRDA:135,7,2,0
BRDA:135,7,3,0
BRDA:135,7,4,0
BRDA:135,7,5,0
BRDA:340,8,0,0
BRDA:340,8,1,0
BRDA:342,9,0,0
BRDA:342,9,1,0
BRDA:350,10,0,0
BRDA:350,10,1,0
BRDA:350,11,0,0
BRDA:350,11,1,0
BRDA:376,12,0,0
BRDA:376,12,1,0
BRDA:376,13,0,0
BRDA:376,13,1,0
BRDA:376,13,2,0
BRDA:385,14,0,0
BRDA:385,14,1,0
BRDA:385,15,0,0
BRDA:385,15,1,0
BRDA:391,16,0,0
BRDA:391,16,1,0
BRDA:392,17,0,0
BRDA:392,17,1,0
BRDA:396,18,0,0
BRDA:396,18,1,0
BRDA:396,19,0,0
BRDA:396,19,1,0
BRDA:419,20,0,0
BRDA:419,20,1,0
BRDA:419,21,0,0
BRDA:419,21,1,0
BRDA:430,22,0,0
BRDA:430,22,1,0
BRDA:430,23,0,0
BRDA:430,23,1,0
BRDA:430,23,2,0
BRDA:435,24,0,0
BRDA:435,24,1,0
BRDA:435,24,2,0
BRDA:435,24,3,0
BRDA:435,24,4,0
BRDA:476,25,0,0
BRDA:476,25,1,0
BRDA:498,26,0,0
BRDA:498,26,1,0
BRDA:498,27,0,0
BRDA:498,27,1,0
BRDA:498,27,2,0
BRDA:502,28,0,0
BRDA:502,28,1,0
BRDA:502,29,0,0
BRDA:502,29,1,0
BRDA:507,30,0,0
BRDA:507,30,1,0
BRDA:507,31,0,0
BRDA:507,31,1,0
BRDA:512,32,0,0
BRDA:512,32,1,0
BRDA:518,33,0,0
BRDA:518,33,1,0
BRDA:526,34,0,0
BRDA:526,34,1,0
BRDA:526,35,0,0
BRDA:526,35,1,0
BRDA:531,36,0,0
BRDA:531,36,1,0
BRDA:533,37,0,0
BRDA:533,37,1,0
BRDA:545,38,0,0
BRDA:545,38,1,0
BRDA:545,39,0,0
BRDA:545,39,1,0
BRDA:550,40,0,0
BRDA:550,40,1,0
BRDA:564,41,0,0
BRDA:564,41,1,0
BRDA:598,42,0,0
BRDA:598,42,1,0
BRF:94
BRH:0
end_of_record
TN:
SF:src/services/market-research/components/competitor-analyzer.js
FN:12,(anonymous_0)
FN:37,(anonymous_1)
FN:107,(anonymous_2)
FN:110,(anonymous_3)
FN:138,(anonymous_4)
FN:144,(anonymous_5)
FN:147,(anonymous_6)
FN:187,(anonymous_7)
FN:190,(anonymous_8)
FN:193,(anonymous_9)
FN:194,(anonymous_10)
FN:225,(anonymous_11)
FN:231,(anonymous_12)
FN:261,(anonymous_13)
FN:272,(anonymous_14)
FN:278,(anonymous_15)
FN:280,(anonymous_16)
FN:281,(anonymous_17)
FN:285,(anonymous_18)
FN:312,(anonymous_19)
FN:322,(anonymous_20)
FN:333,(anonymous_21)
FN:334,(anonymous_22)
FN:337,(anonymous_23)
FN:388,(anonymous_24)
FN:389,(anonymous_25)
FN:392,(anonymous_26)
FN:393,(anonymous_27)
FN:396,(anonymous_28)
FN:397,(anonymous_29)
FN:400,(anonymous_30)
FN:401,(anonymous_31)
FN:419,(anonymous_32)
FN:421,(anonymous_33)
FN:437,(anonymous_34)
FN:446,(anonymous_35)
FN:465,(anonymous_36)
FN:487,(anonymous_37)
FN:497,(anonymous_38)
FN:531,(anonymous_39)
FN:554,(anonymous_40)
FN:569,(anonymous_41)
FN:572,(anonymous_42)
FN:574,(anonymous_43)
FN:582,(anonymous_44)
FN:589,(anonymous_45)
FN:604,(anonymous_46)
FN:606,(anonymous_47)
FN:610,(anonymous_48)
FNF:49
FNH:0
FNDA:0,(anonymous_0)
FNDA:0,(anonymous_1)
FNDA:0,(anonymous_2)
FNDA:0,(anonymous_3)
FNDA:0,(anonymous_4)
FNDA:0,(anonymous_5)
FNDA:0,(anonymous_6)
FNDA:0,(anonymous_7)
FNDA:0,(anonymous_8)
FNDA:0,(anonymous_9)
FNDA:0,(anonymous_10)
FNDA:0,(anonymous_11)
FNDA:0,(anonymous_12)
FNDA:0,(anonymous_13)
FNDA:0,(anonymous_14)
FNDA:0,(anonymous_15)
FNDA:0,(anonymous_16)
FNDA:0,(anonymous_17)
FNDA:0,(anonymous_18)
FNDA:0,(anonymous_19)
FNDA:0,(anonymous_20)
FNDA:0,(anonymous_21)
FNDA:0,(anonymous_22)
FNDA:0,(anonymous_23)
FNDA:0,(anonymous_24)
FNDA:0,(anonymous_25)
FNDA:0,(anonymous_26)
FNDA:0,(anonymous_27)
FNDA:0,(anonymous_28)
FNDA:0,(anonymous_29)
FNDA:0,(anonymous_30)
FNDA:0,(anonymous_31)
FNDA:0,(anonymous_32)
FNDA:0,(anonymous_33)
FNDA:0,(anonymous_34)
FNDA:0,(anonymous_35)
FNDA:0,(anonymous_36)
FNDA:0,(anonymous_37)
FNDA:0,(anonymous_38)
FNDA:0,(anonymous_39)
FNDA:0,(anonymous_40)
FNDA:0,(anonymous_41)
FNDA:0,(anonymous_42)
FNDA:0,(anonymous_43)
FNDA:0,(anonymous_44)
FNDA:0,(anonymous_45)
FNDA:0,(anonymous_46)
FNDA:0,(anonymous_47)
FNDA:0,(anonymous_48)
DA:14,0
DA:38,0
DA:40,0
DA:41,0
DA:42,0
DA:55,0
DA:58,0
DA:61,0
DA:64,0
DA:71,0
DA:78,0
DA:88,0
DA:89,0
DA:109,0
DA:110,0
DA:112,0
DA:114,0
DA:119,0
DA:124,0
DA:125,0
DA:129,0
DA:140,0
DA:143,0
DA:144,0
DA:145,0
DA:147,0
DA:149,0
DA:151,0
DA:153,0
DA:154,0
DA:156,0
DA:157,0
DA:159,0
DA:163,0
DA:164,0
DA:170,0
DA:171,0
DA:172,0
DA:173,0
DA:175,0
DA:177,0
DA:180,0
DA:186,0
DA:187,0
DA:188,0
DA:190,0
DA:191,0
DA:193,0
DA:194,0
DA:198,0
DA:199,0
DA:201,0
DA:204,0
DA:213,0
DA:227,0
DA:228,0
DA:229,0
DA:231,0
DA:232,0
DA:234,0
DA:236,0
DA:237,0
DA:239,0
DA:243,0
DA:244,0
DA:246,0
DA:249,0
DA:250,0
DA:251,0
DA:256,0
DA:257,0
DA:258,0
DA:259,0
DA:261,0
DA:262,0
DA:263,0
DA:269,0
DA:270,0
DA:272,0
DA:273,0
DA:278,0
DA:279,0
DA:280,0
DA:281,0
DA:285,0
DA:288,0
DA:289,0
DA:290,0
DA:291,0
DA:292,0
DA:294,0
DA:297,0
DA:313,0
DA:314,0
DA:317,0
DA:318,0
DA:322,0
DA:323,0
DA:324,0
DA:327,0
DA:328,0
DA:332,0
DA:333,0
DA:334,0
DA:337,0
DA:340,0
DA:341,0
DA:343,0
DA:345,0
DA:351,0
DA:353,0
DA:359,0
DA:361,0
DA:367,0
DA:369,0
DA:377,0
DA:387,0
DA:388,0
DA:389,0
DA:391,0
DA:392,0
DA:393,0
DA:395,0
DA:396,0
DA:397,0
DA:399,0
DA:400,0
DA:401,0
DA:403,0
DA:421,0
DA:426,0
DA:438,0
DA:441,0
DA:442,0
DA:446,0
DA:449,0
DA:450,0
DA:454,0
DA:462,0
DA:463,0
DA:465,0
DA:466,0
DA:467,0
DA:468,0
DA:469,0
DA:475,0
DA:476,0
DA:477,0
DA:479,0
DA:480,0
DA:481,0
DA:482,0
DA:487,0
DA:488,0
DA:489,0
DA:493,0
DA:494,0
DA:495,0
DA:497,0
DA:498,0
DA:500,0
DA:501,0
DA:505,0
DA:506,0
DA:514,0
DA:515,0
DA:516,0
DA:517,0
DA:518,0
DA:519,0
DA:523,0
DA:532,0
DA:535,0
DA:536,0
DA:539,0
DA:540,0
DA:544,0
DA:545,0
DA:546,0
DA:549,0
DA:550,0
DA:554,0
DA:557,0
DA:558,0
DA:561,0
DA:570,0
DA:572,0
DA:574,0
DA:575,0
DA:576,0
DA:581,0
DA:582,0
DA:583,0
DA:588,0
DA:589,0
DA:590,0
DA:595,0
DA:606,0
DA:610,0
DA:613,0
DA:614,0
DA:615,0
DA:616,0
DA:617,0
DA:618,0
DA:622,0
DA:626,0
LF:207
LH:0
BRDA:37,0,0,0
BRDA:40,1,0,0
BRDA:40,1,1,0
BRDA:40,2,0,0
BRDA:40,2,1,0
BRDA:40,2,2,0
BRDA:109,3,0,0
BRDA:109,3,1,0
BRDA:112,4,0,0
BRDA:112,4,1,0
BRDA:124,5,0,0
BRDA:124,5,1,0
BRDA:124,6,0,0
BRDA:124,6,1,0
BRDA:138,7,0,0
BRDA:140,8,0,0
BRDA:140,8,1,0
BRDA:151,9,0,0
BRDA:151,9,1,0
BRDA:154,10,0,0
BRDA:154,10,1,0
BRDA:154,11,0,0
BRDA:154,11,1,0
BRDA:157,12,0,0
BRDA:157,12,1,0
BRDA:157,13,0,0
BRDA:157,13,1,0
BRDA:163,14,0,0
BRDA:163,14,1,0
BRDA:164,15,0,0
BRDA:164,15,1,0
BRDA:164,16,0,0
BRDA:164,16,1,0
BRDA:170,17,0,0
BRDA:170,17,1,0
BRDA:172,18,0,0
BRDA:172,18,1,0
BRDA:191,19,0,0
BRDA:191,19,1,0
BRDA:198,20,0,0
BRDA:198,20,1,0
BRDA:234,21,0,0
BRDA:234,21,1,0
BRDA:237,22,0,0
BRDA:237,22,1,0
BRDA:237,23,0,0
BRDA:237,23,1,0
BRDA:243,24,0,0
BRDA:243,24,1,0
BRDA:244,25,0,0
BRDA:244,25,1,0
BRDA:246,26,0,0
BRDA:246,26,1,0
BRDA:256,27,0,0
BRDA:256,27,1,0
BRDA:256,28,0,0
BRDA:256,28,1,0
BRDA:262,29,0,0
BRDA:262,29,1,0
BRDA:269,30,0,0
BRDA:269,30,1,0
BRDA:289,31,0,0
BRDA:289,31,1,0
BRDA:291,32,0,0
BRDA:291,32,1,0
BRDA:312,33,0,0
BRDA:314,34,0,0
BRDA:314,34,1,0
BRDA:317,35,0,0
BRDA:317,35,1,0
BRDA:327,36,0,0
BRDA:327,36,1,0
BRDA:343,37,0,0
BRDA:343,37,1,0
BRDA:343,38,0,0
BRDA:343,38,1,0
BRDA:351,39,0,0
BRDA:351,39,1,0
BRDA:351,40,0,0
BRDA:351,40,1,0
BRDA:359,41,0,0
BRDA:359,41,1,0
BRDA:359,42,0,0
BRDA:359,42,1,0
BRDA:367,43,0,0
BRDA:367,43,1,0
BRDA:367,44,0,0
BRDA:367,44,1,0
BRDA:381,45,0,0
BRDA:381,45,1,0
BRDA:421,46,0,0
BRDA:421,46,1,0
BRDA:421,46,2,0
BRDA:421,46,3,0
BRDA:426,47,0,0
BRDA:426,47,1,0
BRDA:437,48,0,0
BRDA:438,49,0,0
BRDA:438,49,1,0
BRDA:441,50,0,0
BRDA:441,50,1,0
BRDA:449,51,0,0
BRDA:449,51,1,0
BRDA:462,52,0,0
BRDA:462,52,1,0
BRDA:462,53,0,0
BRDA:462,53,1,0
BRDA:466,54,0,0
BRDA:466,54,1,0
BRDA:466,55,0,0
BRDA:466,55,1,0
BRDA:468,56,0,0
BRDA:468,56,1,0
BRDA:468,57,0,0
BRDA:468,57,1,0
BRDA:475,58,0,0
BRDA:475,58,1,0
BRDA:475,59,0,0
BRDA:475,59,1,0
BRDA:479,60,0,0
BRDA:479,60,1,0
BRDA:481,61,0,0
BRDA:481,61,1,0
BRDA:488,62,0,0
BRDA:488,62,1,0
BRDA:493,63,0,0
BRDA:493,63,1,0
BRDA:493,64,0,0
BRDA:493,64,1,0
BRDA:498,65,0,0
BRDA:498,65,1,0
BRDA:500,66,0,0
BRDA:500,66,1,0
BRDA:500,67,0,0
BRDA:500,67,1,0
BRDA:505,68,0,0
BRDA:505,68,1,0
BRDA:505,69,0,0
BRDA:505,69,1,0
BRDA:514,70,0,0
BRDA:514,70,1,0
BRDA:515,71,0,0
BRDA:515,71,1,0
BRDA:517,72,0,0
BRDA:517,72,1,0
BRDA:535,73,0,0
BRDA:535,73,1,0
BRDA:539,74,0,0
BRDA:539,74,1,0
BRDA:545,75,0,0
BRDA:545,75,1,0
BRDA:549,76,0,0
BRDA:549,76,1,0
BRDA:554,77,0,0
BRDA:554,77,1,0
BRDA:554,77,2,0
BRDA:557,78,0,0
BRDA:557,78,1,0
BRDA:575,79,0,0
BRDA:575,79,1,0
BRDA:581,80,0,0
BRDA:581,80,1,0
BRDA:588,81,0,0
BRDA:588,81,1,0
BRDA:606,82,0,0
BRDA:606,82,1,0
BRDA:606,82,2,0
BRDA:610,83,0,0
BRDA:610,83,1,0
BRDA:613,84,0,0
BRDA:613,84,1,0
BRDA:613,85,0,0
BRDA:613,85,1,0
BRDA:615,86,0,0
BRDA:615,86,1,0
BRDA:617,87,0,0
BRDA:617,87,1,0
BRF:177
BRH:0
end_of_record
TN:
SF:src/services/market-research/components/gap-opportunity-identifier.js
FN:12,(anonymous_0)
FN:34,(anonymous_1)
FN:99,(anonymous_2)
FN:104,(anonymous_3)
FN:124,(anonymous_4)
FN:127,(anonymous_5)
FN:146,(anonymous_6)
FN:149,(anonymous_7)
FN:170,(anonymous_8)
FN:176,(anonymous_9)
FN:177,(anonymous_10)
FN:183,(anonymous_11)
FN:214,(anonymous_12)
FN:225,(anonymous_13)
FN:234,(anonymous_14)
FN:259,(anonymous_15)
FN:267,(anonymous_16)
FN:273,(anonymous_17)
FN:282,(anonymous_18)
FN:294,(anonymous_19)
FN:311,(anonymous_20)
FN:344,(anonymous_21)
FN:348,(anonymous_22)
FN:373,(anonymous_23)
FN:385,(anonymous_24)
FN:414,(anonymous_25)
FN:440,(anonymous_26)
FN:474,(anonymous_27)
FN:513,(anonymous_28)
FN:540,(anonymous_29)
FN:569,(anonymous_30)
FN:591,(anonymous_31)
FN:626,(anonymous_32)
FN:647,(anonymous_33)
FN:665,(anonymous_34)
FN:670,(anonymous_35)
FN:695,(anonymous_36)
FN:732,(anonymous_37)
FNF:38
FNH:0
FNDA:0,(anonymous_0)
FNDA:0,(anonymous_1)
FNDA:0,(anonymous_2)
FNDA:0,(anonymous_3)
FNDA:0,(anonymous_4)
FNDA:0,(anonymous_5)
FNDA:0,(anonymous_6)
FNDA:0,(anonymous_7)
FNDA:0,(anonymous_8)
FNDA:0,(anonymous_9)
FNDA:0,(anonymous_10)
FNDA:0,(anonymous_11)
FNDA:0,(anonymous_12)
FNDA:0,(anonymous_13)
FNDA:0,(anonymous_14)
FNDA:0,(anonymous_15)
FNDA:0,(anonymous_16)
FNDA:0,(anonymous_17)
FNDA:0,(anonymous_18)
FNDA:0,(anonymous_19)
FNDA:0,(anonymous_20)
FNDA:0,(anonymous_21)
FNDA:0,(anonymous_22)
FNDA:0,(anonymous_23)
FNDA:0,(anonymous_24)
FNDA:0,(anonymous_25)
FNDA:0,(anonymous_26)
FNDA:0,(anonymous_27)
FNDA:0,(anonymous_28)
FNDA:0,(anonymous_29)
FNDA:0,(anonymous_30)
FNDA:0,(anonymous_31)
FNDA:0,(anonymous_32)
FNDA:0,(anonymous_33)
FNDA:0,(anonymous_34)
FNDA:0,(anonymous_35)
FNDA:0,(anonymous_36)
FNDA:0,(anonymous_37)
DA:14,0
DA:35,0
DA:37,0
DA:38,0
DA:39,0
DA:50,0
DA:58,0
DA:66,0
DA:71,0
DA:79,0
DA:80,0
DA:100,0
DA:103,0
DA:104,0
DA:106,0
DA:108,0
DA:109,0
DA:123,0
DA:124,0
DA:126,0
DA:127,0
DA:128,0
DA:129,0
DA:145,0
DA:146,0
DA:148,0
DA:149,0
DA:150,0
DA:151,0
DA:167,0
DA:168,0
DA:170,0
DA:172,0
DA:175,0
DA:176,0
DA:177,0
DA:178,0
DA:181,0
DA:183,0
DA:186,0
DA:187,0
DA:189,0
DA:190,0
DA:191,0
DA:192,0
DA:193,0
DA:198,0
DA:199,0
DA:214,0
DA:216,0
DA:227,0
DA:228,0
DA:232,0
DA:234,0
DA:235,0
DA:237,0
DA:238,0
DA:244,0
DA:246,0
DA:247,0
DA:250,0
DA:261,0
DA:262,0
DA:266,0
DA:268,0
DA:269,0
DA:271,0
DA:273,0
DA:283,0
DA:286,0
DA:287,0
DA:291,0
DA:293,0
DA:294,0
DA:295,0
DA:296,0
DA:301,0
DA:313,0
DA:316,0
DA:318,0
DA:320,0
DA:321,0
DA:323,0
DA:324,0
DA:326,0
DA:327,0
DA:329,0
DA:330,0
DA:333,0
DA:345,0
DA:348,0
DA:350,0
DA:357,0
DA:358,0
DA:373,0
DA:375,0
DA:387,0
DA:390,0
DA:391,0
DA:394,0
DA:395,0
DA:398,0
DA:399,0
DA:402,0
DA:403,0
DA:405,0
DA:416,0
DA:417,0
DA:421,0
DA:424,0
DA:425,0
DA:426,0
DA:427,0
DA:428,0
DA:429,0
DA:431,0
DA:442,0
DA:443,0
DA:447,0
DA:448,0
DA:450,0
DA:451,0
DA:452,0
DA:453,0
DA:454,0
DA:455,0
DA:457,0
DA:461,0
DA:462,0
DA:465,0
DA:476,0
DA:477,0
DA:481,0
DA:483,0
DA:484,0
DA:485,0
DA:486,0
DA:488,0
DA:489,0
DA:492,0
DA:493,0
DA:494,0
DA:495,0
DA:496,0
DA:497,0
DA:498,0
DA:499,0
DA:501,0
DA:505,0
DA:515,0
DA:516,0
DA:517,0
DA:518,0
DA:519,0
DA:520,0
DA:521,0
DA:523,0
DA:525,0
DA:526,0
DA:528,0
DA:532,0
DA:541,0
DA:543,0
DA:545,0
DA:546,0
DA:548,0
DA:549,0
DA:551,0
DA:552,0
DA:554,0
DA:555,0
DA:557,0
DA:560,0
DA:570,0
DA:572,0
DA:574,0
DA:576,0
DA:578,0
DA:579,0
DA:581,0
DA:592,0
DA:595,0
DA:596,0
DA:600,0
DA:602,0
DA:603,0
DA:604,0
DA:606,0
DA:607,0
DA:609,0
DA:610,0
DA:611,0
DA:613,0
DA:614,0
DA:615,0
DA:618,0
DA:627,0
DA:629,0
DA:631,0
DA:633,0
DA:635,0
DA:637,0
DA:649,0
DA:650,0
DA:651,0
DA:652,0
DA:653,0
DA:654,0
DA:656,0
DA:667,0
DA:668,0
DA:670,0
DA:672,0
DA:673,0
DA:676,0
DA:681,0
DA:682,0
DA:685,0
DA:696,0
DA:699,0
DA:700,0
DA:703,0
DA:704,0
DA:707,0
DA:708,0
DA:712,0
DA:713,0
DA:717,0
DA:718,0
DA:721,0
DA:734,0
DA:736,0
DA:737,0
DA:738,0
DA:740,0
DA:741,0
DA:742,0
DA:743,0
DA:744,0
DA:745,0
DA:748,0
DA:752,0
LF:242
LH:0
BRDA:34,0,0,0
BRDA:37,1,0,0
BRDA:37,1,1,0
BRDA:37,2,0,0
BRDA:37,2,1,0
BRDA:37,2,2,0
BRDA:99,3,0,0
BRDA:103,4,0,0
BRDA:103,4,1,0
BRDA:103,5,0,0
BRDA:103,5,1,0
BRDA:103,5,2,0
BRDA:108,6,0,0
BRDA:108,6,1,0
BRDA:114,7,0,0
BRDA:114,7,1,0
BRDA:115,8,0,0
BRDA:115,8,1,0
BRDA:123,9,0,0
BRDA:123,9,1,0
BRDA:123,10,0,0
BRDA:123,10,1,0
BRDA:126,11,0,0
BRDA:126,11,1,0
BRDA:128,12,0,0
BRDA:128,12,1,0
BRDA:128,13,0,0
BRDA:128,13,1,0
BRDA:134,14,0,0
BRDA:134,14,1,0
BRDA:145,15,0,0
BRDA:145,15,1,0
BRDA:145,16,0,0
BRDA:145,16,1,0
BRDA:148,17,0,0
BRDA:148,17,1,0
BRDA:150,18,0,0
BRDA:150,18,1,0
BRDA:150,19,0,0
BRDA:150,19,1,0
BRDA:156,20,0,0
BRDA:156,20,1,0
BRDA:167,21,0,0
BRDA:167,21,1,0
BRDA:167,22,0,0
BRDA:167,22,1,0
BRDA:175,23,0,0
BRDA:175,23,1,0
BRDA:181,24,0,0
BRDA:181,24,1,0
BRDA:191,25,0,0
BRDA:191,25,1,0
BRDA:198,26,0,0
BRDA:198,26,1,0
BRDA:227,27,0,0
BRDA:227,27,1,0
BRDA:227,28,0,0
BRDA:227,28,1,0
BRDA:235,29,0,0
BRDA:235,29,1,0
BRDA:235,30,0,0
BRDA:235,30,1,0
BRDA:237,31,0,0
BRDA:237,31,1,0
BRDA:246,32,0,0
BRDA:246,32,1,0
BRDA:261,33,0,0
BRDA:261,33,1,0
BRDA:261,34,0,0
BRDA:261,34,1,0
BRDA:268,35,0,0
BRDA:268,35,1,0
BRDA:268,36,0,0
BRDA:268,36,1,0
BRDA:286,37,0,0
BRDA:286,37,1,0
BRDA:286,38,0,0
BRDA:286,38,1,0
BRDA:286,38,2,0
BRDA:293,39,0,0
BRDA:293,39,1,0
BRDA:295,40,0,0
BRDA:295,40,1,0
BRDA:318,41,0,0
BRDA:318,41,1,0
BRDA:318,41,2,0
BRDA:318,41,3,0
BRDA:344,42,0,0
BRDA:357,43,0,0
BRDA:357,43,1,0
BRDA:416,44,0,0
BRDA:416,44,1,0
BRDA:416,45,0,0
BRDA:416,45,1,0
BRDA:424,46,0,0
BRDA:424,46,1,0
BRDA:426,47,0,0
BRDA:426,47,1,0
BRDA:428,48,0,0
BRDA:428,48,1,0
BRDA:442,49,0,0
BRDA:442,49,1,0
BRDA:447,50,0,0
BRDA:447,50,1,0
BRDA:447,51,0,0
BRDA:447,51,1,0
BRDA:450,52,0,0
BRDA:450,52,1,0
BRDA:452,53,0,0
BRDA:452,53,1,0
BRDA:454,54,0,0
BRDA:454,54,1,0
BRDA:461,55,0,0
BRDA:461,55,1,0
BRDA:476,56,0,0
BRDA:476,56,1,0
BRDA:476,57,0,0
BRDA:476,57,1,0
BRDA:476,57,2,0
BRDA:483,58,0,0
BRDA:483,58,1,0
BRDA:488,59,0,0
BRDA:488,59,1,0
BRDA:492,60,0,0
BRDA:492,60,1,0
BRDA:494,61,0,0
BRDA:494,61,1,0
BRDA:496,62,0,0
BRDA:496,62,1,0
BRDA:498,63,0,0
BRDA:498,63,1,0
BRDA:515,64,0,0
BRDA:515,64,1,0
BRDA:517,65,0,0
BRDA:517,65,1,0
BRDA:519,66,0,0
BRDA:519,66,1,0
BRDA:521,67,0,0
BRDA:521,67,1,0
BRDA:523,68,0,0
BRDA:523,68,1,0
BRDA:523,69,0,0
BRDA:523,69,1,0
BRDA:526,70,0,0
BRDA:526,70,1,0
BRDA:526,71,0,0
BRDA:526,71,1,0
BRDA:543,72,0,0
BRDA:543,72,1,0
BRDA:543,72,2,0
BRDA:543,72,3,0
BRDA:543,72,4,0
BRDA:570,73,0,0
BRDA:570,73,1,0
BRDA:570,73,2,0
BRDA:570,73,3,0
BRDA:570,73,4,0
BRDA:595,74,0,0
BRDA:595,74,1,0
BRDA:600,75,0,0
BRDA:600,75,1,0
BRDA:600,75,2,0
BRDA:600,75,3,0
BRDA:627,76,0,0
BRDA:627,76,1,0
BRDA:627,76,2,0
BRDA:627,76,3,0
BRDA:627,76,4,0
BRDA:649,77,0,0
BRDA:649,77,1,0
BRDA:651,78,0,0
BRDA:651,78,1,0
BRDA:653,79,0,0
BRDA:653,79,1,0
BRDA:672,80,0,0
BRDA:672,80,1,0
BRDA:681,81,0,0
BRDA:681,81,1,0
BRDA:681,82,0,0
BRDA:681,82,1,0
BRDA:699,83,0,0
BRDA:699,83,1,0
BRDA:699,84,0,0
BRDA:699,84,1,0
BRDA:703,85,0,0
BRDA:703,85,1,0
BRDA:703,86,0,0
BRDA:703,86,1,0
BRDA:707,87,0,0
BRDA:707,87,1,0
BRDA:707,88,0,0
BRDA:707,88,1,0
BRDA:712,89,0,0
BRDA:712,89,1,0
BRDA:712,90,0,0
BRDA:712,90,1,0
BRDA:712,90,2,0
BRDA:717,91,0,0
BRDA:717,91,1,0
BRDA:717,92,0,0
BRDA:717,92,1,0
BRDA:717,92,2,0
BRDA:736,93,0,0
BRDA:736,93,1,0
BRDA:736,94,0,0
BRDA:736,94,1,0
BRDA:737,95,0,0
BRDA:737,95,1,0
BRDA:737,96,0,0
BRDA:737,96,1,0
BRDA:738,97,0,0
BRDA:738,97,1,0
BRDA:738,98,0,0
BRDA:738,98,1,0
BRDA:740,99,0,0
BRDA:740,99,1,0
BRDA:742,100,0,0
BRDA:742,100,1,0
BRDA:744,101,0,0
BRDA:744,101,1,0
BRF:220
BRH:0
end_of_record
TN:
SF:src/services/market-research/components/market-segmentation.js
FN:12,(anonymous_0)
FN:39,(anonymous_1)
FN:98,(anonymous_2)
FN:124,(anonymous_3)
FN:156,(anonymous_4)
FN:189,(anonymous_5)
FN:231,(anonymous_6)
FN:257,(anonymous_7)
FN:264,(anonymous_8)
FN:279,(anonymous_9)
FN:309,(anonymous_10)
FN:328,(anonymous_11)
FN:373,(anonymous_12)
FN:478,(anonymous_13)
FN:480,(anonymous_14)
FN:481,(anonymous_15)
FN:489,(anonymous_16)
FN:491,(anonymous_17)
FN:504,(anonymous_18)
FN:524,(anonymous_19)
FN:526,(anonymous_20)
FN:538,(anonymous_21)
FN:559,(anonymous_22)
FNF:23
FNH:0
FNDA:0,(anonymous_0)
FNDA:0,(anonymous_1)
FNDA:0,(anonymous_2)
FNDA:0,(anonymous_3)
FNDA:0,(anonymous_4)
FNDA:0,(anonymous_5)
FNDA:0,(anonymous_6)
FNDA:0,(anonymous_7)
FNDA:0,(anonymous_8)
FNDA:0,(anonymous_9)
FNDA:0,(anonymous_10)
FNDA:0,(anonymous_11)
FNDA:0,(anonymous_12)
FNDA:0,(anonymous_13)
FNDA:0,(anonymous_14)
FNDA:0,(anonymous_15)
FNDA:0,(anonymous_16)
FNDA:0,(anonymous_17)
FNDA:0,(anonymous_18)
FNDA:0,(anonymous_19)
FNDA:0,(anonymous_20)
FNDA:0,(anonymous_21)
FNDA:0,(anonymous_22)
DA:14,0
DA:19,0
DA:25,0
DA:40,0
DA:42,0
DA:43,0
DA:44,0
DA:56,0
DA:60,0
DA:62,0
DA:63,0
DA:65,0
DA:66,0
DA:68,0
DA:69,0
DA:71,0
DA:75,0
DA:77,0
DA:79,0
DA:80,0
DA:100,0
DA:101,0
DA:105,0
DA:106,0
DA:110,0
DA:111,0
DA:115,0
DA:126,0
DA:132,0
DA:139,0
DA:141,0
DA:158,0
DA:164,0
DA:171,0
DA:173,0
DA:191,0
DA:197,0
DA:203,0
DA:204,0
DA:207,0
DA:214,0
DA:216,0
DA:233,0
DA:234,0
DA:237,0
DA:240,0
DA:242,0
DA:258,0
DA:261,0
DA:262,0
DA:264,0
DA:265,0
DA:269,0
DA:280,0
DA:283,0
DA:284,0
DA:285,0
DA:291,0
DA:295,0
DA:296,0
DA:300,0
DA:310,0
DA:312,0
DA:313,0
DA:314,0
DA:318,0
DA:329,0
DA:330,0
DA:333,0
DA:336,0
DA:337,0
DA:339,0
DA:342,0
DA:344,0
DA:347,0
DA:354,0
DA:357,0
DA:361,0
DA:364,0
DA:375,0
DA:376,0
DA:385,0
DA:386,0
DA:389,0
DA:391,0
DA:405,0
DA:407,0
DA:418,0
DA:420,0
DA:428,0
DA:430,0
DA:441,0
DA:443,0
DA:454,0
DA:456,0
DA:469,0
DA:480,0
DA:481,0
DA:489,0
DA:491,0
DA:505,0
DA:526,0
DA:529,0
DA:539,0
DA:542,0
DA:543,0
DA:544,0
DA:545,0
DA:546,0
DA:550,0
DA:560,0
DA:563,0
DA:564,0
DA:565,0
DA:566,0
DA:567,0
DA:571,0
DA:575,0
LF:118
LH:0
BRDA:39,0,0,0
BRDA:42,1,0,0
BRDA:42,1,1,0
BRDA:42,2,0,0
BRDA:42,2,1,0
BRDA:60,3,0,0
BRDA:60,3,1,0
BRDA:60,3,2,0
BRDA:60,3,3,0
BRDA:71,4,0,0
BRDA:71,4,1,0
BRDA:100,5,0,0
BRDA:100,5,1,0
BRDA:100,6,0,0
BRDA:100,6,1,0
BRDA:105,7,0,0
BRDA:105,7,1,0
BRDA:110,8,0,0
BRDA:110,8,1,0
BRDA:124,9,0,0
BRDA:156,10,0,0
BRDA:189,11,0,0
BRDA:231,12,0,0
BRDA:262,13,0,0
BRDA:262,13,1,0
BRDA:262,14,0,0
BRDA:262,14,1,0
BRDA:262,14,2,0
BRDA:262,14,3,0
BRDA:262,14,4,0
BRDA:279,15,0,0
BRDA:283,16,0,0
BRDA:283,16,1,0
BRDA:283,17,0,0
BRDA:283,17,1,0
BRDA:295,18,0,0
BRDA:295,18,1,0
BRDA:313,19,0,0
BRDA:313,19,1,0
BRDA:328,20,0,0
BRDA:330,21,0,0
BRDA:330,21,1,0
BRDA:337,22,0,0
BRDA:337,22,1,0
BRDA:344,23,0,0
BRDA:344,23,1,0
BRDA:357,24,0,0
BRDA:357,24,1,0
BRDA:361,25,0,0
BRDA:361,25,1,0
BRDA:375,26,0,0
BRDA:375,26,1,0
BRDA:389,27,0,0
BRDA:389,27,1,0
BRDA:389,27,2,0
BRDA:389,27,3,0
BRDA:389,27,4,0
BRDA:389,27,5,0
BRDA:480,28,0,0
BRDA:480,28,1,0
BRDA:484,29,0,0
BRDA:484,29,1,0
BRDA:489,30,0,0
BRDA:489,30,1,0
BRDA:493,31,0,0
BRDA:493,31,1,0
BRDA:494,32,0,0
BRDA:494,32,1,0
BRDA:494,33,0,0
BRDA:494,33,1,0
BRDA:509,34,0,0
BRDA:509,34,1,0
BRDA:510,35,0,0
BRDA:510,35,1,0
BRDA:513,36,0,0
BRDA:513,36,1,0
BRDA:514,37,0,0
BRDA:514,37,1,0
BRDA:526,38,0,0
BRDA:526,38,1,0
BRDA:543,39,0,0
BRDA:543,39,1,0
BRDA:543,40,0,0
BRDA:543,40,1,0
BRDA:545,41,0,0
BRDA:545,41,1,0
BRDA:564,42,0,0
BRDA:564,42,1,0
BRDA:564,43,0,0
BRDA:564,43,1,0
BRDA:566,44,0,0
BRDA:566,44,1,0
BRF:92
BRH:0
end_of_record
TN:
SF:src/services/market-research/components/market-size-estimator.js
FN:12,(anonymous_0)
FN:48,(anonymous_1)
FN:109,(anonymous_2)
FN:140,(anonymous_3)
FN:170,(anonymous_4)
FN:203,(anonymous_5)
FN:235,(anonymous_6)
FN:273,(anonymous_7)
FN:302,(anonymous_8)
FN:353,(anonymous_9)
FNF:10
FNH:0
FNDA:0,(anonymous_0)
FNDA:0,(anonymous_1)
FNDA:0,(anonymous_2)
FNDA:0,(anonymous_3)
FNDA:0,(anonymous_4)
FNDA:0,(anonymous_5)
FNDA:0,(anonymous_6)
FNDA:0,(anonymous_7)
FNDA:0,(anonymous_8)
FNDA:0,(anonymous_9)
DA:14,0
DA:28,0
DA:49,0
DA:51,0
DA:52,0
DA:53,0
DA:65,0
DA:69,0
DA:71,0
DA:72,0
DA:74,0
DA:75,0
DA:77,0
DA:78,0
DA:80,0
DA:81,0
DA:83,0
DA:87,0
DA:89,0
DA:91,0
DA:92,0
DA:111,0
DA:112,0
DA:116,0
DA:117,0
DA:121,0
DA:122,0
DA:126,0
DA:127,0
DA:131,0
DA:141,0
DA:142,0
DA:143,0
DA:146,0
DA:147,0
DA:151,0
DA:155,0
DA:171,0
DA:172,0
DA:173,0
DA:176,0
DA:177,0
DA:178,0
DA:179,0
DA:184,0
DA:188,0
DA:204,0
DA:205,0
DA:208,0
DA:209,0
DA:213,0
DA:216,0
DA:220,0
DA:236,0
DA:237,0
DA:238,0
DA:241,0
DA:242,0
DA:243,0
DA:244,0
DA:248,0
DA:251,0
DA:254,0
DA:258,0
DA:275,0
DA:279,0
DA:282,0
DA:286,0
DA:303,0
DA:304,0
DA:307,0
DA:308,0
DA:309,0
DA:310,0
DA:313,0
DA:316,0
DA:317,0
DA:319,0
DA:321,0
DA:329,0
DA:330,0
DA:331,0
DA:334,0
DA:342,0
DA:358,0
DA:361,0
DA:363,0
DA:367,0
LF:88
LH:0
BRDA:48,0,0,0
BRDA:51,1,0,0
BRDA:51,1,1,0
BRDA:69,2,0,0
BRDA:69,2,1,0
BRDA:69,2,2,0
BRDA:69,2,3,0
BRDA:69,2,4,0
BRDA:111,3,0,0
BRDA:111,3,1,0
BRDA:111,4,0,0
BRDA:111,4,1,0
BRDA:116,5,0,0
BRDA:116,5,1,0
BRDA:116,6,0,0
BRDA:116,6,1,0
BRDA:121,7,0,0
BRDA:121,7,1,0
BRDA:126,8,0,0
BRDA:126,8,1,0
BRDA:140,9,0,0
BRDA:142,10,0,0
BRDA:142,10,1,0
BRDA:151,11,0,0
BRDA:151,11,1,0
BRDA:151,11,2,0
BRDA:170,12,0,0
BRDA:177,13,0,0
BRDA:177,13,1,0
BRDA:184,14,0,0
BRDA:184,14,1,0
BRDA:184,14,2,0
BRDA:203,15,0,0
BRDA:204,16,0,0
BRDA:204,16,1,0
BRDA:216,17,0,0
BRDA:216,17,1,0
BRDA:216,17,2,0
BRDA:235,18,0,0
BRDA:236,19,0,0
BRDA:236,19,1,0
BRDA:242,20,0,0
BRDA:242,20,1,0
BRDA:248,21,0,0
BRDA:248,21,1,0
BRDA:254,22,0,0
BRDA:254,22,1,0
BRDA:254,22,2,0
BRDA:273,23,0,0
BRDA:275,24,0,0
BRDA:275,24,1,0
BRDA:276,25,0,0
BRDA:276,25,1,0
BRDA:282,26,0,0
BRDA:282,26,1,0
BRDA:282,26,2,0
BRDA:302,27,0,0
BRDA:303,28,0,0
BRDA:303,28,1,0
BRDA:308,29,0,0
BRDA:308,29,1,0
BRDA:309,30,0,0
BRDA:309,30,1,0
BRDA:310,31,0,0
BRDA:310,31,1,0
BRDA:329,32,0,0
BRDA:329,32,1,0
BRF:67
BRH:0
end_of_record
TN:
SF:src/services/market-research/components/price-analyzer.js
FN:12,(anonymous_0)
FN:34,(anonymous_1)
FN:100,(anonymous_2)
FN:112,(anonymous_3)
FN:115,(anonymous_4)
FN:122,(anonymous_5)
FN:141,(anonymous_6)
FN:146,(anonymous_7)
FN:151,(anonymous_8)
FN:156,(anonymous_9)
FN:166,(anonymous_10)
FN:173,(anonymous_11)
FN:192,(anonymous_12)
FN:209,(anonymous_13)
FN:211,(anonymous_14)
FN:220,(anonymous_15)
FN:223,(anonymous_16)
FN:245,(anonymous_17)
FN:259,(anonymous_18)
FN:273,(anonymous_19)
FN:286,(anonymous_20)
FN:323,(anonymous_21)
FN:342,(anonymous_22)
FN:350,(anonymous_23)
FN:369,(anonymous_24)
FN:392,(anonymous_25)
FN:410,(anonymous_26)
FN:427,(anonymous_27)
FN:435,(anonymous_28)
FN:455,(anonymous_29)
FN:468,(anonymous_30)
FN:487,(anonymous_31)
FN:493,(anonymous_32)
FN:506,(anonymous_33)
FN:512,(anonymous_34)
FN:529,(anonymous_35)
FN:555,(anonymous_36)
FN:580,(anonymous_37)
FNF:38
FNH:0
FNDA:0,(anonymous_0)
FNDA:0,(anonymous_1)
FNDA:0,(anonymous_2)
FNDA:0,(anonymous_3)
FNDA:0,(anonymous_4)
FNDA:0,(anonymous_5)
FNDA:0,(anonymous_6)
FNDA:0,(anonymous_7)
FNDA:0,(anonymous_8)
FNDA:0,(anonymous_9)
FNDA:0,(anonymous_10)
FNDA:0,(anonymous_11)
FNDA:0,(anonymous_12)
FNDA:0,(anonymous_13)
FNDA:0,(anonymous_14)
FNDA:0,(anonymous_15)
FNDA:0,(anonymous_16)
FNDA:0,(anonymous_17)
FNDA:0,(anonymous_18)
FNDA:0,(anonymous_19)
FNDA:0,(anonymous_20)
FNDA:0,(anonymous_21)
FNDA:0,(anonymous_22)
FNDA:0,(anonymous_23)
FNDA:0,(anonymous_24)
FNDA:0,(anonymous_25)
FNDA:0,(anonymous_26)
FNDA:0,(anonymous_27)
FNDA:0,(anonymous_28)
FNDA:0,(anonymous_29)
FNDA:0,(anonymous_30)
FNDA:0,(anonymous_31)
FNDA:0,(anonymous_32)
FNDA:0,(anonymous_33)
FNDA:0,(anonymous_34)
FNDA:0,(anonymous_35)
FNDA:0,(anonymous_36)
FNDA:0,(anonymous_37)
DA:14,0
DA:35,0
DA:37,0
DA:38,0
DA:39,0
DA:52,0
DA:55,0
DA:58,0
DA:61,0
DA:64,0
DA:71,0
DA:81,0
DA:82,0
DA:102,0
DA:105,0
DA:106,0
DA:110,0
DA:111,0
DA:112,0
DA:115,0
DA:116,0
DA:117,0
DA:122,0
DA:123,0
DA:125,0
DA:142,0
DA:145,0
DA:146,0
DA:150,0
DA:151,0
DA:155,0
DA:156,0
DA:157,0
DA:158,0
DA:161,0
DA:165,0
DA:166,0
DA:167,0
DA:168,0
DA:169,0
DA:172,0
DA:173,0
DA:174,0
DA:175,0
DA:181,0
DA:184,0
DA:194,0
DA:197,0
DA:198,0
DA:202,0
DA:205,0
DA:206,0
DA:208,0
DA:209,0
DA:211,0
DA:212,0
DA:216,0
DA:220,0
DA:221,0
DA:223,0
DA:224,0
DA:225,0
DA:229,0
DA:231,0
DA:246,0
DA:254,0
DA:255,0
DA:256,0
DA:259,0
DA:260,0
DA:261,0
DA:262,0
DA:263,0
DA:264,0
DA:265,0
DA:267,0
DA:272,0
DA:273,0
DA:274,0
DA:277,0
DA:288,0
DA:289,0
DA:292,0
DA:293,0
DA:296,0
DA:299,0
DA:300,0
DA:303,0
DA:306,0
DA:307,0
DA:310,0
DA:325,0
DA:327,0
DA:328,0
DA:329,0
DA:332,0
DA:333,0
DA:338,0
DA:339,0
DA:342,0
DA:351,0
DA:352,0
DA:355,0
DA:356,0
DA:357,0
DA:358,0
DA:360,0
DA:370,0
DA:371,0
DA:374,0
DA:376,0
DA:378,0
DA:380,0
DA:382,0
DA:394,0
DA:395,0
DA:399,0
DA:402,0
DA:403,0
DA:407,0
DA:408,0
DA:410,0
DA:411,0
DA:412,0
DA:413,0
DA:414,0
DA:415,0
DA:420,0
DA:421,0
DA:426,0
DA:427,0
DA:432,0
DA:433,0
DA:435,0
DA:436,0
DA:437,0
DA:440,0
DA:441,0
DA:442,0
DA:443,0
DA:445,0
DA:450,0
DA:455,0
DA:470,0
DA:471,0
DA:475,0
DA:483,0
DA:484,0
DA:487,0
DA:488,0
DA:490,0
DA:493,0
DA:494,0
DA:496,0
DA:501,0
DA:503,0
DA:504,0
DA:506,0
DA:507,0
DA:512,0
DA:513,0
DA:516,0
DA:530,0
DA:531,0
DA:534,0
DA:536,0
DA:537,0
DA:540,0
DA:541,0
DA:545,0
DA:547,0
DA:556,0
DA:559,0
DA:560,0
DA:563,0
DA:564,0
DA:567,0
DA:568,0
DA:571,0
DA:582,0
DA:583,0
DA:587,0
DA:588,0
DA:592,0
DA:596,0
LF:185
LH:0
BRDA:34,0,0,0
BRDA:37,1,0,0
BRDA:37,1,1,0
BRDA:105,2,0,0
BRDA:105,2,1,0
BRDA:117,3,0,0
BRDA:117,3,1,0
BRDA:145,4,0,0
BRDA:145,4,1,0
BRDA:150,5,0,0
BRDA:150,5,1,0
BRDA:155,6,0,0
BRDA:155,6,1,0
BRDA:157,7,0,0
BRDA:157,7,1,0
BRDA:157,8,0,0
BRDA:157,8,1,0
BRDA:165,9,0,0
BRDA:165,9,1,0
BRDA:167,10,0,0
BRDA:167,10,1,0
BRDA:168,11,0,0
BRDA:168,11,1,0
BRDA:172,12,0,0
BRDA:172,12,1,0
BRDA:174,13,0,0
BRDA:174,13,1,0
BRDA:197,14,0,0
BRDA:197,14,1,0
BRDA:260,15,0,0
BRDA:260,15,1,0
BRDA:262,16,0,0
BRDA:262,16,1,0
BRDA:264,17,0,0
BRDA:264,17,1,0
BRDA:286,18,0,0
BRDA:288,19,0,0
BRDA:288,19,1,0
BRDA:288,20,0,0
BRDA:288,20,1,0
BRDA:296,21,0,0
BRDA:296,21,1,0
BRDA:296,22,0,0
BRDA:296,22,1,0
BRDA:296,22,2,0
BRDA:296,22,3,0
BRDA:296,22,4,0
BRDA:296,22,5,0
BRDA:303,23,0,0
BRDA:303,23,1,0
BRDA:303,24,0,0
BRDA:303,24,1,0
BRDA:303,24,2,0
BRDA:303,24,3,0
BRDA:303,24,4,0
BRDA:303,24,5,0
BRDA:332,25,0,0
BRDA:332,25,1,0
BRDA:338,26,0,0
BRDA:338,26,1,0
BRDA:351,27,0,0
BRDA:351,27,1,0
BRDA:355,28,0,0
BRDA:355,28,1,0
BRDA:357,29,0,0
BRDA:357,29,1,0
BRDA:370,30,0,0
BRDA:370,30,1,0
BRDA:370,31,0,0
BRDA:370,31,1,0
BRDA:374,32,0,0
BRDA:374,32,1,0
BRDA:374,32,2,0
BRDA:374,32,3,0
BRDA:392,33,0,0
BRDA:394,34,0,0
BRDA:394,34,1,0
BRDA:394,35,0,0
BRDA:394,35,1,0
BRDA:399,36,0,0
BRDA:399,36,1,0
BRDA:402,37,0,0
BRDA:402,37,1,0
BRDA:402,38,0,0
BRDA:402,38,1,0
BRDA:411,39,0,0
BRDA:411,39,1,0
BRDA:412,40,0,0
BRDA:412,40,1,0
BRDA:414,41,0,0
BRDA:414,41,1,0
BRDA:414,42,0,0
BRDA:414,42,1,0
BRDA:420,43,0,0
BRDA:420,43,1,0
BRDA:420,44,0,0
BRDA:420,44,1,0
BRDA:420,44,2,0
BRDA:426,45,0,0
BRDA:426,45,1,0
BRDA:426,46,0,0
BRDA:426,46,1,0
BRDA:436,47,0,0
BRDA:436,47,1,0
BRDA:440,48,0,0
BRDA:440,48,1,0
BRDA:442,49,0,0
BRDA:442,49,1,0
BRDA:468,50,0,0
BRDA:470,51,0,0
BRDA:470,51,1,0
BRDA:483,52,0,0
BRDA:483,52,1,0
BRDA:483,53,0,0
BRDA:483,53,1,0
BRDA:484,54,0,0
BRDA:484,54,1,0
BRDA:501,55,0,0
BRDA:501,55,1,0
BRDA:501,56,0,0
BRDA:501,56,1,0
BRDA:536,57,0,0
BRDA:536,57,1,0
BRDA:536,58,0,0
BRDA:536,58,1,0
BRDA:540,59,0,0
BRDA:540,59,1,0
BRDA:540,60,0,0
BRDA:540,60,1,0
BRDA:559,61,0,0
BRDA:559,61,1,0
BRDA:559,62,0,0
BRDA:559,62,1,0
BRDA:563,63,0,0
BRDA:563,63,1,0
BRDA:563,64,0,0
BRDA:563,64,1,0
BRDA:567,65,0,0
BRDA:567,65,1,0
BRDA:567,66,0,0
BRDA:567,66,1,0
BRDA:582,67,0,0
BRDA:582,67,1,0
BRDA:582,68,0,0
BRDA:582,68,1,0
BRDA:587,69,0,0
BRDA:587,69,1,0
BRDA:587,70,0,0
BRDA:587,70,1,0
BRF:149
BRH:0
end_of_record
TN:
SF:src/services/market-research/components/trend-analyzer.js
FN:12,(anonymous_0)
FN:28,(anonymous_1)
FN:83,(anonymous_2)
FN:94,(anonymous_3)
FN:105,(anonymous_4)
FN:118,(anonymous_5)
FN:129,(anonymous_6)
FN:134,(anonymous_7)
FN:142,(anonymous_8)
FN:150,(anonymous_9)
FN:158,(anonymous_10)
FN:168,(anonymous_11)
FN:228,(anonymous_12)
FN:232,(anonymous_13)
FN:247,(anonymous_14)
FN:248,(anonymous_15)
FN:279,(anonymous_16)
FN:288,(anonymous_17)
FN:291,(anonymous_18)
FN:292,(anonymous_19)
FN:322,(anonymous_20)
FN:324,(anonymous_21)
FN:384,(anonymous_22)
FN:386,(anonymous_23)
FN:441,(anonymous_24)
FN:455,(anonymous_25)
FN:458,(anonymous_26)
FN:461,(anonymous_27)
FN:471,(anonymous_28)
FN:473,(anonymous_29)
FN:474,(anonymous_30)
FN:485,(anonymous_31)
FN:508,(anonymous_32)
FN:558,(anonymous_33)
FN:580,(anonymous_34)
FN:587,(anonymous_35)
FN:595,(anonymous_36)
FN:607,(anonymous_37)
FN:618,(anonymous_38)
FN:645,(anonymous_39)
FN:664,(anonymous_40)
FN:679,(anonymous_41)
FN:701,(anonymous_42)
FNF:43
FNH:0
FNDA:0,(anonymous_0)
FNDA:0,(anonymous_1)
FNDA:0,(anonymous_2)
FNDA:0,(anonymous_3)
FNDA:0,(anonymous_4)
FNDA:0,(anonymous_5)
FNDA:0,(anonymous_6)
FNDA:0,(anonymous_7)
FNDA:0,(anonymous_8)
FNDA:0,(anonymous_9)
FNDA:0,(anonymous_10)
FNDA:0,(anonymous_11)
FNDA:0,(anonymous_12)
FNDA:0,(anonymous_13)
FNDA:0,(anonymous_14)
FNDA:0,(anonymous_15)
FNDA:0,(anonymous_16)
FNDA:0,(anonymous_17)
FNDA:0,(anonymous_18)
FNDA:0,(anonymous_19)
FNDA:0,(anonymous_20)
FNDA:0,(anonymous_21)
FNDA:0,(anonymous_22)
FNDA:0,(anonymous_23)
FNDA:0,(anonymous_24)
FNDA:0,(anonymous_25)
FNDA:0,(anonymous_26)
FNDA:0,(anonymous_27)
FNDA:0,(anonymous_28)
FNDA:0,(anonymous_29)
FNDA:0,(anonymous_30)
FNDA:0,(anonymous_31)
FNDA:0,(anonymous_32)
FNDA:0,(anonymous_33)
FNDA:0,(anonymous_34)
FNDA:0,(anonymous_35)
FNDA:0,(anonymous_36)
FNDA:0,(anonymous_37)
FNDA:0,(anonymous_38)
FNDA:0,(anonymous_39)
FNDA:0,(anonymous_40)
FNDA:0,(anonymous_41)
FNDA:0,(anonymous_42)
DA:14,0
DA:29,0
DA:31,0
DA:32,0
DA:33,0
DA:44,0
DA:47,0
DA:50,0
DA:53,0
DA:56,0
DA:58,0
DA:66,0
DA:67,0
DA:85,0
DA:86,0
DA:90,0
DA:92,0
DA:94,0
DA:101,0
DA:103,0
DA:105,0
DA:112,0
DA:114,0
DA:118,0
DA:121,0
DA:130,0
DA:133,0
DA:134,0
DA:141,0
DA:142,0
DA:149,0
DA:150,0
DA:158,0
DA:160,0
DA:170,0
DA:171,0
DA:175,0
DA:177,0
DA:178,0
DA:179,0
DA:183,0
DA:184,0
DA:185,0
DA:186,0
DA:187,0
DA:188,0
DA:192,0
DA:193,0
DA:194,0
DA:195,0
DA:196,0
DA:200,0
DA:201,0
DA:202,0
DA:203,0
DA:208,0
DA:210,0
DA:211,0
DA:215,0
DA:219,0
DA:229,0
DA:232,0
DA:235,0
DA:236,0
DA:237,0
DA:247,0
DA:248,0
DA:249,0
DA:251,0
DA:252,0
DA:263,0
DA:264,0
DA:265,0
DA:271,0
DA:280,0
DA:283,0
DA:284,0
DA:288,0
DA:291,0
DA:292,0
DA:295,0
DA:296,0
DA:297,0
DA:299,0
DA:300,0
DA:301,0
DA:302,0
DA:303,0
DA:304,0
DA:308,0
DA:309,0
DA:312,0
DA:314,0
DA:323,0
DA:324,0
DA:325,0
DA:328,0
DA:329,0
DA:334,0
DA:335,0
DA:336,0
DA:338,0
DA:339,0
DA:342,0
DA:343,0
DA:346,0
DA:347,0
DA:359,0
DA:360,0
DA:362,0
DA:363,0
DA:365,0
DA:366,0
DA:367,0
DA:369,0
DA:370,0
DA:371,0
DA:375,0
DA:386,0
DA:387,0
DA:390,0
DA:391,0
DA:395,0
DA:396,0
DA:397,0
DA:399,0
DA:401,0
DA:404,0
DA:407,0
DA:409,0
DA:415,0
DA:416,0
DA:417,0
DA:422,0
DA:423,0
DA:427,0
DA:442,0
DA:443,0
DA:446,0
DA:447,0
DA:449,0
DA:450,0
DA:451,0
DA:452,0
DA:455,0
DA:458,0
DA:461,0
DA:463,0
DA:473,0
DA:474,0
DA:477,0
DA:486,0
DA:488,0
DA:490,0
DA:492,0
DA:494,0
DA:496,0
DA:509,0
DA:510,0
DA:513,0
DA:514,0
DA:515,0
DA:518,0
DA:521,0
DA:524,0
DA:526,0
DA:529,0
DA:532,0
DA:533,0
DA:534,0
DA:538,0
DA:541,0
DA:550,0
DA:559,0
DA:562,0
DA:563,0
DA:567,0
DA:568,0
DA:569,0
DA:572,0
DA:582,0
DA:583,0
DA:587,0
DA:590,0
DA:591,0
DA:595,0
DA:597,0
DA:608,0
DA:619,0
DA:620,0
DA:623,0
DA:626,0
DA:630,0
DA:631,0
DA:634,0
DA:647,0
DA:650,0
DA:653,0
DA:654,0
DA:656,0
DA:665,0
DA:666,0
DA:667,0
DA:670,0
DA:681,0
DA:684,0
DA:685,0
DA:687,0
DA:688,0
DA:692,0
DA:702,0
DA:705,0
DA:706,0
DA:710,0
DA:711,0
DA:715,0
DA:719,0
LF:217
LH:0
BRDA:28,0,0,0
BRDA:31,1,0,0
BRDA:31,1,1,0
BRDA:31,2,0,0
BRDA:31,2,1,0
BRDA:85,3,0,0
BRDA:85,3,1,0
BRDA:85,4,0,0
BRDA:85,4,1,0
BRDA:90,5,0,0
BRDA:90,5,1,0
BRDA:92,6,0,0
BRDA:92,6,1,0
BRDA:92,6,2,0
BRDA:94,7,0,0
BRDA:94,7,1,0
BRDA:94,7,2,0
BRDA:94,7,3,0
BRDA:94,7,4,0
BRDA:101,8,0,0
BRDA:101,8,1,0
BRDA:103,9,0,0
BRDA:103,9,1,0
BRDA:103,9,2,0
BRDA:105,10,0,0
BRDA:105,10,1,0
BRDA:105,10,2,0
BRDA:105,10,3,0
BRDA:105,10,4,0
BRDA:105,10,5,0
BRDA:112,11,0,0
BRDA:112,11,1,0
BRDA:112,12,0,0
BRDA:112,12,1,0
BRDA:114,13,0,0
BRDA:114,13,1,0
BRDA:114,13,2,0
BRDA:114,13,3,0
BRDA:114,13,4,0
BRDA:133,14,0,0
BRDA:133,14,1,0
BRDA:135,15,0,0
BRDA:135,15,1,0
BRDA:137,16,0,0
BRDA:137,16,1,0
BRDA:141,17,0,0
BRDA:141,17,1,0
BRDA:143,18,0,0
BRDA:143,18,1,0
BRDA:143,18,2,0
BRDA:145,19,0,0
BRDA:145,19,1,0
BRDA:145,19,2,0
BRDA:149,20,0,0
BRDA:149,20,1,0
BRDA:149,21,0,0
BRDA:149,21,1,0
BRDA:170,22,0,0
BRDA:170,22,1,0
BRDA:175,23,0,0
BRDA:175,23,1,0
BRDA:178,24,0,0
BRDA:178,24,1,0
BRDA:184,25,0,0
BRDA:184,25,1,0
BRDA:193,26,0,0
BRDA:193,26,1,0
BRDA:201,27,0,0
BRDA:201,27,1,0
BRDA:208,28,0,0
BRDA:208,28,1,0
BRDA:210,29,0,0
BRDA:210,29,1,0
BRDA:210,30,0,0
BRDA:210,30,1,0
BRDA:228,31,0,0
BRDA:236,32,0,0
BRDA:236,32,1,0
BRDA:239,33,0,0
BRDA:239,33,1,0
BRDA:247,34,0,0
BRDA:247,34,1,0
BRDA:251,35,0,0
BRDA:251,35,1,0
BRDA:254,36,0,0
BRDA:254,36,1,0
BRDA:264,37,0,0
BRDA:264,37,1,0
BRDA:283,38,0,0
BRDA:283,38,1,0
BRDA:308,39,0,0
BRDA:308,39,1,0
BRDA:312,40,0,0
BRDA:312,40,1,0
BRDA:328,41,0,0
BRDA:328,41,1,0
BRDA:343,42,0,0
BRDA:343,42,1,0
BRDA:343,42,2,0
BRDA:343,42,3,0
BRDA:346,43,0,0
BRDA:346,43,1,0
BRDA:346,44,0,0
BRDA:346,44,1,0
BRDA:363,45,0,0
BRDA:363,45,1,0
BRDA:363,46,0,0
BRDA:363,46,1,0
BRDA:367,47,0,0
BRDA:367,47,1,0
BRDA:384,48,0,0
BRDA:390,49,0,0
BRDA:390,49,1,0
BRDA:401,50,0,0
BRDA:401,50,1,0
BRDA:415,51,0,0
BRDA:415,51,1,0
BRDA:422,52,0,0
BRDA:422,52,1,0
BRDA:486,53,0,0
BRDA:486,53,1,0
BRDA:486,53,2,0
BRDA:486,53,3,0
BRDA:486,53,4,0
BRDA:508,54,0,0
BRDA:509,55,0,0
BRDA:509,55,1,0
BRDA:532,56,0,0
BRDA:532,56,1,0
BRDA:562,57,0,0
BRDA:562,57,1,0
BRDA:582,58,0,0
BRDA:582,58,1,0
BRDA:582,59,0,0
BRDA:582,59,1,0
BRDA:587,60,0,0
BRDA:587,60,1,0
BRDA:590,61,0,0
BRDA:590,61,1,0
BRDA:619,62,0,0
BRDA:619,62,1,0
BRDA:623,63,0,0
BRDA:623,63,1,0
BRDA:623,63,2,0
BRDA:653,64,0,0
BRDA:653,64,1,0
BRDA:653,65,0,0
BRDA:653,65,1,0
BRDA:685,66,0,0
BRDA:685,66,1,0
BRDA:685,67,0,0
BRDA:685,67,1,0
BRDA:688,68,0,0
BRDA:688,68,1,0
BRDA:705,69,0,0
BRDA:705,69,1,0
BRDA:710,70,0,0
BRDA:710,70,1,0
BRF:158
BRH:0
end_of_record
TN:
SF:src/services/nlp/batch-processing.js
FN:15,(anonymous_0)
FN:42,(anonymous_1)
FN:72,(anonymous_2)
FN:93,(anonymous_3)
FN:96,(anonymous_4)
FN:106,(anonymous_5)
FN:128,(anonymous_6)
FN:147,(anonymous_7)
FN:165,(anonymous_8)
FN:180,(anonymous_9)
FN:196,(anonymous_10)
FNF:11
FNH:0
FNDA:0,(anonymous_0)
FNDA:0,(anonymous_1)
FNDA:0,(anonymous_2)
FNDA:0,(anonymous_3)
FNDA:0,(anonymous_4)
FNDA:0,(anonymous_5)
FNDA:0,(anonymous_6)
FNDA:0,(anonymous_7)
FNDA:0,(anonymous_8)
FNDA:0,(anonymous_9)
FNDA:0,(anonymous_10)
DA:9,0
DA:17,0
DA:20,0
DA:23,0
DA:29,0
DA:43,0
DA:44,0
DA:45,0
DA:49,0
DA:50,0
DA:53,0
DA:54,0
DA:61,0
DA:62,0
DA:65,0
DA:66,0
DA:68,0
DA:69,0
DA:72,0
DA:73,0
DA:74,0
DA:76,0
DA:77,0
DA:85,0
DA:86,0
DA:88,0
DA:90,0
DA:91,0
DA:95,0
DA:96,0
DA:97,0
DA:98,0
DA:106,0
DA:107,0
DA:110,0
DA:111,0
DA:114,0
DA:117,0
DA:118,0
DA:122,0
DA:123,0
DA:126,0
DA:127,0
DA:128,0
DA:132,0
DA:134,0
DA:136,0
DA:137,0
DA:148,0
DA:150,0
DA:151,0
DA:154,0
DA:166,0
DA:181,0
DA:190,0
DA:196,0
DA:197,0
DA:198,0
DA:200,0
DA:203,0
LF:60
LH:0
BRDA:42,0,0,0
BRDA:44,1,0,0
BRDA:44,1,1,0
BRDA:44,2,0,0
BRDA:44,2,1,0
BRDA:49,3,0,0
BRDA:49,3,1,0
BRDA:50,4,0,0
BRDA:50,4,1,0
BRDA:53,5,0,0
BRDA:53,5,1,0
BRDA:55,6,0,0
BRDA:55,6,1,0
BRDA:56,7,0,0
BRDA:56,7,1,0
BRDA:97,8,0,0
BRDA:97,8,1,0
BRDA:110,9,0,0
BRDA:110,9,1,0
BRDA:110,10,0,0
BRDA:110,10,1,0
BRDA:126,11,0,0
BRDA:126,11,1,0
BRDA:126,12,0,0
BRDA:126,12,1,0
BRDA:165,13,0,0
BRDA:165,14,0,0
BRDA:180,15,0,0
BRDA:197,16,0,0
BRDA:197,16,1,0
BRF:30
BRH:0
end_of_record
TN:
SF:src/services/nlp/entity-recognition.js
FN:13,(anonymous_0)
FN:103,(anonymous_1)
FN:139,(anonymous_2)
FN:189,(anonymous_3)
FN:194,(anonymous_4)
FN:245,(anonymous_5)
FN:260,(anonymous_6)
FN:261,(anonymous_7)
FN:267,(anonymous_8)
FN:275,(anonymous_9)
FN:296,(anonymous_10)
FN:308,(anonymous_11)
FNF:12
FNH:0
FNDA:0,(anonymous_0)
FNDA:0,(anonymous_1)
FNDA:0,(anonymous_2)
FNDA:0,(anonymous_3)
FNDA:0,(anonymous_4)
FNDA:0,(anonymous_5)
FNDA:0,(anonymous_6)
FNDA:0,(anonymous_7)
FNDA:0,(anonymous_8)
FNDA:0,(anonymous_9)
FNDA:0,(anonymous_10)
FNDA:0,(anonymous_11)
DA:15,0
DA:35,0
DA:48,0
DA:104,0
DA:105,0
DA:106,0
DA:110,0
DA:112,0
DA:115,0
DA:118,0
DA:122,0
DA:124,0
DA:128,0
DA:129,0
DA:140,0
DA:143,0
DA:145,0
DA:146,0
DA:155,0
DA:160,0
DA:161,0
DA:162,0
DA:165,0
DA:166,0
DA:175,0
DA:180,0
DA:191,0
DA:194,0
DA:197,0
DA:200,0
DA:201,0
DA:211,0
DA:212,0
DA:222,0
DA:223,0
DA:234,0
DA:235,0
DA:237,0
DA:247,0
DA:249,0
DA:250,0
DA:252,0
DA:253,0
DA:256,0
DA:260,0
DA:261,0
DA:262,0
DA:267,0
DA:276,0
DA:288,0
DA:297,0
DA:302,0
DA:308,0
DA:309,0
DA:310,0
DA:312,0
DA:315,0
LF:57
LH:0
BRDA:103,0,0,0
BRDA:105,1,0,0
BRDA:105,1,1,0
BRDA:112,2,0,0
BRDA:112,2,1,0
BRDA:139,3,0,0
BRDA:189,4,0,0
BRDA:191,5,0,0
BRDA:191,5,1,0
BRDA:200,6,0,0
BRDA:200,6,1,0
BRDA:211,7,0,0
BRDA:211,7,1,0
BRDA:222,8,0,0
BRDA:222,8,1,0
BRDA:252,9,0,0
BRDA:252,9,1,0
BRDA:262,10,0,0
BRDA:262,10,1,0
BRDA:288,11,0,0
BRDA:288,11,1,0
BRDA:309,12,0,0
BRDA:309,12,1,0
BRF:23
BRH:0
end_of_record
TN:
SF:src/services/nlp/index.js
FNF:0
FNH:0
DA:9,0
DA:10,0
DA:11,0
DA:12,0
DA:13,0
DA:14,0
DA:15,0
DA:18,0
DA:19,0
DA:20,0
DA:21,0
DA:22,0
DA:23,0
DA:24,0
DA:27,0
DA:38,0
LF:16
LH:0
BRF:0
BRH:0
end_of_record
TN:
SF:src/services/nlp/language-analysis.js
FN:14,(anonymous_0)
FN:222,(anonymous_1)
FN:321,(anonymous_2)
FN:358,(anonymous_3)
FN:415,(anonymous_4)
FN:427,(anonymous_5)
FN:444,(anonymous_6)
FN:462,(anonymous_7)
FN:470,(anonymous_8)
FN:481,(anonymous_9)
FN:531,(anonymous_10)
FN:543,(anonymous_11)
FN:560,(anonymous_12)
FN:578,(anonymous_13)
FN:586,(anonymous_14)
FN:597,(anonymous_15)
FN:610,(anonymous_16)
FN:616,(anonymous_17)
FN:627,(anonymous_18)
FN:656,(anonymous_19)
FN:659,(anonymous_20)
FN:663,(anonymous_21)
FN:705,(anonymous_22)
FNF:23
FNH:0
FNDA:0,(anonymous_0)
FNDA:0,(anonymous_1)
FNDA:0,(anonymous_2)
FNDA:0,(anonymous_3)
FNDA:0,(anonymous_4)
FNDA:0,(anonymous_5)
FNDA:0,(anonymous_6)
FNDA:0,(anonymous_7)
FNDA:0,(anonymous_8)
FNDA:0,(anonymous_9)
FNDA:0,(anonymous_10)
FNDA:0,(anonymous_11)
FNDA:0,(anonymous_12)
FNDA:0,(anonymous_13)
FNDA:0,(anonymous_14)
FNDA:0,(anonymous_15)
FNDA:0,(anonymous_16)
FNDA:0,(anonymous_17)
FNDA:0,(anonymous_18)
FNDA:0,(anonymous_19)
FNDA:0,(anonymous_20)
FNDA:0,(anonymous_21)
FNDA:0,(anonymous_22)
DA:16,0
DA:104,0
DA:159,0
DA:177,0
DA:213,0
DA:223,0
DA:225,0
DA:226,0
DA:227,0
DA:242,0
DA:244,0
DA:245,0
DA:246,0
DA:261,0
DA:264,0
DA:267,0
DA:270,0
DA:273,0
DA:276,0
DA:279,0
DA:282,0
DA:284,0
DA:299,0
DA:300,0
DA:323,0
DA:324,0
DA:326,0
DA:327,0
DA:328,0
DA:331,0
DA:332,0
DA:333,0
DA:334,0
DA:335,0
DA:340,0
DA:341,0
DA:342,0
DA:343,0
DA:344,0
DA:349,0
DA:360,0
DA:361,0
DA:364,0
DA:365,0
DA:366,0
DA:369,0
DA:370,0
DA:374,0
DA:375,0
DA:377,0
DA:378,0
DA:379,0
DA:384,0
DA:385,0
DA:387,0
DA:388,0
DA:389,0
DA:396,0
DA:397,0
DA:399,0
DA:400,0
DA:401,0
DA:402,0
DA:407,0
DA:416,0
DA:417,0
DA:428,0
DA:429,0
DA:432,0
DA:433,0
DA:435,0
DA:436,0
DA:437,0
DA:439,0
DA:440,0
DA:444,0
DA:450,0
DA:451,0
DA:453,0
DA:454,0
DA:455,0
DA:457,0
DA:458,0
DA:462,0
DA:470,0
DA:472,0
DA:482,0
DA:483,0
DA:486,0
DA:491,0
DA:492,0
DA:495,0
DA:496,0
DA:497,0
DA:500,0
DA:501,0
DA:504,0
DA:505,0
DA:506,0
DA:509,0
DA:512,0
DA:513,0
DA:514,0
DA:519,0
DA:520,0
DA:521,0
DA:531,0
DA:533,0
DA:544,0
DA:545,0
DA:548,0
DA:549,0
DA:551,0
DA:552,0
DA:553,0
DA:555,0
DA:556,0
DA:560,0
DA:566,0
DA:567,0
DA:569,0
DA:570,0
DA:571,0
DA:573,0
DA:574,0
DA:578,0
DA:586,0
DA:588,0
DA:598,0
DA:599,0
DA:600,0
DA:602,0
DA:603,0
DA:604,0
DA:606,0
DA:607,0
DA:610,0
DA:616,0
DA:618,0
DA:628,0
DA:629,0
DA:632,0
DA:637,0
DA:639,0
DA:640,0
DA:643,0
DA:646,0
DA:658,0
DA:659,0
DA:663,0
DA:667,0
DA:668,0
DA:669,0
DA:670,0
DA:672,0
DA:679,0
DA:680,0
DA:681,0
DA:682,0
DA:684,0
DA:690,0
DA:699,0
DA:705,0
DA:706,0
DA:707,0
DA:709,0
DA:712,0
DA:715,0
LF:168
LH:0
BRDA:222,0,0,0
BRDA:225,1,0,0
BRDA:225,1,1,0
BRDA:225,2,0,0
BRDA:225,2,1,0
BRDA:235,3,0,0
BRDA:235,3,1,0
BRDA:236,4,0,0
BRDA:236,4,1,0
BRDA:244,5,0,0
BRDA:244,5,1,0
BRDA:254,6,0,0
BRDA:254,6,1,0
BRDA:255,7,0,0
BRDA:255,7,1,0
BRDA:261,8,0,0
BRDA:261,8,1,0
BRDA:264,9,0,0
BRDA:264,9,1,0
BRDA:309,10,0,0
BRDA:309,10,1,0
BRDA:310,11,0,0
BRDA:310,11,1,0
BRDA:334,12,0,0
BRDA:334,12,1,0
BRDA:343,13,0,0
BRDA:343,13,1,0
BRDA:349,14,0,0
BRDA:349,14,1,0
BRDA:360,15,0,0
BRDA:360,15,1,0
BRDA:360,16,0,0
BRDA:360,16,1,0
BRDA:375,17,0,0
BRDA:375,17,1,0
BRDA:378,18,0,0
BRDA:378,18,1,0
BRDA:384,19,0,0
BRDA:384,19,1,0
BRDA:385,20,0,0
BRDA:385,20,1,0
BRDA:388,21,0,0
BRDA:388,21,1,0
BRDA:400,22,0,0
BRDA:400,22,1,0
BRDA:407,23,0,0
BRDA:407,23,1,0
BRDA:416,24,0,0
BRDA:416,24,1,0
BRDA:432,25,0,0
BRDA:432,25,1,0
BRDA:432,26,0,0
BRDA:432,26,1,0
BRDA:433,27,0,0
BRDA:433,27,1,0
BRDA:439,28,0,0
BRDA:439,28,1,0
BRDA:451,29,0,0
BRDA:451,29,1,0
BRDA:457,30,0,0
BRDA:457,30,1,0
BRDA:483,31,0,0
BRDA:483,31,1,0
BRDA:504,32,0,0
BRDA:504,32,1,0
BRDA:504,33,0,0
BRDA:504,33,1,0
BRDA:512,34,0,0
BRDA:512,34,1,0
BRDA:514,35,0,0
BRDA:514,35,1,0
BRDA:520,36,0,0
BRDA:520,36,1,0
BRDA:548,37,0,0
BRDA:548,37,1,0
BRDA:548,38,0,0
BRDA:548,38,1,0
BRDA:549,39,0,0
BRDA:549,39,1,0
BRDA:555,40,0,0
BRDA:555,40,1,0
BRDA:567,41,0,0
BRDA:567,41,1,0
BRDA:573,42,0,0
BRDA:573,42,1,0
BRDA:600,43,0,0
BRDA:600,43,1,0
BRDA:606,44,0,0
BRDA:606,44,1,0
BRDA:629,45,0,0
BRDA:629,45,1,0
BRDA:639,46,0,0
BRDA:639,46,1,0
BRDA:639,47,0,0
BRDA:639,47,1,0
BRDA:643,48,0,0
BRDA:643,48,1,0
BRDA:669,49,0,0
BRDA:669,49,1,0
BRDA:681,50,0,0
BRDA:681,50,1,0
BRDA:706,51,0,0
BRDA:706,51,1,0
BRF:103
BRH:0
end_of_record
TN:
SF:src/services/nlp/language-service.js
FN:16,(anonymous_0)
FN:90,(anonymous_1)
FN:141,(anonymous_2)
FN:169,(anonymous_3)
FN:200,(anonymous_4)
FN:209,(anonymous_5)
FN:218,(anonymous_6)
FN:230,(anonymous_7)
FNF:8
FNH:0
FNDA:0,(anonymous_0)
FNDA:0,(anonymous_1)
FNDA:0,(anonymous_2)
FNDA:0,(anonymous_3)
FNDA:0,(anonymous_4)
FNDA:0,(anonymous_5)
FNDA:0,(anonymous_6)
FNDA:0,(anonymous_7)
DA:9,0
DA:10,0
DA:18,0
DA:27,0
DA:91,0
DA:92,0
DA:93,0
DA:101,0
DA:103,0
DA:104,0
DA:107,0
DA:108,0
DA:115,0
DA:116,0
DA:120,0
DA:126,0
DA:127,0
DA:142,0
DA:144,0
DA:147,0
DA:148,0
DA:152,0
DA:155,0
DA:157,0
DA:158,0
DA:170,0
DA:172,0
DA:173,0
DA:177,0
DA:178,0
DA:185,0
DA:188,0
DA:190,0
DA:191,0
DA:201,0
DA:210,0
DA:219,0
DA:224,0
DA:230,0
DA:231,0
DA:232,0
DA:234,0
DA:237,0
LF:43
LH:0
BRDA:90,0,0,0
BRDA:92,1,0,0
BRDA:92,1,1,0
BRDA:107,2,0,0
BRDA:107,2,1,0
BRDA:107,3,0,0
BRDA:107,3,1,0
BRDA:115,4,0,0
BRDA:115,4,1,0
BRDA:147,5,0,0
BRDA:147,5,1,0
BRDA:152,6,0,0
BRDA:152,6,1,0
BRDA:153,7,0,0
BRDA:153,7,1,0
BRDA:172,8,0,0
BRDA:172,8,1,0
BRDA:177,9,0,0
BRDA:177,9,1,0
BRDA:185,10,0,0
BRDA:185,10,1,0
BRDA:210,11,0,0
BRDA:210,11,1,0
BRDA:219,12,0,0
BRDA:219,12,1,0
BRDA:231,13,0,0
BRDA:231,13,1,0
BRF:27
BRH:0
end_of_record
TN:
SF:src/services/nlp/nlp-service.js
FN:21,(anonymous_0)
FN:51,(anonymous_1)
FN:115,(anonymous_2)
FN:122,(anonymous_3)
FN:141,(anonymous_4)
FN:244,(anonymous_5)
FN:255,(anonymous_6)
FN:272,(anonymous_7)
FN:292,(anonymous_8)
FN:312,(anonymous_9)
FN:329,(anonymous_10)
FN:351,(anonymous_11)
FN:369,(anonymous_12)
FN:391,(anonymous_13)
FN:439,(anonymous_14)
FN:490,(anonymous_15)
FN:522,(anonymous_16)
FN:543,(anonymous_17)
FNF:18
FNH:0
FNDA:0,(anonymous_0)
FNDA:0,(anonymous_1)
FNDA:0,(anonymous_2)
FNDA:0,(anonymous_3)
FNDA:0,(anonymous_4)
FNDA:0,(anonymous_5)
FNDA:0,(anonymous_6)
FNDA:0,(anonymous_7)
FNDA:0,(anonymous_8)
FNDA:0,(anonymous_9)
FNDA:0,(anonymous_10)
FNDA:0,(anonymous_11)
FNDA:0,(anonymous_12)
FNDA:0,(anonymous_13)
FNDA:0,(anonymous_14)
FNDA:0,(anonymous_15)
FNDA:0,(anonymous_16)
FNDA:0,(anonymous_17)
DA:9,0
DA:10,0
DA:11,0
DA:12,0
DA:13,0
DA:14,0
DA:15,0
DA:23,0
DA:24,0
DA:25,0
DA:26,0
DA:27,0
DA:28,0
DA:31,0
DA:32,0
DA:37,0
DA:38,0
DA:42,0
DA:52,0
DA:53,0
DA:56,0
DA:59,0
DA:62,0
DA:68,0
DA:74,0
DA:75,0
DA:76,0
DA:83,0
DA:98,0
DA:99,0
DA:102,0
DA:104,0
DA:105,0
DA:116,0
DA:117,0
DA:120,0
DA:122,0
DA:129,0
DA:130,0
DA:142,0
DA:143,0
DA:146,0
DA:147,0
DA:150,0
DA:182,0
DA:185,0
DA:191,0
DA:200,0
DA:205,0
DA:207,0
DA:208,0
DA:211,0
DA:214,0
DA:217,0
DA:225,0
DA:227,0
DA:234,0
DA:235,0
DA:245,0
DA:247,0
DA:248,0
DA:249,0
DA:251,0
DA:254,0
DA:255,0
DA:256,0
DA:271,0
DA:272,0
DA:273,0
DA:287,0
DA:291,0
DA:292,0
DA:293,0
DA:307,0
DA:311,0
DA:312,0
DA:313,0
DA:314,0
DA:328,0
DA:329,0
DA:330,0
DA:346,0
DA:350,0
DA:351,0
DA:352,0
DA:353,0
DA:368,0
DA:369,0
DA:370,0
DA:386,0
DA:390,0
DA:391,0
DA:392,0
DA:408,0
DA:409,0
DA:423,0
DA:426,0
DA:430,0
DA:440,0
DA:442,0
DA:443,0
DA:444,0
DA:452,0
DA:474,0
DA:476,0
DA:478,0
DA:479,0
DA:491,0
DA:493,0
DA:494,0
DA:495,0
DA:499,0
DA:501,0
DA:502,0
DA:504,0
DA:505,0
DA:506,0
DA:509,0
DA:514,0
DA:515,0
DA:517,0
DA:518,0
DA:522,0
DA:526,0
DA:530,0
DA:531,0
DA:537,0
DA:543,0
DA:544,0
DA:545,0
DA:547,0
DA:550,0
LF:132
LH:0
BRDA:31,0,0,0
BRDA:31,0,1,0
BRDA:31,1,0,0
BRDA:31,1,1,0
BRDA:51,2,0,0
BRDA:63,3,0,0
BRDA:63,3,1,0
BRDA:69,4,0,0
BRDA:69,4,1,0
BRDA:75,5,0,0
BRDA:75,5,1,0
BRDA:77,6,0,0
BRDA:77,6,1,0
BRDA:90,7,0,0
BRDA:90,7,1,0
BRDA:98,8,0,0
BRDA:98,8,1,0
BRDA:115,9,0,0
BRDA:123,10,0,0
BRDA:123,10,1,0
BRDA:124,11,0,0
BRDA:124,11,1,0
BRDA:141,12,0,0
BRDA:146,13,0,0
BRDA:146,13,1,0
BRDA:205,14,0,0
BRDA:205,14,1,0
BRDA:207,15,0,0
BRDA:207,15,1,0
BRDA:207,16,0,0
BRDA:207,16,1,0
BRDA:251,17,0,0
BRDA:251,17,1,0
BRDA:251,17,2,0
BRDA:251,17,3,0
BRDA:251,17,4,0
BRDA:251,17,5,0
BRDA:254,18,0,0
BRDA:254,18,1,0
BRDA:257,19,0,0
BRDA:257,19,1,0
BRDA:271,20,0,0
BRDA:271,20,1,0
BRDA:291,21,0,0
BRDA:291,21,1,0
BRDA:299,22,0,0
BRDA:299,22,1,0
BRDA:311,23,0,0
BRDA:311,23,1,0
BRDA:313,24,0,0
BRDA:313,24,1,0
BRDA:328,25,0,0
BRDA:328,25,1,0
BRDA:350,26,0,0
BRDA:350,26,1,0
BRDA:352,27,0,0
BRDA:352,27,1,0
BRDA:368,28,0,0
BRDA:368,28,1,0
BRDA:390,29,0,0
BRDA:390,29,1,0
BRDA:408,30,0,0
BRDA:408,30,1,0
BRDA:408,31,0,0
BRDA:408,31,1,0
BRDA:442,32,0,0
BRDA:442,32,1,0
BRDA:474,33,0,0
BRDA:474,33,1,0
BRDA:493,34,0,0
BRDA:493,34,1,0
BRDA:504,35,0,0
BRDA:504,35,1,0
BRDA:505,36,0,0
BRDA:505,36,1,0
BRDA:515,37,0,0
BRDA:515,37,1,0
BRDA:517,38,0,0
BRDA:517,38,1,0
BRDA:526,39,0,0
BRDA:526,39,1,0
BRDA:544,40,0,0
BRDA:544,40,1,0
BRF:83
BRH:0
end_of_record
TN:
SF:src/services/nlp/pain-points-extraction.js
FN:15,(anonymous_0)
FN:180,(anonymous_1)
FN:260,(anonymous_2)
FN:298,(anonymous_3)
FN:356,(anonymous_4)
FN:412,(anonymous_5)
FN:421,(anonymous_6)
FN:430,(anonymous_7)
FN:439,(anonymous_8)
FN:449,(anonymous_9)
FN:487,(anonymous_10)
FN:522,(anonymous_11)
FN:530,(anonymous_12)
FN:549,(anonymous_13)
FN:583,(anonymous_14)
FN:611,(anonymous_15)
FN:651,(anonymous_16)
FN:658,(anonymous_17)
FN:671,(anonymous_18)
FNF:19
FNH:0
FNDA:0,(anonymous_0)
FNDA:0,(anonymous_1)
FNDA:0,(anonymous_2)
FNDA:0,(anonymous_3)
FNDA:0,(anonymous_4)
FNDA:0,(anonymous_5)
FNDA:0,(anonymous_6)
FNDA:0,(anonymous_7)
FNDA:0,(anonymous_8)
FNDA:0,(anonymous_9)
FNDA:0,(anonymous_10)
FNDA:0,(anonymous_11)
FNDA:0,(anonymous_12)
FNDA:0,(anonymous_13)
FNDA:0,(anonymous_14)
FNDA:0,(anonymous_15)
FNDA:0,(anonymous_16)
FNDA:0,(anonymous_17)
FNDA:0,(anonymous_18)
DA:9,0
DA:17,0
DA:20,0
DA:69,0
DA:115,0
DA:144,0
DA:159,0
DA:181,0
DA:183,0
DA:184,0
DA:185,0
DA:196,0
DA:198,0
DA:199,0
DA:200,0
DA:211,0
DA:214,0
DA:217,0
DA:220,0
DA:223,0
DA:224,0
DA:227,0
DA:228,0
DA:230,0
DA:242,0
DA:243,0
DA:262,0
DA:263,0
DA:265,0
DA:266,0
DA:267,0
DA:270,0
DA:271,0
DA:272,0
DA:273,0
DA:274,0
DA:279,0
DA:280,0
DA:281,0
DA:282,0
DA:283,0
DA:288,0
DA:299,0
DA:300,0
DA:302,0
DA:303,0
DA:304,0
DA:307,0
DA:308,0
DA:310,0
DA:316,0
DA:320,0
DA:323,0
DA:326,0
DA:328,0
DA:340,0
DA:346,0
DA:357,0
DA:358,0
DA:360,0
DA:361,0
DA:362,0
DA:365,0
DA:366,0
DA:368,0
DA:374,0
DA:377,0
DA:380,0
DA:383,0
DA:385,0
DA:397,0
DA:403,0
DA:413,0
DA:418,0
DA:419,0
DA:421,0
DA:431,0
DA:436,0
DA:437,0
DA:439,0
DA:450,0
DA:451,0
DA:454,0
DA:455,0
DA:456,0
DA:461,0
DA:462,0
DA:463,0
DA:468,0
DA:469,0
DA:470,0
DA:475,0
DA:476,0
DA:477,0
DA:478,0
DA:488,0
DA:489,0
DA:492,0
DA:493,0
DA:494,0
DA:499,0
DA:500,0
DA:501,0
DA:506,0
DA:507,0
DA:508,0
DA:513,0
DA:524,0
DA:529,0
DA:530,0
DA:532,0
DA:535,0
DA:540,0
DA:551,0
DA:554,0
DA:557,0
DA:559,0
DA:560,0
DA:562,0
DA:564,0
DA:567,0
DA:568,0
DA:569,0
DA:572,0
DA:573,0
DA:574,0
DA:575,0
DA:582,0
DA:583,0
DA:584,0
DA:588,0
DA:589,0
DA:590,0
DA:595,0
DA:596,0
DA:598,0
DA:602,0
DA:613,0
DA:615,0
DA:616,0
DA:618,0
DA:619,0
DA:622,0
DA:626,0
DA:628,0
DA:630,0
DA:631,0
DA:634,0
DA:635,0
DA:636,0
DA:639,0
DA:640,0
DA:641,0
DA:644,0
DA:647,0
DA:651,0
DA:654,0
DA:658,0
DA:660,0
DA:665,0
DA:671,0
DA:672,0
DA:673,0
DA:675,0
DA:678,0
LF:165
LH:0
BRDA:180,0,0,0
BRDA:183,1,0,0
BRDA:183,1,1,0
BRDA:183,2,0,0
BRDA:183,2,1,0
BRDA:189,3,0,0
BRDA:189,3,1,0
BRDA:190,4,0,0
BRDA:190,4,1,0
BRDA:198,5,0,0
BRDA:198,5,1,0
BRDA:204,6,0,0
BRDA:204,6,1,0
BRDA:205,7,0,0
BRDA:205,7,1,0
BRDA:211,8,0,0
BRDA:211,8,1,0
BRDA:235,9,0,0
BRDA:235,9,1,0
BRDA:248,10,0,0
BRDA:248,10,1,0
BRDA:249,11,0,0
BRDA:249,11,1,0
BRDA:273,12,0,0
BRDA:273,12,1,0
BRDA:282,13,0,0
BRDA:282,13,1,0
BRDA:288,14,0,0
BRDA:288,14,1,0
BRDA:298,15,0,0
BRDA:300,16,0,0
BRDA:300,16,1,0
BRDA:304,17,0,0
BRDA:304,17,1,0
BRDA:308,18,0,0
BRDA:308,18,1,0
BRDA:316,19,0,0
BRDA:316,19,1,0
BRDA:316,20,0,0
BRDA:316,20,1,0
BRDA:316,20,2,0
BRDA:356,21,0,0
BRDA:358,22,0,0
BRDA:358,22,1,0
BRDA:362,23,0,0
BRDA:362,23,1,0
BRDA:366,24,0,0
BRDA:366,24,1,0
BRDA:374,25,0,0
BRDA:374,25,1,0
BRDA:374,26,0,0
BRDA:374,26,1,0
BRDA:418,27,0,0
BRDA:418,27,1,0
BRDA:436,28,0,0
BRDA:436,28,1,0
BRDA:450,29,0,0
BRDA:450,29,1,0
BRDA:455,30,0,0
BRDA:455,30,1,0
BRDA:462,31,0,0
BRDA:462,31,1,0
BRDA:469,32,0,0
BRDA:469,32,1,0
BRDA:475,33,0,0
BRDA:475,33,1,0
BRDA:476,34,0,0
BRDA:476,34,1,0
BRDA:477,35,0,0
BRDA:477,35,1,0
BRDA:488,36,0,0
BRDA:488,36,1,0
BRDA:493,37,0,0
BRDA:493,37,1,0
BRDA:500,38,0,0
BRDA:500,38,1,0
BRDA:507,39,0,0
BRDA:507,39,1,0
BRDA:535,40,0,0
BRDA:535,40,1,0
BRDA:536,41,0,0
BRDA:536,41,1,0
BRDA:549,42,0,0
BRDA:551,43,0,0
BRDA:551,43,1,0
BRDA:554,44,0,0
BRDA:554,44,1,0
BRDA:568,45,0,0
BRDA:568,45,1,0
BRDA:568,46,0,0
BRDA:568,46,1,0
BRDA:573,47,0,0
BRDA:573,47,1,0
BRDA:573,48,0,0
BRDA:573,48,1,0
BRDA:583,49,0,0
BRDA:583,49,1,0
BRDA:583,50,0,0
BRDA:583,50,1,0
BRDA:588,51,0,0
BRDA:588,51,1,0
BRDA:595,52,0,0
BRDA:595,52,1,0
BRDA:616,53,0,0
BRDA:616,53,1,0
BRDA:618,54,0,0
BRDA:618,54,1,0
BRDA:634,55,0,0
BRDA:634,55,1,0
BRDA:635,56,0,0
BRDA:635,56,1,0
BRDA:636,57,0,0
BRDA:636,57,1,0
BRDA:639,58,0,0
BRDA:639,58,1,0
BRDA:640,59,0,0
BRDA:640,59,1,0
BRDA:641,60,0,0
BRDA:641,60,1,0
BRDA:644,61,0,0
BRDA:644,61,1,0
BRDA:672,62,0,0
BRDA:672,62,1,0
BRF:123
BRH:0
end_of_record
TN:
SF:src/services/nlp/sentiment-analysis.js
FN:20,(anonymous_0)
FN:106,(anonymous_1)
FN:187,(anonymous_2)
FN:238,(anonymous_3)
FN:257,(anonymous_4)
FN:258,(anonymous_5)
FN:259,(anonymous_6)
FN:292,(anonymous_7)
FN:309,(anonymous_8)
FN:332,(anonymous_9)
FN:405,(anonymous_10)
FN:407,(anonymous_11)
FN:414,(anonymous_12)
FN:415,(anonymous_13)
FN:416,(anonymous_14)
FN:463,(anonymous_15)
FN:529,(anonymous_16)
FN:534,(anonymous_17)
FN:570,(anonymous_18)
FN:603,(anonymous_19)
FN:657,(anonymous_20)
FN:689,(anonymous_21)
FN:727,(anonymous_22)
FN:765,(anonymous_23)
FN:801,(anonymous_24)
FN:836,(anonymous_25)
FN:871,(anonymous_26)
FN:905,(anonymous_27)
FN:937,(anonymous_28)
FN:969,(anonymous_29)
FN:1001,(anonymous_30)
FN:1037,(anonymous_31)
FNF:32
FNH:0
FNDA:0,(anonymous_0)
FNDA:0,(anonymous_1)
FNDA:0,(anonymous_2)
FNDA:0,(anonymous_3)
FNDA:0,(anonymous_4)
FNDA:0,(anonymous_5)
FNDA:0,(anonymous_6)
FNDA:0,(anonymous_7)
FNDA:0,(anonymous_8)
FNDA:0,(anonymous_9)
FNDA:0,(anonymous_10)
FNDA:0,(anonymous_11)
FNDA:0,(anonymous_12)
FNDA:0,(anonymous_13)
FNDA:0,(anonymous_14)
FNDA:0,(anonymous_15)
FNDA:0,(anonymous_16)
FNDA:0,(anonymous_17)
FNDA:0,(anonymous_18)
FNDA:0,(anonymous_19)
FNDA:0,(anonymous_20)
FNDA:0,(anonymous_21)
FNDA:0,(anonymous_22)
FNDA:0,(anonymous_23)
FNDA:0,(anonymous_24)
FNDA:0,(anonymous_25)
FNDA:0,(anonymous_26)
FNDA:0,(anonymous_27)
FNDA:0,(anonymous_28)
FNDA:0,(anonymous_29)
FNDA:0,(anonymous_30)
FNDA:0,(anonymous_31)
DA:22,0
DA:32,0
DA:39,0
DA:47,0
DA:56,0
DA:63,0
DA:69,0
DA:91,0
DA:107,0
DA:109,0
DA:110,0
DA:111,0
DA:130,0
DA:132,0
DA:133,0
DA:134,0
DA:153,0
DA:155,0
DA:158,0
DA:160,0
DA:161,0
DA:189,0
DA:190,0
DA:209,0
DA:210,0
DA:211,0
DA:212,0
DA:215,0
DA:216,0
DA:219,0
DA:222,0
DA:223,0
DA:226,0
DA:229,0
DA:230,0
DA:231,0
DA:232,0
DA:233,0
DA:234,0
DA:237,0
DA:238,0
DA:239,0
DA:243,0
DA:244,0
DA:247,0
DA:249,0
DA:250,0
DA:252,0
DA:253,0
DA:254,0
DA:257,0
DA:258,0
DA:259,0
DA:262,0
DA:263,0
DA:266,0
DA:267,0
DA:270,0
DA:271,0
DA:272,0
DA:276,0
DA:277,0
DA:278,0
DA:282,0
DA:283,0
DA:286,0
DA:289,0
DA:290,0
DA:292,0
DA:295,0
DA:296,0
DA:298,0
DA:299,0
DA:301,0
DA:307,0
DA:309,0
DA:312,0
DA:314,0
DA:318,0
DA:319,0
DA:321,0
DA:322,0
DA:324,0
DA:325,0
DA:326,0
DA:327,0
DA:331,0
DA:332,0
DA:333,0
DA:334,0
DA:340,0
DA:341,0
DA:346,0
DA:349,0
DA:350,0
DA:352,0
DA:353,0
DA:354,0
DA:355,0
DA:356,0
DA:357,0
DA:361,0
DA:373,0
DA:376,0
DA:377,0
DA:378,0
DA:380,0
DA:381,0
DA:382,0
DA:385,0
DA:386,0
DA:387,0
DA:388,0
DA:391,0
DA:392,0
DA:393,0
DA:396,0
[...]
FN:546,(anonymous_16)
FN:556,(anonymous_17)
FN:570,(anonymous_18)
FN:580,(anonymous_19)
FN:594,(anonymous_20)
FN:615,(anonymous_21)
FN:636,(anonymous_22)
FN:646,(anonymous_23)
FN:656,(anonymous_24)
FN:666,(anonymous_25)
FN:676,(anonymous_26)
FN:686,(anonymous_27)
FN:696,(anonymous_28)
FN:706,(anonymous_29)
FN:720,(anonymous_30)
FN:733,(anonymous_31)
FN:769,(anonymous_32)
FN:790,(anonymous_33)
FN:803,(anonymous_34)
FN:813,(anonymous_35)
FN:840,(anonymous_36)
FN:857,(anonymous_37)
FNF:38
FNH:0
FNDA:0,(anonymous_0)
FNDA:0,(anonymous_1)
FNDA:0,(anonymous_2)
FNDA:0,(anonymous_3)
FNDA:0,(anonymous_4)
FNDA:0,(anonymous_5)
FNDA:0,(anonymous_6)
FNDA:0,(anonymous_7)
FNDA:0,(anonymous_8)
FNDA:0,(anonymous_9)
FNDA:0,(anonymous_10)
FNDA:0,(anonymous_11)
FNDA:0,(anonymous_12)
FNDA:0,(anonymous_13)
FNDA:0,(anonymous_14)
FNDA:0,(anonymous_15)
FNDA:0,(anonymous_16)
FNDA:0,(anonymous_17)
FNDA:0,(anonymous_18)
FNDA:0,(anonymous_19)
FNDA:0,(anonymous_20)
FNDA:0,(anonymous_21)
FNDA:0,(anonymous_22)
FNDA:0,(anonymous_23)
FNDA:0,(anonymous_24)
FNDA:0,(anonymous_25)
FNDA:0,(anonymous_26)
FNDA:0,(anonymous_27)
FNDA:0,(anonymous_28)
FNDA:0,(anonymous_29)
FNDA:0,(anonymous_30)
FNDA:0,(anonymous_31)
FNDA:0,(anonymous_32)
FNDA:0,(anonymous_33)
FNDA:0,(anonymous_34)
FNDA:0,(anonymous_35)
FNDA:0,(anonymous_36)
FNDA:0,(anonymous_37)
DA:9,0
DA:10,0
DA:11,0
DA:12,0
DA:19,0
DA:20,0
DA:21,0
DA:32,0
DA:34,0
DA:36,0
DA:37,0
DA:41,0
DA:64,0
DA:67,0
DA:78,0
DA:80,0
DA:81,0
DA:93,0
DA:95,0
DA:97,0
DA:98,0
DA:102,0
DA:129,0
DA:132,0
DA:143,0
DA:145,0
DA:146,0
DA:158,0
DA:160,0
DA:162,0
DA:163,0
DA:167,0
DA:189,0
DA:192,0
DA:203,0
DA:205,0
DA:206,0
DA:217,0
DA:218,0
DA:221,0
DA:223,0
DA:224,0
DA:227,0
DA:231,0
DA:232,0
DA:236,0
DA:238,0
DA:240,0
DA:241,0
DA:243,0
DA:244,0
DA:246,0
DA:249,0
DA:251,0
DA:262,0
DA:263,0
DA:264,0
DA:268,0
DA:280,0
DA:282,0
DA:283,0
DA:293,0
DA:294,0
DA:295,0
DA:299,0
DA:318,0
DA:320,0
DA:321,0
DA:331,0
DA:332,0
DA:333,0
DA:337,0
DA:347,0
DA:349,0
DA:350,0
DA:361,0
DA:362,0
DA:365,0
DA:368,0
DA:369,0
DA:370,0
DA:371,0
DA:372,0
DA:373,0
DA:375,0
DA:378,0
DA:385,0
DA:386,0
DA:388,0
DA:396,0
DA:398,0
DA:399,0
DA:412,0
DA:413,0
DA:416,0
DA:419,0
DA:423,0
DA:424,0
DA:425,0
DA:428,0
DA:441,0
DA:442,0
DA:447,0
DA:448,0
DA:449,0
DA:451,0
DA:452,0
DA:456,0
DA:459,0
DA:460,0
DA:461,0
DA:462,0
DA:465,0
DA:478,0
DA:487,0
DA:488,0
DA:489,0
DA:490,0
DA:492,0
DA:493,0
DA:496,0
DA:498,0
DA:509,0
DA:538,0
DA:548,0
DA:558,0
DA:572,0
DA:582,0
DA:595,0
DA:596,0
DA:597,0
DA:598,0
DA:600,0
DA:601,0
DA:604,0
DA:606,0
DA:616,0
DA:617,0
DA:618,0
DA:619,0
DA:621,0
DA:622,0
DA:625,0
DA:627,0
DA:638,0
DA:648,0
DA:658,0
DA:668,0
DA:678,0
DA:688,0
DA:698,0
DA:708,0
DA:722,0
DA:735,0
DA:770,0
DA:771,0
DA:772,0
DA:773,0
DA:775,0
DA:776,0
DA:779,0
DA:781,0
DA:792,0
DA:805,0
DA:815,0
DA:842,0
DA:851,0
DA:857,0
DA:858,0
DA:859,0
DA:861,0
DA:864,0
LF:172
LH:0
BRDA:31,0,0,0
BRDA:36,1,0,0
BRDA:36,1,1,0
BRDA:75,2,0,0
BRDA:75,2,1,0
BRDA:92,3,0,0
BRDA:97,4,0,0
BRDA:97,4,1,0
BRDA:140,5,0,0
BRDA:140,5,1,0
BRDA:157,6,0,0
BRDA:162,7,0,0
BRDA:162,7,1,0
BRDA:200,8,0,0
BRDA:200,8,1,0
BRDA:216,9,0,0
BRDA:217,10,0,0
BRDA:217,10,1,0
BRDA:217,11,0,0
BRDA:217,11,1,0
BRDA:227,12,0,0
BRDA:227,12,1,0
BRDA:227,12,2,0
BRDA:231,13,0,0
BRDA:231,13,1,0
BRDA:238,14,0,0
BRDA:238,14,1,0
BRDA:241,15,0,0
BRDA:241,15,1,0
BRDA:244,16,0,0
BRDA:244,16,1,0
BRDA:263,17,0,0
BRDA:263,17,1,0
BRDA:263,18,0,0
BRDA:263,18,1,0
BRDA:294,19,0,0
BRDA:294,19,1,0
BRDA:294,20,0,0
BRDA:294,20,1,0
BRDA:332,21,0,0
BRDA:332,21,1,0
BRDA:332,22,0,0
BRDA:332,22,1,0
BRDA:368,23,0,0
BRDA:368,23,1,0
BRDA:370,24,0,0
BRDA:370,24,1,0
BRDA:372,25,0,0
BRDA:372,25,1,0
BRDA:411,26,0,0
BRDA:411,27,0,0
BRDA:411,28,0,0
BRDA:416,29,0,0
BRDA:416,29,1,0
BRDA:440,30,0,0
BRDA:440,31,0,0
BRDA:440,32,0,0
BRDA:440,33,0,0
BRDA:442,34,0,0
BRDA:442,34,1,0
BRDA:451,35,0,0
BRDA:451,35,1,0
BRDA:492,36,0,0
BRDA:492,36,1,0
BRDA:492,37,0,0
BRDA:492,37,1,0
BRDA:600,38,0,0
BRDA:600,38,1,0
BRDA:600,39,0,0
BRDA:600,39,1,0
BRDA:621,40,0,0
BRDA:621,40,1,0
BRDA:621,41,0,0
BRDA:621,41,1,0
BRDA:775,42,0,0
BRDA:775,42,1,0
BRDA:775,43,0,0
BRDA:775,43,1,0
BRDA:858,44,0,0
BRDA:858,44,1,0
BRF:80
BRH:0
end_of_record
TN:
SF:src/services/scraping/platforms/tiktok.js
FN:16,(anonymous_0)
FN:29,(anonymous_1)
FN:89,(anonymous_2)
FN:151,(anonymous_3)
FN:213,(anonymous_4)
FN:218,(anonymous_5)
FN:257,(anonymous_6)
FN:301,(anonymous_7)
FN:345,(anonymous_8)
FN:385,(anonymous_9)
FN:408,(anonymous_10)
FN:431,(anonymous_11)
FN:454,(anonymous_12)
FN:522,(anonymous_13)
FN:539,(anonymous_14)
FN:562,(anonymous_15)
FN:601,(anonymous_16)
FN:654,(anonymous_17)
FN:671,(anonymous_18)
FN:684,(anonymous_19)
FN:703,(anonymous_20)
FNF:21
FNH:0
FNDA:0,(anonymous_0)
FNDA:0,(anonymous_1)
FNDA:0,(anonymous_2)
FNDA:0,(anonymous_3)
FNDA:0,(anonymous_4)
FNDA:0,(anonymous_5)
FNDA:0,(anonymous_6)
FNDA:0,(anonymous_7)
FNDA:0,(anonymous_8)
FNDA:0,(anonymous_9)
FNDA:0,(anonymous_10)
FNDA:0,(anonymous_11)
FNDA:0,(anonymous_12)
FNDA:0,(anonymous_13)
FNDA:0,(anonymous_14)
FNDA:0,(anonymous_15)
FNDA:0,(anonymous_16)
FNDA:0,(anonymous_17)
FNDA:0,(anonymous_18)
FNDA:0,(anonymous_19)
FNDA:0,(anonymous_20)
DA:9,0
DA:10,0
DA:17,0
DA:18,0
DA:19,0
DA:30,0
DA:32,0
DA:34,0
DA:35,0
DA:39,0
DA:61,0
DA:64,0
DA:75,0
DA:77,0
DA:78,0
DA:90,0
DA:92,0
DA:94,0
DA:95,0
DA:99,0
DA:123,0
DA:126,0
DA:137,0
DA:139,0
DA:140,0
DA:152,0
DA:154,0
DA:156,0
DA:157,0
DA:161,0
DA:186,0
DA:189,0
DA:200,0
DA:202,0
DA:203,0
DA:214,0
DA:215,0
DA:218,0
DA:219,0
DA:221,0
DA:224,0
DA:228,0
DA:229,0
DA:233,0
DA:235,0
DA:237,0
DA:240,0
DA:242,0
DA:244,0
DA:247,0
DA:258,0
DA:259,0
DA:261,0
DA:262,0
DA:266,0
DA:269,0
DA:272,0
DA:275,0
DA:277,0
DA:287,0
DA:288,0
DA:302,0
DA:303,0
DA:305,0
DA:306,0
DA:310,0
DA:313,0
DA:316,0
DA:319,0
DA:321,0
DA:331,0
DA:332,0
DA:346,0
DA:347,0
DA:349,0
DA:350,0
DA:354,0
DA:357,0
DA:360,0
DA:362,0
DA:371,0
DA:372,0
DA:386,0
DA:387,0
DA:388,0
DA:391,0
DA:393,0
DA:394,0
DA:397,0
DA:399,0
DA:409,0
DA:410,0
DA:411,0
DA:414,0
DA:416,0
DA:417,0
DA:420,0
DA:422,0
DA:432,0
DA:433,0
DA:434,0
DA:437,0
DA:439,0
DA:440,0
DA:443,0
DA:445,0
DA:459,0
DA:527,0
DA:544,0
DA:567,0
DA:606,0
DA:659,0
DA:673,0
DA:676,0
DA:685,0
DA:687,0
DA:688,0
DA:689,0
DA:692,0
DA:697,0
DA:703,0
DA:704,0
DA:705,0
DA:707,0
DA:710,0
LF:125
LH:0
BRDA:29,0,0,0
BRDA:34,1,0,0
BRDA:34,1,1,0
BRDA:41,2,0,0
BRDA:41,2,1,0
BRDA:72,3,0,0
BRDA:72,3,1,0
BRDA:89,4,0,0
BRDA:94,5,0,0
BRDA:94,5,1,0
BRDA:101,6,0,0
BRDA:101,6,1,0
BRDA:134,7,0,0
BRDA:134,7,1,0
BRDA:151,8,0,0
BRDA:156,9,0,0
BRDA:156,9,1,0
BRDA:163,10,0,0
BRDA:163,10,1,0
BRDA:197,11,0,0
BRDA:197,11,1,0
BRDA:213,12,0,0
BRDA:214,13,0,0
BRDA:214,13,1,0
BRDA:224,14,0,0
BRDA:224,14,1,0
BRDA:224,14,2,0
BRDA:228,15,0,0
BRDA:228,15,1,0
BRDA:235,16,0,0
BRDA:235,16,1,0
BRDA:235,16,2,0
BRDA:235,16,3,0
BRDA:237,17,0,0
BRDA:237,17,1,0
BRDA:240,18,0,0
BRDA:240,18,1,0
BRDA:261,19,0,0
BRDA:261,19,1,0
BRDA:305,20,0,0
BRDA:305,20,1,0
BRDA:349,21,0,0
BRDA:349,21,1,0
BRDA:393,22,0,0
BRDA:393,22,1,0
BRDA:393,23,0,0
BRDA:393,23,1,0
BRDA:416,24,0,0
BRDA:416,24,1,0
BRDA:416,25,0,0
BRDA:416,25,1,0
BRDA:439,26,0,0
BRDA:439,26,1,0
BRDA:439,27,0,0
BRDA:439,27,1,0
BRDA:704,28,0,0
BRDA:704,28,1,0
BRF:57
BRH:0
end_of_record
TN:
SF:src/services/scraping/platforms/trustpilot.js
FN:16,(anonymous_0)
FN:29,(anonymous_1)
FN:90,(anonymous_2)
FN:157,(anonymous_3)
FN:180,(anonymous_4)
FN:185,(anonymous_5)
FN:222,(anonymous_6)
FN:261,(anonymous_7)
FN:311,(anonymous_8)
FN:334,(anonymous_9)
FN:371,(anonymous_10)
FN:408,(anonymous_11)
FN:434,(anonymous_12)
FN:451,(anonymous_13)
FN:465,(anonymous_14)
FN:478,(anonymous_15)
FN:501,(anonymous_16)
FN:520,(anonymous_17)
FN:585,(anonymous_18)
FN:608,(anonymous_19)
FNF:20
FNH:0
FNDA:0,(anonymous_0)
FNDA:0,(anonymous_1)
FNDA:0,(anonymous_2)
FNDA:0,(anonymous_3)
FNDA:0,(anonymous_4)
FNDA:0,(anonymous_5)
FNDA:0,(anonymous_6)
FNDA:0,(anonymous_7)
FNDA:0,(anonymous_8)
FNDA:0,(anonymous_9)
FNDA:0,(anonymous_10)
FNDA:0,(anonymous_11)
FNDA:0,(anonymous_12)
FNDA:0,(anonymous_13)
FNDA:0,(anonymous_14)
FNDA:0,(anonymous_15)
FNDA:0,(anonymous_16)
FNDA:0,(anonymous_17)
FNDA:0,(anonymous_18)
FNDA:0,(anonymous_19)
DA:9,0
DA:10,0
DA:17,0
DA:18,0
DA:19,0
DA:30,0
DA:32,0
DA:34,0
DA:35,0
DA:39,0
DA:62,0
DA:65,0
DA:76,0
DA:78,0
DA:79,0
DA:91,0
DA:93,0
DA:95,0
DA:96,0
DA:100,0
DA:128,0
DA:131,0
DA:142,0
DA:144,0
DA:145,0
DA:158,0
DA:159,0
DA:160,0
DA:164,0
DA:167,0
DA:169,0
DA:170,0
DA:181,0
DA:182,0
DA:185,0
DA:186,0
DA:188,0
DA:191,0
DA:194,0
DA:195,0
DA:199,0
DA:201,0
DA:204,0
DA:207,0
DA:209,0
DA:212,0
DA:223,0
DA:224,0
DA:226,0
DA:227,0
DA:231,0
DA:234,0
DA:237,0
DA:239,0
DA:247,0
DA:248,0
DA:262,0
DA:263,0
DA:265,0
DA:266,0
DA:270,0
DA:273,0
DA:274,0
DA:277,0
DA:280,0
DA:283,0
DA:285,0
DA:297,0
DA:298,0
DA:312,0
DA:313,0
DA:314,0
DA:317,0
DA:319,0
DA:320,0
DA:323,0
DA:325,0
DA:335,0
DA:336,0
DA:337,0
DA:339,0
DA:342,0
DA:343,0
DA:344,0
DA:348,0
DA:349,0
DA:350,0
DA:354,0
DA:355,0
DA:356,0
DA:359,0
DA:361,0
DA:373,0
DA:376,0
DA:379,0
DA:380,0
DA:384,0
DA:385,0
DA:389,0
DA:390,0
DA:394,0
DA:395,0
DA:398,0
DA:409,0
DA:412,0
DA:415,0
DA:418,0
DA:420,0
DA:421,0
DA:424,0
DA:435,0
DA:437,0
DA:438,0
DA:439,0
DA:442,0
DA:456,0
DA:470,0
DA:483,0
DA:506,0
DA:525,0
DA:590,0
DA:602,0
DA:608,0
DA:609,0
DA:610,0
DA:612,0
DA:615,0
LF:127
LH:0
BRDA:29,0,0,0
BRDA:34,1,0,0
BRDA:34,1,1,0
BRDA:41,2,0,0
BRDA:41,2,1,0
BRDA:73,3,0,0
BRDA:73,3,1,0
BRDA:90,4,0,0
BRDA:95,5,0,0
BRDA:95,5,1,0
BRDA:102,6,0,0
BRDA:102,6,1,0
BRDA:139,7,0,0
BRDA:139,7,1,0
BRDA:157,8,0,0
BRDA:157,9,0,0
BRDA:159,10,0,0
BRDA:159,10,1,0
BRDA:180,11,0,0
BRDA:181,12,0,0
BRDA:181,12,1,0
BRDA:191,13,0,0
BRDA:191,13,1,0
BRDA:194,14,0,0
BRDA:194,14,1,0
BRDA:201,15,0,0
BRDA:201,15,1,0
BRDA:201,15,2,0
BRDA:204,16,0,0
BRDA:204,16,1,0
BRDA:226,17,0,0
BRDA:226,17,1,0
BRDA:265,18,0,0
BRDA:265,18,1,0
BRDA:319,19,0,0
BRDA:319,19,1,0
BRDA:319,20,0,0
BRDA:319,20,1,0
BRDA:343,21,0,0
BRDA:343,21,1,0
BRDA:349,22,0,0
BRDA:349,22,1,0
BRDA:355,23,0,0
BRDA:355,23,1,0
BRDA:371,24,0,0
BRDA:379,25,0,0
BRDA:379,25,1,0
BRDA:379,26,0,0
BRDA:379,26,1,0
BRDA:379,26,2,0
BRDA:384,27,0,0
BRDA:384,27,1,0
BRDA:384,28,0,0
BRDA:384,28,1,0
BRDA:384,28,2,0
BRDA:389,29,0,0
BRDA:389,29,1,0
BRDA:394,30,0,0
BRDA:394,30,1,0
BRDA:408,31,0,0
BRDA:408,32,0,0
BRDA:420,33,0,0
BRDA:420,33,1,0
BRDA:434,34,0,0
BRDA:434,35,0,0
BRDA:609,36,0,0
BRDA:609,36,1,0
BRF:67
BRH:0
end_of_record
TN:
SF:src/utils/storage.js
FN:18,(anonymous_0)
FN:29,(anonymous_1)
FN:43,(anonymous_2)
FN:72,(anonymous_3)
FN:100,(anonymous_4)
FN:123,(anonymous_5)
FN:148,(anonymous_6)
FN:172,(anonymous_7)
FN:196,(anonymous_8)
FN:219,(anonymous_9)
FN:242,(anonymous_10)
FN:266,(anonymous_11)
FN:290,(anonymous_12)
FN:300,(anonymous_13)
FN:314,(anonymous_14)
FN:324,(anonymous_15)
FN:343,(anonymous_16)
FN:379,(anonymous_17)
FN:415,(anonymous_18)
FN:451,(anonymous_19)
FN:484,(anonymous_20)
FN:506,(anonymous_21)
FN:528,(anonymous_22)
FN:549,(anonymous_23)
FNF:24
FNH:0
FNDA:0,(anonymous_0)
FNDA:0,(anonymous_1)
FNDA:0,(anonymous_2)
FNDA:0,(anonymous_3)
FNDA:0,(anonymous_4)
FNDA:0,(anonymous_5)
FNDA:0,(anonymous_6)
FNDA:0,(anonymous_7)
FNDA:0,(anonymous_8)
FNDA:0,(anonymous_9)
FNDA:0,(anonymous_10)
FNDA:0,(anonymous_11)
FNDA:0,(anonymous_12)
FNDA:0,(anonymous_13)
FNDA:0,(anonymous_14)
FNDA:0,(anonymous_15)
FNDA:0,(anonymous_16)
FNDA:0,(anonymous_17)
FNDA:0,(anonymous_18)
FNDA:0,(anonymous_19)
FNDA:0,(anonymous_20)
FNDA:0,(anonymous_21)
FNDA:0,(anonymous_22)
FNDA:0,(anonymous_23)
DA:8,0
DA:18,0
DA:19,0
DA:29,0
DA:30,0
DA:43,0
DA:44,0
DA:45,0
DA:47,0
DA:55,0
DA:56,0
DA:58,0
DA:59,0
DA:72,0
DA:73,0
DA:74,0
DA:76,0
DA:84,0
DA:85,0
DA:87,0
DA:88,0
DA:100,0
DA:101,0
DA:102,0
DA:104,0
DA:108,0
DA:109,0
DA:111,0
DA:112,0
DA:123,0
DA:124,0
DA:125,0
DA:127,0
DA:131,0
DA:132,0
DA:134,0
DA:135,0
DA:148,0
DA:149,0
DA:150,0
DA:152,0
DA:156,0
DA:157,0
DA:159,0
DA:160,0
DA:172,0
DA:173,0
DA:174,0
DA:176,0
DA:180,0
DA:181,0
DA:183,0
DA:184,0
DA:196,0
DA:197,0
DA:198,0
DA:200,0
DA:204,0
DA:205,0
DA:207,0
DA:208,0
DA:219,0
DA:220,0
DA:221,0
DA:223,0
DA:227,0
DA:228,0
DA:230,0
DA:231,0
DA:242,0
DA:243,0
DA:244,0
DA:248,0
DA:252,0
DA:253,0
DA:255,0
DA:256,0
DA:266,0
DA:267,0
DA:268,0
DA:270,0
DA:274,0
DA:275,0
DA:277,0
DA:278,0
DA:290,0
DA:291,0
DA:293,0
DA:295,0
DA:296,0
DA:299,0
DA:300,0
DA:302,0
DA:303,0
DA:314,0
DA:315,0
DA:317,0
DA:319,0
DA:320,0
DA:323,0
DA:324,0
DA:326,0
DA:327,0
DA:343,0
DA:353,0
DA:354,0
DA:355,0
DA:357,0
DA:361,0
DA:362,0
DA:364,0
DA:365,0
DA:379,0
DA:387,0
DA:388,0
DA:389,0
DA:391,0
DA:395,0
DA:396,0
DA:398,0
DA:399,0
DA:415,0
DA:425,0
DA:426,0
DA:427,0
DA:429,0
DA:433,0
DA:434,0
DA:436,0
DA:437,0
DA:451,0
DA:459,0
DA:460,0
DA:461,0
DA:463,0
DA:467,0
DA:468,0
DA:470,0
DA:471,0
DA:484,0
DA:485,0
DA:486,0
DA:487,0
DA:489,0
DA:493,0
DA:494,0
DA:506,0
DA:507,0
DA:508,0
DA:509,0
DA:511,0
DA:515,0
DA:516,0
DA:528,0
DA:529,0
DA:530,0
DA:532,0
DA:534,0
DA:535,0
DA:537,0
DA:538,0
DA:549,0
DA:550,0
DA:551,0
DA:553,0
DA:555,0
DA:556,0
DA:558,0
DA:559,0
DA:563,0
LF:170
LH:0
BRDA:43,0,0,0
BRDA:55,1,0,0
BRDA:55,1,1,0
BRDA:72,2,0,0
BRDA:84,3,0,0
BRDA:84,3,1,0
BRDA:108,4,0,0
BRDA:108,4,1,0
BRDA:131,5,0,0
BRDA:131,5,1,0
BRDA:148,6,0,0
BRDA:156,7,0,0
BRDA:156,7,1,0
BRDA:172,8,0,0
BRDA:180,9,0,0
BRDA:180,9,1,0
BRDA:204,10,0,0
BRDA:204,10,1,0
BRDA:227,11,0,0
BRDA:227,11,1,0
BRDA:242,12,0,0
BRDA:244,13,0,0
BRDA:244,13,1,0
BRDA:252,14,0,0
BRDA:252,14,1,0
BRDA:274,15,0,0
BRDA:274,15,1,0
BRDA:295,16,0,0
BRDA:295,16,1,0
BRDA:295,17,0,0
BRDA:295,17,1,0
BRDA:319,18,0,0
BRDA:319,18,1,0
BRDA:319,19,0,0
BRDA:319,19,1,0
BRDA:361,20,0,0
BRDA:361,20,1,0
BRDA:395,21,0,0
BRDA:395,21,1,0
BRDA:433,22,0,0
BRDA:433,22,1,0
BRDA:467,23,0,0
BRDA:467,23,1,0
BRDA:532,24,0,0
BRDA:532,24,1,0
BRDA:553,25,0,0
BRDA:553,25,1,0
BRF:47
BRH:0
end_of_record
TN:
SF:src/utils/supabase.js
FN:19,(anonymous_0)
FN:30,(anonymous_1)
FN:43,(anonymous_2)
FN:65,(anonymous_3)
FN:70,(anonymous_4)
FN:71,(anonymous_5)
FN:72,(anonymous_6)
FN:73,(anonymous_7)
FN:74,(anonymous_8)
FN:75,(anonymous_9)
FN:76,(anonymous_10)
FN:78,(anonymous_11)
FN:79,(anonymous_12)
FN:80,(anonymous_13)
FN:81,(anonymous_14)
FN:82,(anonymous_15)
FN:83,(anonymous_16)
FN:85,(anonymous_17)
FN:86,(anonymous_18)
FN:88,(anonymous_19)
FN:88,(anonymous_20)
FN:89,(anonymous_21)
FN:89,(anonymous_22)
FN:89,(anonymous_23)
FN:90,(anonymous_24)
FN:90,(anonymous_25)
FN:93,(anonymous_26)
FN:94,(anonymous_27)
FN:95,(anonymous_28)
FN:96,(anonymous_29)
FN:97,(anonymous_30)
FN:98,(anonymous_31)
FN:99,(anonymous_32)
FN:122,(anonymous_33)
FN:133,(anonymous_34)
FN:141,(anonymous_35)
FN:157,(anonymous_36)
FN:172,(anonymous_37)
FN:181,(anonymous_38)
FN:192,(anonymous_39)
FN:211,(anonymous_40)
FN:234,(anonymous_41)
FN:246,(anonymous_42)
FN:262,(anonymous_43)
FN:279,(anonymous_44)
FN:296,(anonymous_45)
FN:316,(anonymous_46)
FN:332,(anonymous_47)
FN:348,(anonymous_48)
FN:366,(anonymous_49)
FN:389,(anonymous_50)
FN:410,(anonymous_51)
FN:439,(anonymous_52)
FN:455,(anonymous_53)
FN:471,(anonymous_54)
FN:487,(anonymous_55)
FN:507,(anonymous_56)
FN:528,(anonymous_57)
FN:557,(anonymous_58)
FN:573,(anonymous_59)
FN:590,(anonymous_60)
FN:610,(anonymous_61)
FN:633,(anonymous_62)
FN:652,(anonymous_63)
FN:667,(anonymous_64)
FN:682,(anonymous_65)
FN:697,(anonymous_66)
FN:712,(anonymous_67)
FN:726,(anonymous_68)
FNF:69
FNH:0
FNDA:0,(anonymous_0)
FNDA:0,(anonymous_1)
FNDA:0,(anonymous_2)
FNDA:0,(anonymous_3)
FNDA:0,(anonymous_4)
FNDA:0,(anonymous_5)
FNDA:0,(anonymous_6)
FNDA:0,(anonymous_7)
FNDA:0,(anonymous_8)
FNDA:0,(anonymous_9)
FNDA:0,(anonymous_10)
FNDA:0,(anonymous_11)
FNDA:0,(anonymous_12)
FNDA:0,(anonymous_13)
FNDA:0,(anonymous_14)
FNDA:0,(anonymous_15)
FNDA:0,(anonymous_16)
FNDA:0,(anonymous_17)
FNDA:0,(anonymous_18)
FNDA:0,(anonymous_19)
FNDA:0,(anonymous_20)
FNDA:0,(anonymous_21)
FNDA:0,(anonymous_22)
FNDA:0,(anonymous_23)
FNDA:0,(anonymous_24)
FNDA:0,(anonymous_25)
FNDA:0,(anonymous_26)
FNDA:0,(anonymous_27)
FNDA:0,(anonymous_28)
FNDA:0,(anonymous_29)
FNDA:0,(anonymous_30)
FNDA:0,(anonymous_31)
FNDA:0,(anonymous_32)
FNDA:0,(anonymous_33)
FNDA:0,(anonymous_34)
FNDA:0,(anonymous_35)
FNDA:0,(anonymous_36)
FNDA:0,(anonymous_37)
FNDA:0,(anonymous_38)
FNDA:0,(anonymous_39)
FNDA:0,(anonymous_40)
FNDA:0,(anonymous_41)
FNDA:0,(anonymous_42)
FNDA:0,(anonymous_43)
FNDA:0,(anonymous_44)
FNDA:0,(anonymous_45)
FNDA:0,(anonymous_46)
FNDA:0,(anonymous_47)
FNDA:0,(anonymous_48)
FNDA:0,(anonymous_49)
FNDA:0,(anonymous_50)
FNDA:0,(anonymous_51)
FNDA:0,(anonymous_52)
FNDA:0,(anonymous_53)
FNDA:0,(anonymous_54)
FNDA:0,(anonymous_55)
FNDA:0,(anonymous_56)
FNDA:0,(anonymous_57)
FNDA:0,(anonymous_58)
FNDA:0,(anonymous_59)
FNDA:0,(anonymous_60)
FNDA:0,(anonymous_61)
FNDA:0,(anonymous_62)
FNDA:0,(anonymous_63)
FNDA:0,(anonymous_64)
FNDA:0,(anonymous_65)
FNDA:0,(anonymous_66)
FNDA:0,(anonymous_67)
FNDA:0,(anonymous_68)
DA:11,0
DA:12,0
DA:15,0
DA:19,0
DA:20,0
DA:21,0
DA:25,0
DA:30,0
DA:31,0
DA:33,0
DA:34,0
DA:37,0
DA:39,0
DA:43,0
DA:44,0
DA:45,0
DA:47,0
DA:49,0
DA:52,0
DA:57,0
DA:58,0
DA:62,0
DA:65,0
DA:66,0
DA:68,0
DA:70,0
DA:71,0
DA:72,0
DA:73,0
DA:74,0
DA:75,0
DA:76,0
DA:78,0
DA:79,0
DA:80,0
DA:81,0
DA:82,0
DA:83,0
DA:85,0
DA:86,0
DA:88,0
DA:89,0
DA:90,0
DA:93,0
DA:94,0
DA:95,0
DA:96,0
DA:97,0
DA:98,0
DA:99,0
DA:106,0
DA:117,0
DA:123,0
DA:124,0
DA:134,0
DA:142,0
DA:158,0
DA:173,0
DA:182,0
DA:193,0
DA:197,0
DA:198,0
DA:200,0
DA:201,0
DA:203,0
DA:212,0
DA:216,0
DA:217,0
DA:219,0
DA:220,0
DA:222,0
DA:229,0
DA:235,0
DA:247,0
DA:253,0
DA:254,0
DA:263,0
DA:269,0
DA:270,0
DA:280,0
DA:287,0
DA:288,0
DA:297,0
DA:302,0
DA:303,0
DA:310,0
DA:317,0
DA:323,0
DA:324,0
DA:333,0
DA:339,0
DA:340,0
DA:349,0
DA:355,0
DA:356,0
DA:367,0
DA:373,0
DA:380,0
DA:381,0
DA:390,0
DA:395,0
DA:396,0
DA:403,0
DA:411,0
DA:413,0
DA:420,0
DA:421,0
DA:424,0
DA:425,0
DA:428,0
DA:430,0
DA:431,0
DA:440,0
DA:446,0
DA:447,0
DA:456,0
DA:462,0
DA:463,0
DA:472,0
DA:478,0
DA:479,0
DA:488,0
DA:498,0
DA:499,0
DA:508,0
DA:513,0
DA:514,0
DA:521,0
DA:529,0
DA:531,0
DA:538,0
DA:539,0
DA:542,0
DA:543,0
DA:546,0
DA:548,0
DA:549,0
DA:558,0
DA:564,0
DA:565,0
DA:574,0
DA:580,0
DA:581,0
DA:591,0
DA:601,0
DA:602,0
DA:611,0
DA:616,0
DA:617,0
DA:624,0
DA:634,0
DA:642,0
DA:643,0
DA:653,0
DA:657,0
DA:668,0
DA:672,0
DA:673,0
DA:683,0
DA:687,0
DA:688,0
DA:698,0
DA:702,0
DA:703,0
DA:713,0
DA:717,0
DA:718,0
DA:726,0
DA:728,0
DA:729,0
DA:730,0
DA:734,0
DA:735,0
DA:737,0
DA:738,0
DA:739,0
DA:743,0
DA:752,0
DA:762,0
LF:179
LH:0
BRDA:21,0,0,0
BRDA:21,0,1,0
BRDA:21,0,2,0
BRDA:21,0,3,0
BRDA:21,0,4,0
BRDA:33,1,0,0
BRDA:33,1,1,0
BRDA:33,2,0,0
BRDA:33,2,1,0
BRDA:33,2,2,0
BRDA:45,3,0,0
BRDA:45,3,1,0
BRDA:45,4,0,0
BRDA:45,4,1,0
BRDA:45,4,2,0
BRDA:57,5,0,0
BRDA:57,5,1,0
BRDA:57,5,2,0
BRDA:58,6,0,0
BRDA:58,6,1,0
BRDA:58,6,2,0
BRDA:62,7,0,0
BRDA:62,7,1,0
BRDA:62,7,2,0
BRDA:62,7,3,0
BRDA:106,8,0,0
BRDA:106,8,1,0
BRDA:106,9,0,0
BRDA:106,9,1,0
BRDA:106,10,0,0
BRDA:106,10,1,0
BRDA:157,11,0,0
BRDA:197,12,0,0
BRDA:197,12,1,0
BRDA:216,13,0,0
BRDA:216,13,1,0
BRDA:234,14,0,0
BRDA:237,15,0,0
BRDA:237,15,1,0
BRDA:238,16,0,0
BRDA:238,16,1,0
BRDA:253,17,0,0
BRDA:253,17,1,0
BRDA:269,18,0,0
BRDA:269,18,1,0
BRDA:287,19,0,0
BRDA:287,19,1,0
BRDA:302,20,0,0
BRDA:302,20,1,0
BRDA:323,21,0,0
BRDA:323,21,1,0
BRDA:339,22,0,0
BRDA:339,22,1,0
BRDA:355,23,0,0
BRDA:355,23,1,0
BRDA:366,24,0,0
BRDA:380,25,0,0
BRDA:380,25,1,0
BRDA:395,26,0,0
BRDA:395,26,1,0
BRDA:410,27,0,0
BRDA:411,28,0,0
BRDA:420,29,0,0
BRDA:420,29,1,0
BRDA:424,30,0,0
BRDA:424,30,1,0
BRDA:430,31,0,0
BRDA:430,31,1,0
BRDA:446,32,0,0
BRDA:446,32,1,0
BRDA:462,33,0,0
BRDA:462,33,1,0
BRDA:478,34,0,0
BRDA:478,34,1,0
BRDA:498,35,0,0
BRDA:498,35,1,0
BRDA:513,36,0,0
BRDA:513,36,1,0
BRDA:528,37,0,0
BRDA:529,38,0,0
BRDA:538,39,0,0
BRDA:538,39,1,0
BRDA:542,40,0,0
BRDA:542,40,1,0
BRDA:548,41,0,0
BRDA:548,41,1,0
BRDA:564,42,0,0
BRDA:564,42,1,0
BRDA:580,43,0,0
BRDA:580,43,1,0
BRDA:601,44,0,0
BRDA:601,44,1,0
BRDA:616,45,0,0
BRDA:616,45,1,0
BRDA:633,46,0,0
BRDA:642,47,0,0
BRDA:642,47,1,0
BRDA:667,48,0,0
BRDA:672,49,0,0
BRDA:672,49,1,0
BRDA:687,50,0,0
BRDA:687,50,1,0
BRDA:702,51,0,0
BRDA:702,51,1,0
BRDA:717,52,0,0
BRDA:717,52,1,0
BRDA:728,53,0,0
BRDA:728,53,1,0
BRDA:737,54,0,0
BRDA:737,54,1,0
BRDA:737,55,0,0
BRDA:737,55,1,0
BRF:112
BRH:0
end_of_record
